CRITICAL - 2023-04-11 11:47:48 --> Invalid file: index.php
in SYSTEMPATH\Exceptions\FrameworkException.php on line 33.
 1 SYSTEMPATH\View\View.php(201): CodeIgniter\Exceptions\FrameworkException::forInvalidFile('FCPATH\\index.php')
 2 SYSTEMPATH\Common.php(1142): CodeIgniter\View\View->render('index', [], true)
 3 APPPATH\Controllers\Home.php(9): view('index')
 4 SYSTEMPATH\CodeIgniter.php(902): App\Controllers\Home->index()
 5 SYSTEMPATH\CodeIgniter.php(457): CodeIgniter\CodeIgniter->runController(Object(App\Controllers\Home))
 6 SYSTEMPATH\CodeIgniter.php(340): CodeIgniter\CodeIgniter->handleRequest(null, Object(Config\Cache), false)
 7 FCPATH\index.php(67): CodeIgniter\CodeIgniter->run()
 8 SYSTEMPATH\Commands\Server\rewrite.php(46): require_once('FCPATH\\index.php')
CRITICAL - 2023-04-11 12:17:29 --> Cannot modify header information - headers already sent
in SYSTEMPATH\HTTP\ResponseTrait.php on line 759.
 1 [internal function]: CodeIgniter\Debug\Exceptions->errorHandler(2, 'Cannot modify header information - headers already sent', 'SYSTEMPATH\\HTTP\\ResponseTrait.php', 759, [...])
 2 SYSTEMPATH\HTTP\ResponseTrait.php(759): setcookie('ci_session', '43g43rdg926us58e9p5mma67c2kr28bu', [...])
 3 SYSTEMPATH\HTTP\ResponseTrait.php(735): CodeIgniter\HTTP\Response->doSetCookie('ci_session', '43g43rdg926us58e9p5mma67c2kr28bu', [...])
 4 SYSTEMPATH\HTTP\ResponseTrait.php(715): CodeIgniter\HTTP\Response->dispatchCookies()
 5 SYSTEMPATH\HTTP\ResponseTrait.php(446): CodeIgniter\HTTP\Response->sendCookies()
 6 SYSTEMPATH\CodeIgniter.php(1080): CodeIgniter\HTTP\Response->send()
 7 SYSTEMPATH\CodeIgniter.php(516): CodeIgniter\CodeIgniter->sendResponse()
 8 SYSTEMPATH\CodeIgniter.php(340): CodeIgniter\CodeIgniter->handleRequest(null, Object(Config\Cache), false)
 9 FCPATH\index.php(67): CodeIgniter\CodeIgniter->run()
10 SYSTEMPATH\Commands\Server\rewrite.php(46): require_once('FCPATH\\index.php')
CRITICAL - 2023-04-11 12:17:29 --> Uncaught ErrorException: Cannot modify header information - headers already sent in E:\ProjetCodphp\AgenceLogement\system\HTTP\ResponseTrait.php:759
Stack trace:
#0 [internal function]: CodeIgniter\Debug\Exceptions->errorHandler(2, 'Cannot modify h...', 'E:\\ProjetCodphp...', 759, Array)
#1 E:\ProjetCodphp\AgenceLogement\system\HTTP\ResponseTrait.php(759): setcookie('ci_session', '43g43rdg926us58...', Array)
#2 E:\ProjetCodphp\AgenceLogement\system\HTTP\ResponseTrait.php(735): CodeIgniter\HTTP\Response->doSetCookie('ci_session', '43g43rdg926us58...', Array)
#3 E:\ProjetCodphp\AgenceLogement\system\HTTP\ResponseTrait.php(715): CodeIgniter\HTTP\Response->dispatchCookies()
#4 E:\ProjetCodphp\AgenceLogement\system\HTTP\ResponseTrait.php(446): CodeIgniter\HTTP\Response->sendCookies()
#5 E:\ProjetCodphp\AgenceLogement\system\Debug\Exceptions.php(132): CodeIgniter\HTTP\Response->send()
#6 [internal function]: CodeIgniter\Debug\Exceptions->exceptionHandler(Object(ErrorException))
#7 {main}
  thrown
in SYSTEMPATH\HTTP\ResponseTrait.php on line 759.
 1 [internal function]: CodeIgniter\Debug\Exceptions->shutdownHandler()
CRITICAL - 2023-04-11 12:40:29 --> Cannot modify header information - headers already sent
in SYSTEMPATH\HTTP\ResponseTrait.php on line 759.
 1 [internal function]: CodeIgniter\Debug\Exceptions->errorHandler(2, 'Cannot modify header information - headers already sent', 'SYSTEMPATH\\HTTP\\ResponseTrait.php', 759, [...])
 2 SYSTEMPATH\HTTP\ResponseTrait.php(759): setcookie('ci_session', '8b8srs3bcbpi58e65cvarmi2d6qqf2eo', [...])
 3 SYSTEMPATH\HTTP\ResponseTrait.php(735): CodeIgniter\HTTP\Response->doSetCookie('ci_session', '8b8srs3bcbpi58e65cvarmi2d6qqf2eo', [...])
 4 SYSTEMPATH\HTTP\ResponseTrait.php(715): CodeIgniter\HTTP\Response->dispatchCookies()
 5 SYSTEMPATH\HTTP\ResponseTrait.php(446): CodeIgniter\HTTP\Response->sendCookies()
 6 SYSTEMPATH\CodeIgniter.php(1080): CodeIgniter\HTTP\Response->send()
 7 SYSTEMPATH\CodeIgniter.php(516): CodeIgniter\CodeIgniter->sendResponse()
 8 SYSTEMPATH\CodeIgniter.php(340): CodeIgniter\CodeIgniter->handleRequest(null, Object(Config\Cache), false)
 9 FCPATH\index.php(67): CodeIgniter\CodeIgniter->run()
10 SYSTEMPATH\Commands\Server\rewrite.php(46): require_once('FCPATH\\index.php')
CRITICAL - 2023-04-11 12:40:29 --> Uncaught ErrorException: Cannot modify header information - headers already sent in E:\ProjetCodphp\AgenceLogement\system\HTTP\ResponseTrait.php:759
Stack trace:
#0 [internal function]: CodeIgniter\Debug\Exceptions->errorHandler(2, 'Cannot modify h...', 'E:\\ProjetCodphp...', 759, Array)
#1 E:\ProjetCodphp\AgenceLogement\system\HTTP\ResponseTrait.php(759): setcookie('ci_session', '8b8srs3bcbpi58e...', Array)
#2 E:\ProjetCodphp\AgenceLogement\system\HTTP\ResponseTrait.php(735): CodeIgniter\HTTP\Response->doSetCookie('ci_session', '8b8srs3bcbpi58e...', Array)
#3 E:\ProjetCodphp\AgenceLogement\system\HTTP\ResponseTrait.php(715): CodeIgniter\HTTP\Response->dispatchCookies()
#4 E:\ProjetCodphp\AgenceLogement\system\HTTP\ResponseTrait.php(446): CodeIgniter\HTTP\Response->sendCookies()
#5 E:\ProjetCodphp\AgenceLogement\system\Debug\Exceptions.php(132): CodeIgniter\HTTP\Response->send()
#6 [internal function]: CodeIgniter\Debug\Exceptions->exceptionHandler(Object(ErrorException))
#7 {main}
  thrown
in SYSTEMPATH\HTTP\ResponseTrait.php on line 759.
 1 [internal function]: CodeIgniter\Debug\Exceptions->shutdownHandler()
CRITICAL - 2023-04-11 12:40:31 --> Cannot modify header information - headers already sent
in SYSTEMPATH\HTTP\ResponseTrait.php on line 759.
 1 [internal function]: CodeIgniter\Debug\Exceptions->errorHandler(2, 'Cannot modify header information - headers already sent', 'SYSTEMPATH\\HTTP\\ResponseTrait.php', 759, [...])
 2 SYSTEMPATH\HTTP\ResponseTrait.php(759): setcookie('ci_session', '8b8srs3bcbpi58e65cvarmi2d6qqf2eo', [...])
 3 SYSTEMPATH\HTTP\ResponseTrait.php(735): CodeIgniter\HTTP\Response->doSetCookie('ci_session', '8b8srs3bcbpi58e65cvarmi2d6qqf2eo', [...])
 4 SYSTEMPATH\HTTP\ResponseTrait.php(715): CodeIgniter\HTTP\Response->dispatchCookies()
 5 SYSTEMPATH\HTTP\ResponseTrait.php(446): CodeIgniter\HTTP\Response->sendCookies()
 6 SYSTEMPATH\CodeIgniter.php(1080): CodeIgniter\HTTP\Response->send()
 7 SYSTEMPATH\CodeIgniter.php(516): CodeIgniter\CodeIgniter->sendResponse()
 8 SYSTEMPATH\CodeIgniter.php(340): CodeIgniter\CodeIgniter->handleRequest(null, Object(Config\Cache), false)
 9 FCPATH\index.php(67): CodeIgniter\CodeIgniter->run()
10 SYSTEMPATH\Commands\Server\rewrite.php(46): require_once('FCPATH\\index.php')
CRITICAL - 2023-04-11 12:40:31 --> Uncaught ErrorException: Cannot modify header information - headers already sent in E:\ProjetCodphp\AgenceLogement\system\HTTP\ResponseTrait.php:759
Stack trace:
#0 [internal function]: CodeIgniter\Debug\Exceptions->errorHandler(2, 'Cannot modify h...', 'E:\\ProjetCodphp...', 759, Array)
#1 E:\ProjetCodphp\AgenceLogement\system\HTTP\ResponseTrait.php(759): setcookie('ci_session', '8b8srs3bcbpi58e...', Array)
#2 E:\ProjetCodphp\AgenceLogement\system\HTTP\ResponseTrait.php(735): CodeIgniter\HTTP\Response->doSetCookie('ci_session', '8b8srs3bcbpi58e...', Array)
#3 E:\ProjetCodphp\AgenceLogement\system\HTTP\ResponseTrait.php(715): CodeIgniter\HTTP\Response->dispatchCookies()
#4 E:\ProjetCodphp\AgenceLogement\system\HTTP\ResponseTrait.php(446): CodeIgniter\HTTP\Response->sendCookies()
#5 E:\ProjetCodphp\AgenceLogement\system\Debug\Exceptions.php(132): CodeIgniter\HTTP\Response->send()
#6 [internal function]: CodeIgniter\Debug\Exceptions->exceptionHandler(Object(ErrorException))
#7 {main}
  thrown
in SYSTEMPATH\HTTP\ResponseTrait.php on line 759.
 1 [internal function]: CodeIgniter\Debug\Exceptions->shutdownHandler()
CRITICAL - 2023-04-11 12:40:32 --> Cannot modify header information - headers already sent
in SYSTEMPATH\HTTP\ResponseTrait.php on line 759.
 1 [internal function]: CodeIgniter\Debug\Exceptions->errorHandler(2, 'Cannot modify header information - headers already sent', 'SYSTEMPATH\\HTTP\\ResponseTrait.php', 759, [...])
 2 SYSTEMPATH\HTTP\ResponseTrait.php(759): setcookie('ci_session', '8b8srs3bcbpi58e65cvarmi2d6qqf2eo', [...])
 3 SYSTEMPATH\HTTP\ResponseTrait.php(735): CodeIgniter\HTTP\Response->doSetCookie('ci_session', '8b8srs3bcbpi58e65cvarmi2d6qqf2eo', [...])
 4 SYSTEMPATH\HTTP\ResponseTrait.php(715): CodeIgniter\HTTP\Response->dispatchCookies()
 5 SYSTEMPATH\HTTP\ResponseTrait.php(446): CodeIgniter\HTTP\Response->sendCookies()
 6 SYSTEMPATH\CodeIgniter.php(1080): CodeIgniter\HTTP\Response->send()
 7 SYSTEMPATH\CodeIgniter.php(516): CodeIgniter\CodeIgniter->sendResponse()
 8 SYSTEMPATH\CodeIgniter.php(340): CodeIgniter\CodeIgniter->handleRequest(null, Object(Config\Cache), false)
 9 FCPATH\index.php(67): CodeIgniter\CodeIgniter->run()
10 SYSTEMPATH\Commands\Server\rewrite.php(46): require_once('FCPATH\\index.php')
CRITICAL - 2023-04-11 12:40:32 --> Uncaught ErrorException: Cannot modify header information - headers already sent in E:\ProjetCodphp\AgenceLogement\system\HTTP\ResponseTrait.php:759
Stack trace:
#0 [internal function]: CodeIgniter\Debug\Exceptions->errorHandler(2, 'Cannot modify h...', 'E:\\ProjetCodphp...', 759, Array)
#1 E:\ProjetCodphp\AgenceLogement\system\HTTP\ResponseTrait.php(759): setcookie('ci_session', '8b8srs3bcbpi58e...', Array)
#2 E:\ProjetCodphp\AgenceLogement\system\HTTP\ResponseTrait.php(735): CodeIgniter\HTTP\Response->doSetCookie('ci_session', '8b8srs3bcbpi58e...', Array)
#3 E:\ProjetCodphp\AgenceLogement\system\HTTP\ResponseTrait.php(715): CodeIgniter\HTTP\Response->dispatchCookies()
#4 E:\ProjetCodphp\AgenceLogement\system\HTTP\ResponseTrait.php(446): CodeIgniter\HTTP\Response->sendCookies()
#5 E:\ProjetCodphp\AgenceLogement\system\Debug\Exceptions.php(132): CodeIgniter\HTTP\Response->send()
#6 [internal function]: CodeIgniter\Debug\Exceptions->exceptionHandler(Object(ErrorException))
#7 {main}
  thrown
in SYSTEMPATH\HTTP\ResponseTrait.php on line 759.
 1 [internal function]: CodeIgniter\Debug\Exceptions->shutdownHandler()
CRITICAL - 2023-04-11 12:40:52 --> Cannot modify header information - headers already sent
in SYSTEMPATH\HTTP\ResponseTrait.php on line 759.
 1 [internal function]: CodeIgniter\Debug\Exceptions->errorHandler(2, 'Cannot modify header information - headers already sent', 'SYSTEMPATH\\HTTP\\ResponseTrait.php', 759, [...])
 2 SYSTEMPATH\HTTP\ResponseTrait.php(759): setcookie('ci_session', '8b8srs3bcbpi58e65cvarmi2d6qqf2eo', [...])
 3 SYSTEMPATH\HTTP\ResponseTrait.php(735): CodeIgniter\HTTP\Response->doSetCookie('ci_session', '8b8srs3bcbpi58e65cvarmi2d6qqf2eo', [...])
 4 SYSTEMPATH\HTTP\ResponseTrait.php(715): CodeIgniter\HTTP\Response->dispatchCookies()
 5 SYSTEMPATH\HTTP\ResponseTrait.php(446): CodeIgniter\HTTP\Response->sendCookies()
 6 SYSTEMPATH\CodeIgniter.php(1080): CodeIgniter\HTTP\Response->send()
 7 SYSTEMPATH\CodeIgniter.php(516): CodeIgniter\CodeIgniter->sendResponse()
 8 SYSTEMPATH\CodeIgniter.php(340): CodeIgniter\CodeIgniter->handleRequest(null, Object(Config\Cache), false)
 9 FCPATH\index.php(67): CodeIgniter\CodeIgniter->run()
10 SYSTEMPATH\Commands\Server\rewrite.php(46): require_once('FCPATH\\index.php')
CRITICAL - 2023-04-11 12:40:52 --> Uncaught ErrorException: Cannot modify header information - headers already sent in E:\ProjetCodphp\AgenceLogement\system\HTTP\ResponseTrait.php:759
Stack trace:
#0 [internal function]: CodeIgniter\Debug\Exceptions->errorHandler(2, 'Cannot modify h...', 'E:\\ProjetCodphp...', 759, Array)
#1 E:\ProjetCodphp\AgenceLogement\system\HTTP\ResponseTrait.php(759): setcookie('ci_session', '8b8srs3bcbpi58e...', Array)
#2 E:\ProjetCodphp\AgenceLogement\system\HTTP\ResponseTrait.php(735): CodeIgniter\HTTP\Response->doSetCookie('ci_session', '8b8srs3bcbpi58e...', Array)
#3 E:\ProjetCodphp\AgenceLogement\system\HTTP\ResponseTrait.php(715): CodeIgniter\HTTP\Response->dispatchCookies()
#4 E:\ProjetCodphp\AgenceLogement\system\HTTP\ResponseTrait.php(446): CodeIgniter\HTTP\Response->sendCookies()
#5 E:\ProjetCodphp\AgenceLogement\system\Debug\Exceptions.php(132): CodeIgniter\HTTP\Response->send()
#6 [internal function]: CodeIgniter\Debug\Exceptions->exceptionHandler(Object(ErrorException))
#7 {main}
  thrown
in SYSTEMPATH\HTTP\ResponseTrait.php on line 759.
 1 [internal function]: CodeIgniter\Debug\Exceptions->shutdownHandler()
