CRITICAL - 2023-04-07 06:38:36 --> Invalid file: index.php
in SYSTEMPATH\Exceptions\FrameworkException.php on line 33.
 1 SYSTEMPATH\View\View.php(201): CodeIgniter\Exceptions\FrameworkException::forInvalidFile('FCPATH\\index.php')
 2 SYSTEMPATH\Common.php(1142): CodeIgniter\View\View->render('index', [], true)
 3 APPPATH\Controllers\Home.php(9): view('index')
 4 SYSTEMPATH\CodeIgniter.php(902): App\Controllers\Home->index()
 5 SYSTEMPATH\CodeIgniter.php(457): CodeIgniter\CodeIgniter->runController(Object(App\Controllers\Home))
 6 SYSTEMPATH\CodeIgniter.php(340): CodeIgniter\CodeIgniter->handleRequest(null, Object(Config\Cache), false)
 7 FCPATH\index.php(67): CodeIgniter\CodeIgniter->run()
 8 SYSTEMPATH\Commands\Server\rewrite.php(46): require_once('FCPATH\\index.php')
CRITICAL - 2023-04-07 06:43:00 --> Call to a member function loadHTML() on null
in APPPATH\Controllers\Impression.php on line 20.
 1 SYSTEMPATH\CodeIgniter.php(902): App\Controllers\Impression->demoPDF()
 2 SYSTEMPATH\CodeIgniter.php(457): CodeIgniter\CodeIgniter->runController(Object(App\Controllers\Impression))
 3 SYSTEMPATH\CodeIgniter.php(340): CodeIgniter\CodeIgniter->handleRequest(null, Object(Config\Cache), false)
 4 FCPATH\index.php(67): CodeIgniter\CodeIgniter->run()
 5 SYSTEMPATH\Commands\Server\rewrite.php(46): require_once('FCPATH\\index.php')
CRITICAL - 2023-04-07 07:58:23 --> Cannot modify header information - headers already sent
in SYSTEMPATH\HTTP\ResponseTrait.php on line 759.
 1 [internal function]: CodeIgniter\Debug\Exceptions->errorHandler(2, 'Cannot modify header information - headers already sent', 'SYSTEMPATH\\HTTP\\ResponseTrait.php', 759, [...])
 2 SYSTEMPATH\HTTP\ResponseTrait.php(759): setcookie('ci_session', '2hkon8r58gu997is4jukv93f9fj2u67o', [...])
 3 SYSTEMPATH\HTTP\ResponseTrait.php(735): CodeIgniter\HTTP\Response->doSetCookie('ci_session', '2hkon8r58gu997is4jukv93f9fj2u67o', [...])
 4 SYSTEMPATH\HTTP\ResponseTrait.php(715): CodeIgniter\HTTP\Response->dispatchCookies()
 5 SYSTEMPATH\HTTP\ResponseTrait.php(446): CodeIgniter\HTTP\Response->sendCookies()
 6 SYSTEMPATH\CodeIgniter.php(1080): CodeIgniter\HTTP\Response->send()
 7 SYSTEMPATH\CodeIgniter.php(516): CodeIgniter\CodeIgniter->sendResponse()
 8 SYSTEMPATH\CodeIgniter.php(340): CodeIgniter\CodeIgniter->handleRequest(null, Object(Config\Cache), false)
 9 FCPATH\index.php(67): CodeIgniter\CodeIgniter->run()
10 SYSTEMPATH\Commands\Server\rewrite.php(46): require_once('FCPATH\\index.php')
CRITICAL - 2023-04-07 07:58:23 --> Uncaught ErrorException: Cannot modify header information - headers already sent in E:\ProjetCodphp\AgenceLogement\system\HTTP\ResponseTrait.php:759
Stack trace:
#0 [internal function]: CodeIgniter\Debug\Exceptions->errorHandler(2, 'Cannot modify h...', 'E:\\ProjetCodphp...', 759, Array)
#1 E:\ProjetCodphp\AgenceLogement\system\HTTP\ResponseTrait.php(759): setcookie('ci_session', '2hkon8r58gu997i...', Array)
#2 E:\ProjetCodphp\AgenceLogement\system\HTTP\ResponseTrait.php(735): CodeIgniter\HTTP\Response->doSetCookie('ci_session', '2hkon8r58gu997i...', Array)
#3 E:\ProjetCodphp\AgenceLogement\system\HTTP\ResponseTrait.php(715): CodeIgniter\HTTP\Response->dispatchCookies()
#4 E:\ProjetCodphp\AgenceLogement\system\HTTP\ResponseTrait.php(446): CodeIgniter\HTTP\Response->sendCookies()
#5 E:\ProjetCodphp\AgenceLogement\system\Debug\Exceptions.php(132): CodeIgniter\HTTP\Response->send()
#6 [internal function]: CodeIgniter\Debug\Exceptions->exceptionHandler(Object(ErrorException))
#7 {main}
  thrown
in SYSTEMPATH\HTTP\ResponseTrait.php on line 759.
 1 [internal function]: CodeIgniter\Debug\Exceptions->shutdownHandler()
CRITICAL - 2023-04-07 08:08:59 --> Cannot modify header information - headers already sent
in SYSTEMPATH\HTTP\ResponseTrait.php on line 759.
 1 [internal function]: CodeIgniter\Debug\Exceptions->errorHandler(2, 'Cannot modify header information - headers already sent', 'SYSTEMPATH\\HTTP\\ResponseTrait.php', 759, [...])
 2 SYSTEMPATH\HTTP\ResponseTrait.php(759): setcookie('ci_session', 'fcgecdv2l5e0bqi8kcq8saov1cn0gsni', [...])
 3 SYSTEMPATH\HTTP\ResponseTrait.php(735): CodeIgniter\HTTP\Response->doSetCookie('ci_session', 'fcgecdv2l5e0bqi8kcq8saov1cn0gsni', [...])
 4 SYSTEMPATH\HTTP\ResponseTrait.php(715): CodeIgniter\HTTP\Response->dispatchCookies()
 5 SYSTEMPATH\HTTP\ResponseTrait.php(446): CodeIgniter\HTTP\Response->sendCookies()
 6 SYSTEMPATH\CodeIgniter.php(1080): CodeIgniter\HTTP\Response->send()
 7 SYSTEMPATH\CodeIgniter.php(516): CodeIgniter\CodeIgniter->sendResponse()
 8 SYSTEMPATH\CodeIgniter.php(340): CodeIgniter\CodeIgniter->handleRequest(null, Object(Config\Cache), false)
 9 FCPATH\index.php(67): CodeIgniter\CodeIgniter->run()
10 SYSTEMPATH\Commands\Server\rewrite.php(46): require_once('FCPATH\\index.php')
CRITICAL - 2023-04-07 08:09:00 --> Uncaught ErrorException: Cannot modify header information - headers already sent in E:\ProjetCodphp\AgenceLogement\system\HTTP\ResponseTrait.php:759
Stack trace:
#0 [internal function]: CodeIgniter\Debug\Exceptions->errorHandler(2, 'Cannot modify h...', 'E:\\ProjetCodphp...', 759, Array)
#1 E:\ProjetCodphp\AgenceLogement\system\HTTP\ResponseTrait.php(759): setcookie('ci_session', 'fcgecdv2l5e0bqi...', Array)
#2 E:\ProjetCodphp\AgenceLogement\system\HTTP\ResponseTrait.php(735): CodeIgniter\HTTP\Response->doSetCookie('ci_session', 'fcgecdv2l5e0bqi...', Array)
#3 E:\ProjetCodphp\AgenceLogement\system\HTTP\ResponseTrait.php(715): CodeIgniter\HTTP\Response->dispatchCookies()
#4 E:\ProjetCodphp\AgenceLogement\system\HTTP\ResponseTrait.php(446): CodeIgniter\HTTP\Response->sendCookies()
#5 E:\ProjetCodphp\AgenceLogement\system\Debug\Exceptions.php(132): CodeIgniter\HTTP\Response->send()
#6 [internal function]: CodeIgniter\Debug\Exceptions->exceptionHandler(Object(ErrorException))
#7 {main}
  thrown
in SYSTEMPATH\HTTP\ResponseTrait.php on line 759.
 1 [internal function]: CodeIgniter\Debug\Exceptions->shutdownHandler()
