CRITICAL - 2023-02-23 11:53:59 --> include(connect.php): failed to open stream: No such file or directory
in APPPATH\Views\index.php on line 265.
 1 APPPATH\Views\index.php(265): CodeIgniter\Debug\Exceptions->errorHandler(2, 'include(connect.php): failed to open stream: No such file or directory', 'APPPATH\\Views\\index.php', 265, [])
 2 APPPATH\Views\index.php(265): include()
 3 SYSTEMPATH\View\View.php(213): include('APPPATH\\Views\\index.php')
 4 SYSTEMPATH\View\View.php(216): CodeIgniter\View\View->CodeIgniter\View\{closure}()
 5 SYSTEMPATH\Common.php(1142): CodeIgniter\View\View->render('index', [], true)
 6 APPPATH\Controllers\Home.php(9): view('index')
 7 SYSTEMPATH\CodeIgniter.php(902): App\Controllers\Home->index()
 8 SYSTEMPATH\CodeIgniter.php(457): CodeIgniter\CodeIgniter->runController(Object(App\Controllers\Home))
 9 SYSTEMPATH\CodeIgniter.php(340): CodeIgniter\CodeIgniter->handleRequest(null, Object(Config\Cache), false)
10 FCPATH\index.php(67): CodeIgniter\CodeIgniter->run()
11 SYSTEMPATH\Commands\Server\rewrite.php(46): require_once('FCPATH\\index.php')
CRITICAL - 2023-02-23 11:54:25 --> include(connect.php): failed to open stream: No such file or directory
in APPPATH\Views\index.php on line 265.
 1 APPPATH\Views\index.php(265): CodeIgniter\Debug\Exceptions->errorHandler(2, 'include(connect.php): failed to open stream: No such file or directory', 'APPPATH\\Views\\index.php', 265, [])
 2 APPPATH\Views\index.php(265): include()
 3 SYSTEMPATH\View\View.php(213): include('APPPATH\\Views\\index.php')
 4 SYSTEMPATH\View\View.php(216): CodeIgniter\View\View->CodeIgniter\View\{closure}()
 5 SYSTEMPATH\Common.php(1142): CodeIgniter\View\View->render('index', [], true)
 6 APPPATH\Controllers\Home.php(9): view('index')
 7 SYSTEMPATH\CodeIgniter.php(902): App\Controllers\Home->index()
 8 SYSTEMPATH\CodeIgniter.php(457): CodeIgniter\CodeIgniter->runController(Object(App\Controllers\Home))
 9 SYSTEMPATH\CodeIgniter.php(340): CodeIgniter\CodeIgniter->handleRequest(null, Object(Config\Cache), false)
10 FCPATH\index.php(67): CodeIgniter\CodeIgniter->run()
CRITICAL - 2023-02-23 11:54:28 --> include(connect.php): failed to open stream: No such file or directory
in APPPATH\Views\index.php on line 265.
 1 APPPATH\Views\index.php(265): CodeIgniter\Debug\Exceptions->errorHandler(2, 'include(connect.php): failed to open stream: No such file or directory', 'APPPATH\\Views\\index.php', 265, [])
 2 APPPATH\Views\index.php(265): include()
 3 SYSTEMPATH\View\View.php(213): include('APPPATH\\Views\\index.php')
 4 SYSTEMPATH\View\View.php(216): CodeIgniter\View\View->CodeIgniter\View\{closure}()
 5 SYSTEMPATH\Common.php(1142): CodeIgniter\View\View->render('index', [], true)
 6 APPPATH\Controllers\Home.php(9): view('index')
 7 SYSTEMPATH\CodeIgniter.php(902): App\Controllers\Home->index()
 8 SYSTEMPATH\CodeIgniter.php(457): CodeIgniter\CodeIgniter->runController(Object(App\Controllers\Home))
 9 SYSTEMPATH\CodeIgniter.php(340): CodeIgniter\CodeIgniter->handleRequest(null, Object(Config\Cache), false)
10 FCPATH\index.php(67): CodeIgniter\CodeIgniter->run()
CRITICAL - 2023-02-23 11:58:21 --> include(connect.php): failed to open stream: No such file or directory
in APPPATH\Views\index.php on line 265.
 1 APPPATH\Views\index.php(265): CodeIgniter\Debug\Exceptions->errorHandler(2, 'include(connect.php): failed to open stream: No such file or directory', 'APPPATH\\Views\\index.php', 265, [])
 2 APPPATH\Views\index.php(265): include()
 3 SYSTEMPATH\View\View.php(213): include('APPPATH\\Views\\index.php')
 4 SYSTEMPATH\View\View.php(216): CodeIgniter\View\View->CodeIgniter\View\{closure}()
 5 SYSTEMPATH\Common.php(1142): CodeIgniter\View\View->render('index', [], true)
 6 APPPATH\Controllers\Home.php(9): view('index')
 7 SYSTEMPATH\CodeIgniter.php(902): App\Controllers\Home->index()
 8 SYSTEMPATH\CodeIgniter.php(457): CodeIgniter\CodeIgniter->runController(Object(App\Controllers\Home))
 9 SYSTEMPATH\CodeIgniter.php(340): CodeIgniter\CodeIgniter->handleRequest(null, Object(Config\Cache), false)
10 FCPATH\index.php(67): CodeIgniter\CodeIgniter->run()
CRITICAL - 2023-02-23 11:58:23 --> include(connect.php): failed to open stream: No such file or directory
in APPPATH\Views\index.php on line 265.
 1 APPPATH\Views\index.php(265): CodeIgniter\Debug\Exceptions->errorHandler(2, 'include(connect.php): failed to open stream: No such file or directory', 'APPPATH\\Views\\index.php', 265, [])
 2 APPPATH\Views\index.php(265): include()
 3 SYSTEMPATH\View\View.php(213): include('APPPATH\\Views\\index.php')
 4 SYSTEMPATH\View\View.php(216): CodeIgniter\View\View->CodeIgniter\View\{closure}()
 5 SYSTEMPATH\Common.php(1142): CodeIgniter\View\View->render('index', [], true)
 6 APPPATH\Controllers\Home.php(9): view('index')
 7 SYSTEMPATH\CodeIgniter.php(902): App\Controllers\Home->index()
 8 SYSTEMPATH\CodeIgniter.php(457): CodeIgniter\CodeIgniter->runController(Object(App\Controllers\Home))
 9 SYSTEMPATH\CodeIgniter.php(340): CodeIgniter\CodeIgniter->handleRequest(null, Object(Config\Cache), false)
10 FCPATH\index.php(67): CodeIgniter\CodeIgniter->run()
CRITICAL - 2023-02-23 11:58:24 --> include(connect.php): failed to open stream: No such file or directory
in APPPATH\Views\index.php on line 265.
 1 APPPATH\Views\index.php(265): CodeIgniter\Debug\Exceptions->errorHandler(2, 'include(connect.php): failed to open stream: No such file or directory', 'APPPATH\\Views\\index.php', 265, [])
 2 APPPATH\Views\index.php(265): include()
 3 SYSTEMPATH\View\View.php(213): include('APPPATH\\Views\\index.php')
 4 SYSTEMPATH\View\View.php(216): CodeIgniter\View\View->CodeIgniter\View\{closure}()
 5 SYSTEMPATH\Common.php(1142): CodeIgniter\View\View->render('index', [], true)
 6 APPPATH\Controllers\Home.php(9): view('index')
 7 SYSTEMPATH\CodeIgniter.php(902): App\Controllers\Home->index()
 8 SYSTEMPATH\CodeIgniter.php(457): CodeIgniter\CodeIgniter->runController(Object(App\Controllers\Home))
 9 SYSTEMPATH\CodeIgniter.php(340): CodeIgniter\CodeIgniter->handleRequest(null, Object(Config\Cache), false)
10 FCPATH\index.php(67): CodeIgniter\CodeIgniter->run()
CRITICAL - 2023-02-23 11:58:25 --> include(connect.php): failed to open stream: No such file or directory
in APPPATH\Views\index.php on line 265.
 1 APPPATH\Views\index.php(265): CodeIgniter\Debug\Exceptions->errorHandler(2, 'include(connect.php): failed to open stream: No such file or directory', 'APPPATH\\Views\\index.php', 265, [])
 2 APPPATH\Views\index.php(265): include()
 3 SYSTEMPATH\View\View.php(213): include('APPPATH\\Views\\index.php')
 4 SYSTEMPATH\View\View.php(216): CodeIgniter\View\View->CodeIgniter\View\{closure}()
 5 SYSTEMPATH\Common.php(1142): CodeIgniter\View\View->render('index', [], true)
 6 APPPATH\Controllers\Home.php(9): view('index')
 7 SYSTEMPATH\CodeIgniter.php(902): App\Controllers\Home->index()
 8 SYSTEMPATH\CodeIgniter.php(457): CodeIgniter\CodeIgniter->runController(Object(App\Controllers\Home))
 9 SYSTEMPATH\CodeIgniter.php(340): CodeIgniter\CodeIgniter->handleRequest(null, Object(Config\Cache), false)
10 FCPATH\index.php(67): CodeIgniter\CodeIgniter->run()
CRITICAL - 2023-02-23 11:58:25 --> include(connect.php): failed to open stream: No such file or directory
in APPPATH\Views\index.php on line 265.
 1 APPPATH\Views\index.php(265): CodeIgniter\Debug\Exceptions->errorHandler(2, 'include(connect.php): failed to open stream: No such file or directory', 'APPPATH\\Views\\index.php', 265, [])
 2 APPPATH\Views\index.php(265): include()
 3 SYSTEMPATH\View\View.php(213): include('APPPATH\\Views\\index.php')
 4 SYSTEMPATH\View\View.php(216): CodeIgniter\View\View->CodeIgniter\View\{closure}()
 5 SYSTEMPATH\Common.php(1142): CodeIgniter\View\View->render('index', [], true)
 6 APPPATH\Controllers\Home.php(9): view('index')
 7 SYSTEMPATH\CodeIgniter.php(902): App\Controllers\Home->index()
 8 SYSTEMPATH\CodeIgniter.php(457): CodeIgniter\CodeIgniter->runController(Object(App\Controllers\Home))
 9 SYSTEMPATH\CodeIgniter.php(340): CodeIgniter\CodeIgniter->handleRequest(null, Object(Config\Cache), false)
10 FCPATH\index.php(67): CodeIgniter\CodeIgniter->run()
CRITICAL - 2023-02-23 11:58:29 --> include(connect.php): failed to open stream: No such file or directory
in APPPATH\Views\index.php on line 265.
 1 APPPATH\Views\index.php(265): CodeIgniter\Debug\Exceptions->errorHandler(2, 'include(connect.php): failed to open stream: No such file or directory', 'APPPATH\\Views\\index.php', 265, [])
 2 APPPATH\Views\index.php(265): include()
 3 SYSTEMPATH\View\View.php(213): include('APPPATH\\Views\\index.php')
 4 SYSTEMPATH\View\View.php(216): CodeIgniter\View\View->CodeIgniter\View\{closure}()
 5 SYSTEMPATH\Common.php(1142): CodeIgniter\View\View->render('index', [], true)
 6 APPPATH\Controllers\Home.php(9): view('index')
 7 SYSTEMPATH\CodeIgniter.php(902): App\Controllers\Home->index()
 8 SYSTEMPATH\CodeIgniter.php(457): CodeIgniter\CodeIgniter->runController(Object(App\Controllers\Home))
 9 SYSTEMPATH\CodeIgniter.php(340): CodeIgniter\CodeIgniter->handleRequest(null, Object(Config\Cache), false)
10 FCPATH\index.php(67): CodeIgniter\CodeIgniter->run()
CRITICAL - 2023-02-23 11:58:41 --> include(connect.php): failed to open stream: No such file or directory
in APPPATH\Views\index.php on line 265.
 1 APPPATH\Views\index.php(265): CodeIgniter\Debug\Exceptions->errorHandler(2, 'include(connect.php): failed to open stream: No such file or directory', 'APPPATH\\Views\\index.php', 265, [])
 2 APPPATH\Views\index.php(265): include()
 3 SYSTEMPATH\View\View.php(213): include('APPPATH\\Views\\index.php')
 4 SYSTEMPATH\View\View.php(216): CodeIgniter\View\View->CodeIgniter\View\{closure}()
 5 SYSTEMPATH\Common.php(1142): CodeIgniter\View\View->render('index', [], true)
 6 APPPATH\Controllers\Home.php(9): view('index')
 7 SYSTEMPATH\CodeIgniter.php(902): App\Controllers\Home->index()
 8 SYSTEMPATH\CodeIgniter.php(457): CodeIgniter\CodeIgniter->runController(Object(App\Controllers\Home))
 9 SYSTEMPATH\CodeIgniter.php(340): CodeIgniter\CodeIgniter->handleRequest(null, Object(Config\Cache), false)
10 FCPATH\index.php(67): CodeIgniter\CodeIgniter->run()
CRITICAL - 2023-02-23 12:02:36 --> include(connect.php): failed to open stream: No such file or directory
in APPPATH\Views\index.php on line 265.
 1 APPPATH\Views\index.php(265): CodeIgniter\Debug\Exceptions->errorHandler(2, 'include(connect.php): failed to open stream: No such file or directory', 'APPPATH\\Views\\index.php', 265, [])
 2 APPPATH\Views\index.php(265): include()
 3 SYSTEMPATH\View\View.php(213): include('APPPATH\\Views\\index.php')
 4 SYSTEMPATH\View\View.php(216): CodeIgniter\View\View->CodeIgniter\View\{closure}()
 5 SYSTEMPATH\Common.php(1142): CodeIgniter\View\View->render('index', [], true)
 6 APPPATH\Controllers\Home.php(9): view('index')
 7 SYSTEMPATH\CodeIgniter.php(902): App\Controllers\Home->index()
 8 SYSTEMPATH\CodeIgniter.php(457): CodeIgniter\CodeIgniter->runController(Object(App\Controllers\Home))
 9 SYSTEMPATH\CodeIgniter.php(340): CodeIgniter\CodeIgniter->handleRequest(null, Object(Config\Cache), false)
10 FCPATH\index.php(67): CodeIgniter\CodeIgniter->run()
CRITICAL - 2023-02-23 12:02:37 --> include(connect.php): failed to open stream: No such file or directory
in APPPATH\Views\index.php on line 265.
 1 APPPATH\Views\index.php(265): CodeIgniter\Debug\Exceptions->errorHandler(2, 'include(connect.php): failed to open stream: No such file or directory', 'APPPATH\\Views\\index.php', 265, [])
 2 APPPATH\Views\index.php(265): include()
 3 SYSTEMPATH\View\View.php(213): include('APPPATH\\Views\\index.php')
 4 SYSTEMPATH\View\View.php(216): CodeIgniter\View\View->CodeIgniter\View\{closure}()
 5 SYSTEMPATH\Common.php(1142): CodeIgniter\View\View->render('index', [], true)
 6 APPPATH\Controllers\Home.php(9): view('index')
 7 SYSTEMPATH\CodeIgniter.php(902): App\Controllers\Home->index()
 8 SYSTEMPATH\CodeIgniter.php(457): CodeIgniter\CodeIgniter->runController(Object(App\Controllers\Home))
 9 SYSTEMPATH\CodeIgniter.php(340): CodeIgniter\CodeIgniter->handleRequest(null, Object(Config\Cache), false)
10 FCPATH\index.php(67): CodeIgniter\CodeIgniter->run()
CRITICAL - 2023-02-23 12:02:38 --> include(connect.php): failed to open stream: No such file or directory
in APPPATH\Views\index.php on line 265.
 1 APPPATH\Views\index.php(265): CodeIgniter\Debug\Exceptions->errorHandler(2, 'include(connect.php): failed to open stream: No such file or directory', 'APPPATH\\Views\\index.php', 265, [])
 2 APPPATH\Views\index.php(265): include()
 3 SYSTEMPATH\View\View.php(213): include('APPPATH\\Views\\index.php')
 4 SYSTEMPATH\View\View.php(216): CodeIgniter\View\View->CodeIgniter\View\{closure}()
 5 SYSTEMPATH\Common.php(1142): CodeIgniter\View\View->render('index', [], true)
 6 APPPATH\Controllers\Home.php(9): view('index')
 7 SYSTEMPATH\CodeIgniter.php(902): App\Controllers\Home->index()
 8 SYSTEMPATH\CodeIgniter.php(457): CodeIgniter\CodeIgniter->runController(Object(App\Controllers\Home))
 9 SYSTEMPATH\CodeIgniter.php(340): CodeIgniter\CodeIgniter->handleRequest(null, Object(Config\Cache), false)
10 FCPATH\index.php(67): CodeIgniter\CodeIgniter->run()
CRITICAL - 2023-02-23 12:02:38 --> include(connect.php): failed to open stream: No such file or directory
in APPPATH\Views\index.php on line 265.
 1 APPPATH\Views\index.php(265): CodeIgniter\Debug\Exceptions->errorHandler(2, 'include(connect.php): failed to open stream: No such file or directory', 'APPPATH\\Views\\index.php', 265, [])
 2 APPPATH\Views\index.php(265): include()
 3 SYSTEMPATH\View\View.php(213): include('APPPATH\\Views\\index.php')
 4 SYSTEMPATH\View\View.php(216): CodeIgniter\View\View->CodeIgniter\View\{closure}()
 5 SYSTEMPATH\Common.php(1142): CodeIgniter\View\View->render('index', [], true)
 6 APPPATH\Controllers\Home.php(9): view('index')
 7 SYSTEMPATH\CodeIgniter.php(902): App\Controllers\Home->index()
 8 SYSTEMPATH\CodeIgniter.php(457): CodeIgniter\CodeIgniter->runController(Object(App\Controllers\Home))
 9 SYSTEMPATH\CodeIgniter.php(340): CodeIgniter\CodeIgniter->handleRequest(null, Object(Config\Cache), false)
10 FCPATH\index.php(67): CodeIgniter\CodeIgniter->run()
CRITICAL - 2023-02-23 12:02:38 --> include(connect.php): failed to open stream: No such file or directory
in APPPATH\Views\index.php on line 265.
 1 APPPATH\Views\index.php(265): CodeIgniter\Debug\Exceptions->errorHandler(2, 'include(connect.php): failed to open stream: No such file or directory', 'APPPATH\\Views\\index.php', 265, [])
 2 APPPATH\Views\index.php(265): include()
 3 SYSTEMPATH\View\View.php(213): include('APPPATH\\Views\\index.php')
 4 SYSTEMPATH\View\View.php(216): CodeIgniter\View\View->CodeIgniter\View\{closure}()
 5 SYSTEMPATH\Common.php(1142): CodeIgniter\View\View->render('index', [], true)
 6 APPPATH\Controllers\Home.php(9): view('index')
 7 SYSTEMPATH\CodeIgniter.php(902): App\Controllers\Home->index()
 8 SYSTEMPATH\CodeIgniter.php(457): CodeIgniter\CodeIgniter->runController(Object(App\Controllers\Home))
 9 SYSTEMPATH\CodeIgniter.php(340): CodeIgniter\CodeIgniter->handleRequest(null, Object(Config\Cache), false)
10 FCPATH\index.php(67): CodeIgniter\CodeIgniter->run()
CRITICAL - 2023-02-23 12:02:39 --> include(connect.php): failed to open stream: No such file or directory
in APPPATH\Views\index.php on line 265.
 1 APPPATH\Views\index.php(265): CodeIgniter\Debug\Exceptions->errorHandler(2, 'include(connect.php): failed to open stream: No such file or directory', 'APPPATH\\Views\\index.php', 265, [])
 2 APPPATH\Views\index.php(265): include()
 3 SYSTEMPATH\View\View.php(213): include('APPPATH\\Views\\index.php')
 4 SYSTEMPATH\View\View.php(216): CodeIgniter\View\View->CodeIgniter\View\{closure}()
 5 SYSTEMPATH\Common.php(1142): CodeIgniter\View\View->render('index', [], true)
 6 APPPATH\Controllers\Home.php(9): view('index')
 7 SYSTEMPATH\CodeIgniter.php(902): App\Controllers\Home->index()
 8 SYSTEMPATH\CodeIgniter.php(457): CodeIgniter\CodeIgniter->runController(Object(App\Controllers\Home))
 9 SYSTEMPATH\CodeIgniter.php(340): CodeIgniter\CodeIgniter->handleRequest(null, Object(Config\Cache), false)
10 FCPATH\index.php(67): CodeIgniter\CodeIgniter->run()
CRITICAL - 2023-02-23 12:02:42 --> include(connect.php): failed to open stream: No such file or directory
in APPPATH\Views\index.php on line 265.
 1 APPPATH\Views\index.php(265): CodeIgniter\Debug\Exceptions->errorHandler(2, 'include(connect.php): failed to open stream: No such file or directory', 'APPPATH\\Views\\index.php', 265, [])
 2 APPPATH\Views\index.php(265): include()
 3 SYSTEMPATH\View\View.php(213): include('APPPATH\\Views\\index.php')
 4 SYSTEMPATH\View\View.php(216): CodeIgniter\View\View->CodeIgniter\View\{closure}()
 5 SYSTEMPATH\Common.php(1142): CodeIgniter\View\View->render('index', [], true)
 6 APPPATH\Controllers\Home.php(9): view('index')
 7 SYSTEMPATH\CodeIgniter.php(902): App\Controllers\Home->index()
 8 SYSTEMPATH\CodeIgniter.php(457): CodeIgniter\CodeIgniter->runController(Object(App\Controllers\Home))
 9 SYSTEMPATH\CodeIgniter.php(340): CodeIgniter\CodeIgniter->handleRequest(null, Object(Config\Cache), false)
10 FCPATH\index.php(67): CodeIgniter\CodeIgniter->run()
CRITICAL - 2023-02-23 12:02:43 --> include(connect.php): failed to open stream: No such file or directory
in APPPATH\Views\index.php on line 265.
 1 APPPATH\Views\index.php(265): CodeIgniter\Debug\Exceptions->errorHandler(2, 'include(connect.php): failed to open stream: No such file or directory', 'APPPATH\\Views\\index.php', 265, [])
 2 APPPATH\Views\index.php(265): include()
 3 SYSTEMPATH\View\View.php(213): include('APPPATH\\Views\\index.php')
 4 SYSTEMPATH\View\View.php(216): CodeIgniter\View\View->CodeIgniter\View\{closure}()
 5 SYSTEMPATH\Common.php(1142): CodeIgniter\View\View->render('index', [], true)
 6 APPPATH\Controllers\Home.php(9): view('index')
 7 SYSTEMPATH\CodeIgniter.php(902): App\Controllers\Home->index()
 8 SYSTEMPATH\CodeIgniter.php(457): CodeIgniter\CodeIgniter->runController(Object(App\Controllers\Home))
 9 SYSTEMPATH\CodeIgniter.php(340): CodeIgniter\CodeIgniter->handleRequest(null, Object(Config\Cache), false)
10 FCPATH\index.php(67): CodeIgniter\CodeIgniter->run()
CRITICAL - 2023-02-23 12:02:43 --> include(connect.php): failed to open stream: No such file or directory
in APPPATH\Views\index.php on line 265.
 1 APPPATH\Views\index.php(265): CodeIgniter\Debug\Exceptions->errorHandler(2, 'include(connect.php): failed to open stream: No such file or directory', 'APPPATH\\Views\\index.php', 265, [])
 2 APPPATH\Views\index.php(265): include()
 3 SYSTEMPATH\View\View.php(213): include('APPPATH\\Views\\index.php')
 4 SYSTEMPATH\View\View.php(216): CodeIgniter\View\View->CodeIgniter\View\{closure}()
 5 SYSTEMPATH\Common.php(1142): CodeIgniter\View\View->render('index', [], true)
 6 APPPATH\Controllers\Home.php(9): view('index')
 7 SYSTEMPATH\CodeIgniter.php(902): App\Controllers\Home->index()
 8 SYSTEMPATH\CodeIgniter.php(457): CodeIgniter\CodeIgniter->runController(Object(App\Controllers\Home))
 9 SYSTEMPATH\CodeIgniter.php(340): CodeIgniter\CodeIgniter->handleRequest(null, Object(Config\Cache), false)
10 FCPATH\index.php(67): CodeIgniter\CodeIgniter->run()
CRITICAL - 2023-02-23 12:02:43 --> include(connect.php): failed to open stream: No such file or directory
in APPPATH\Views\index.php on line 265.
 1 APPPATH\Views\index.php(265): CodeIgniter\Debug\Exceptions->errorHandler(2, 'include(connect.php): failed to open stream: No such file or directory', 'APPPATH\\Views\\index.php', 265, [])
 2 APPPATH\Views\index.php(265): include()
 3 SYSTEMPATH\View\View.php(213): include('APPPATH\\Views\\index.php')
 4 SYSTEMPATH\View\View.php(216): CodeIgniter\View\View->CodeIgniter\View\{closure}()
 5 SYSTEMPATH\Common.php(1142): CodeIgniter\View\View->render('index', [], true)
 6 APPPATH\Controllers\Home.php(9): view('index')
 7 SYSTEMPATH\CodeIgniter.php(902): App\Controllers\Home->index()
 8 SYSTEMPATH\CodeIgniter.php(457): CodeIgniter\CodeIgniter->runController(Object(App\Controllers\Home))
 9 SYSTEMPATH\CodeIgniter.php(340): CodeIgniter\CodeIgniter->handleRequest(null, Object(Config\Cache), false)
10 FCPATH\index.php(67): CodeIgniter\CodeIgniter->run()
CRITICAL - 2023-02-23 12:02:48 --> include(connect.php): failed to open stream: No such file or directory
in APPPATH\Views\index.php on line 265.
 1 APPPATH\Views\index.php(265): CodeIgniter\Debug\Exceptions->errorHandler(2, 'include(connect.php): failed to open stream: No such file or directory', 'APPPATH\\Views\\index.php', 265, [])
 2 APPPATH\Views\index.php(265): include()
 3 SYSTEMPATH\View\View.php(213): include('APPPATH\\Views\\index.php')
 4 SYSTEMPATH\View\View.php(216): CodeIgniter\View\View->CodeIgniter\View\{closure}()
 5 SYSTEMPATH\Common.php(1142): CodeIgniter\View\View->render('index', [], true)
 6 APPPATH\Controllers\Home.php(9): view('index')
 7 SYSTEMPATH\CodeIgniter.php(902): App\Controllers\Home->index()
 8 SYSTEMPATH\CodeIgniter.php(457): CodeIgniter\CodeIgniter->runController(Object(App\Controllers\Home))
 9 SYSTEMPATH\CodeIgniter.php(340): CodeIgniter\CodeIgniter->handleRequest(null, Object(Config\Cache), false)
10 FCPATH\index.php(67): CodeIgniter\CodeIgniter->run()
CRITICAL - 2023-02-23 12:02:49 --> include(connect.php): failed to open stream: No such file or directory
in APPPATH\Views\index.php on line 265.
 1 APPPATH\Views\index.php(265): CodeIgniter\Debug\Exceptions->errorHandler(2, 'include(connect.php): failed to open stream: No such file or directory', 'APPPATH\\Views\\index.php', 265, [])
 2 APPPATH\Views\index.php(265): include()
 3 SYSTEMPATH\View\View.php(213): include('APPPATH\\Views\\index.php')
 4 SYSTEMPATH\View\View.php(216): CodeIgniter\View\View->CodeIgniter\View\{closure}()
 5 SYSTEMPATH\Common.php(1142): CodeIgniter\View\View->render('index', [], true)
 6 APPPATH\Controllers\Home.php(9): view('index')
 7 SYSTEMPATH\CodeIgniter.php(902): App\Controllers\Home->index()
 8 SYSTEMPATH\CodeIgniter.php(457): CodeIgniter\CodeIgniter->runController(Object(App\Controllers\Home))
 9 SYSTEMPATH\CodeIgniter.php(340): CodeIgniter\CodeIgniter->handleRequest(null, Object(Config\Cache), false)
10 FCPATH\index.php(67): CodeIgniter\CodeIgniter->run()
CRITICAL - 2023-02-23 12:02:49 --> include(connect.php): failed to open stream: No such file or directory
in APPPATH\Views\index.php on line 265.
 1 APPPATH\Views\index.php(265): CodeIgniter\Debug\Exceptions->errorHandler(2, 'include(connect.php): failed to open stream: No such file or directory', 'APPPATH\\Views\\index.php', 265, [])
 2 APPPATH\Views\index.php(265): include()
 3 SYSTEMPATH\View\View.php(213): include('APPPATH\\Views\\index.php')
 4 SYSTEMPATH\View\View.php(216): CodeIgniter\View\View->CodeIgniter\View\{closure}()
 5 SYSTEMPATH\Common.php(1142): CodeIgniter\View\View->render('index', [], true)
 6 APPPATH\Controllers\Home.php(9): view('index')
 7 SYSTEMPATH\CodeIgniter.php(902): App\Controllers\Home->index()
 8 SYSTEMPATH\CodeIgniter.php(457): CodeIgniter\CodeIgniter->runController(Object(App\Controllers\Home))
 9 SYSTEMPATH\CodeIgniter.php(340): CodeIgniter\CodeIgniter->handleRequest(null, Object(Config\Cache), false)
10 FCPATH\index.php(67): CodeIgniter\CodeIgniter->run()
CRITICAL - 2023-02-23 12:03:31 --> include(connect.php): failed to open stream: No such file or directory
in APPPATH\Views\index.php on line 265.
 1 APPPATH\Views\index.php(265): CodeIgniter\Debug\Exceptions->errorHandler(2, 'include(connect.php): failed to open stream: No such file or directory', 'APPPATH\\Views\\index.php', 265, [])
 2 APPPATH\Views\index.php(265): include()
 3 SYSTEMPATH\View\View.php(213): include('APPPATH\\Views\\index.php')
 4 SYSTEMPATH\View\View.php(216): CodeIgniter\View\View->CodeIgniter\View\{closure}()
 5 SYSTEMPATH\Common.php(1142): CodeIgniter\View\View->render('index', [], true)
 6 APPPATH\Controllers\Home.php(9): view('index')
 7 SYSTEMPATH\CodeIgniter.php(902): App\Controllers\Home->index()
 8 SYSTEMPATH\CodeIgniter.php(457): CodeIgniter\CodeIgniter->runController(Object(App\Controllers\Home))
 9 SYSTEMPATH\CodeIgniter.php(340): CodeIgniter\CodeIgniter->handleRequest(null, Object(Config\Cache), false)
10 FCPATH\index.php(67): CodeIgniter\CodeIgniter->run()
CRITICAL - 2023-02-23 12:03:31 --> include(connect.php): failed to open stream: No such file or directory
in APPPATH\Views\index.php on line 265.
 1 APPPATH\Views\index.php(265): CodeIgniter\Debug\Exceptions->errorHandler(2, 'include(connect.php): failed to open stream: No such file or directory', 'APPPATH\\Views\\index.php', 265, [])
 2 APPPATH\Views\index.php(265): include()
 3 SYSTEMPATH\View\View.php(213): include('APPPATH\\Views\\index.php')
 4 SYSTEMPATH\View\View.php(216): CodeIgniter\View\View->CodeIgniter\View\{closure}()
 5 SYSTEMPATH\Common.php(1142): CodeIgniter\View\View->render('index', [], true)
 6 APPPATH\Controllers\Home.php(9): view('index')
 7 SYSTEMPATH\CodeIgniter.php(902): App\Controllers\Home->index()
 8 SYSTEMPATH\CodeIgniter.php(457): CodeIgniter\CodeIgniter->runController(Object(App\Controllers\Home))
 9 SYSTEMPATH\CodeIgniter.php(340): CodeIgniter\CodeIgniter->handleRequest(null, Object(Config\Cache), false)
10 FCPATH\index.php(67): CodeIgniter\CodeIgniter->run()
CRITICAL - 2023-02-23 12:03:31 --> include(connect.php): failed to open stream: No such file or directory
in APPPATH\Views\index.php on line 265.
 1 APPPATH\Views\index.php(265): CodeIgniter\Debug\Exceptions->errorHandler(2, 'include(connect.php): failed to open stream: No such file or directory', 'APPPATH\\Views\\index.php', 265, [])
 2 APPPATH\Views\index.php(265): include()
 3 SYSTEMPATH\View\View.php(213): include('APPPATH\\Views\\index.php')
 4 SYSTEMPATH\View\View.php(216): CodeIgniter\View\View->CodeIgniter\View\{closure}()
 5 SYSTEMPATH\Common.php(1142): CodeIgniter\View\View->render('index', [], true)
 6 APPPATH\Controllers\Home.php(9): view('index')
 7 SYSTEMPATH\CodeIgniter.php(902): App\Controllers\Home->index()
 8 SYSTEMPATH\CodeIgniter.php(457): CodeIgniter\CodeIgniter->runController(Object(App\Controllers\Home))
 9 SYSTEMPATH\CodeIgniter.php(340): CodeIgniter\CodeIgniter->handleRequest(null, Object(Config\Cache), false)
10 FCPATH\index.php(67): CodeIgniter\CodeIgniter->run()
CRITICAL - 2023-02-23 12:04:22 --> include(connect.php): failed to open stream: No such file or directory
in APPPATH\Views\index.php on line 265.
 1 APPPATH\Views\index.php(265): CodeIgniter\Debug\Exceptions->errorHandler(2, 'include(connect.php): failed to open stream: No such file or directory', 'APPPATH\\Views\\index.php', 265, [])
 2 APPPATH\Views\index.php(265): include()
 3 SYSTEMPATH\View\View.php(213): include('APPPATH\\Views\\index.php')
 4 SYSTEMPATH\View\View.php(216): CodeIgniter\View\View->CodeIgniter\View\{closure}()
 5 SYSTEMPATH\Common.php(1142): CodeIgniter\View\View->render('index', [], true)
 6 APPPATH\Controllers\Home.php(9): view('index')
 7 SYSTEMPATH\CodeIgniter.php(902): App\Controllers\Home->index()
 8 SYSTEMPATH\CodeIgniter.php(457): CodeIgniter\CodeIgniter->runController(Object(App\Controllers\Home))
 9 SYSTEMPATH\CodeIgniter.php(340): CodeIgniter\CodeIgniter->handleRequest(null, Object(Config\Cache), false)
10 FCPATH\index.php(67): CodeIgniter\CodeIgniter->run()
CRITICAL - 2023-02-23 12:06:24 --> include(connect.php): failed to open stream: No such file or directory
in APPPATH\Views\index.php on line 265.
 1 APPPATH\Views\index.php(265): CodeIgniter\Debug\Exceptions->errorHandler(2, 'include(connect.php): failed to open stream: No such file or directory', 'APPPATH\\Views\\index.php', 265, [])
 2 APPPATH\Views\index.php(265): include()
 3 SYSTEMPATH\View\View.php(213): include('APPPATH\\Views\\index.php')
 4 SYSTEMPATH\View\View.php(216): CodeIgniter\View\View->CodeIgniter\View\{closure}()
 5 SYSTEMPATH\Common.php(1142): CodeIgniter\View\View->render('index', [], true)
 6 APPPATH\Controllers\Home.php(9): view('index')
 7 SYSTEMPATH\CodeIgniter.php(902): App\Controllers\Home->index()
 8 SYSTEMPATH\CodeIgniter.php(457): CodeIgniter\CodeIgniter->runController(Object(App\Controllers\Home))
 9 SYSTEMPATH\CodeIgniter.php(340): CodeIgniter\CodeIgniter->handleRequest(null, Object(Config\Cache), false)
10 FCPATH\index.php(67): CodeIgniter\CodeIgniter->run()
CRITICAL - 2023-02-23 12:06:25 --> include(connect.php): failed to open stream: No such file or directory
in APPPATH\Views\index.php on line 265.
 1 APPPATH\Views\index.php(265): CodeIgniter\Debug\Exceptions->errorHandler(2, 'include(connect.php): failed to open stream: No such file or directory', 'APPPATH\\Views\\index.php', 265, [])
 2 APPPATH\Views\index.php(265): include()
 3 SYSTEMPATH\View\View.php(213): include('APPPATH\\Views\\index.php')
 4 SYSTEMPATH\View\View.php(216): CodeIgniter\View\View->CodeIgniter\View\{closure}()
 5 SYSTEMPATH\Common.php(1142): CodeIgniter\View\View->render('index', [], true)
 6 APPPATH\Controllers\Home.php(9): view('index')
 7 SYSTEMPATH\CodeIgniter.php(902): App\Controllers\Home->index()
 8 SYSTEMPATH\CodeIgniter.php(457): CodeIgniter\CodeIgniter->runController(Object(App\Controllers\Home))
 9 SYSTEMPATH\CodeIgniter.php(340): CodeIgniter\CodeIgniter->handleRequest(null, Object(Config\Cache), false)
10 FCPATH\index.php(67): CodeIgniter\CodeIgniter->run()
CRITICAL - 2023-02-23 12:06:25 --> include(connect.php): failed to open stream: No such file or directory
in APPPATH\Views\index.php on line 265.
 1 APPPATH\Views\index.php(265): CodeIgniter\Debug\Exceptions->errorHandler(2, 'include(connect.php): failed to open stream: No such file or directory', 'APPPATH\\Views\\index.php', 265, [])
 2 APPPATH\Views\index.php(265): include()
 3 SYSTEMPATH\View\View.php(213): include('APPPATH\\Views\\index.php')
 4 SYSTEMPATH\View\View.php(216): CodeIgniter\View\View->CodeIgniter\View\{closure}()
 5 SYSTEMPATH\Common.php(1142): CodeIgniter\View\View->render('index', [], true)
 6 APPPATH\Controllers\Home.php(9): view('index')
 7 SYSTEMPATH\CodeIgniter.php(902): App\Controllers\Home->index()
 8 SYSTEMPATH\CodeIgniter.php(457): CodeIgniter\CodeIgniter->runController(Object(App\Controllers\Home))
 9 SYSTEMPATH\CodeIgniter.php(340): CodeIgniter\CodeIgniter->handleRequest(null, Object(Config\Cache), false)
10 FCPATH\index.php(67): CodeIgniter\CodeIgniter->run()
CRITICAL - 2023-02-23 12:06:26 --> include(connect.php): failed to open stream: No such file or directory
in APPPATH\Views\index.php on line 265.
 1 APPPATH\Views\index.php(265): CodeIgniter\Debug\Exceptions->errorHandler(2, 'include(connect.php): failed to open stream: No such file or directory', 'APPPATH\\Views\\index.php', 265, [])
 2 APPPATH\Views\index.php(265): include()
 3 SYSTEMPATH\View\View.php(213): include('APPPATH\\Views\\index.php')
 4 SYSTEMPATH\View\View.php(216): CodeIgniter\View\View->CodeIgniter\View\{closure}()
 5 SYSTEMPATH\Common.php(1142): CodeIgniter\View\View->render('index', [], true)
 6 APPPATH\Controllers\Home.php(9): view('index')
 7 SYSTEMPATH\CodeIgniter.php(902): App\Controllers\Home->index()
 8 SYSTEMPATH\CodeIgniter.php(457): CodeIgniter\CodeIgniter->runController(Object(App\Controllers\Home))
 9 SYSTEMPATH\CodeIgniter.php(340): CodeIgniter\CodeIgniter->handleRequest(null, Object(Config\Cache), false)
10 FCPATH\index.php(67): CodeIgniter\CodeIgniter->run()
CRITICAL - 2023-02-23 12:06:26 --> include(connect.php): failed to open stream: No such file or directory
in APPPATH\Views\index.php on line 265.
 1 APPPATH\Views\index.php(265): CodeIgniter\Debug\Exceptions->errorHandler(2, 'include(connect.php): failed to open stream: No such file or directory', 'APPPATH\\Views\\index.php', 265, [])
 2 APPPATH\Views\index.php(265): include()
 3 SYSTEMPATH\View\View.php(213): include('APPPATH\\Views\\index.php')
 4 SYSTEMPATH\View\View.php(216): CodeIgniter\View\View->CodeIgniter\View\{closure}()
 5 SYSTEMPATH\Common.php(1142): CodeIgniter\View\View->render('index', [], true)
 6 APPPATH\Controllers\Home.php(9): view('index')
 7 SYSTEMPATH\CodeIgniter.php(902): App\Controllers\Home->index()
 8 SYSTEMPATH\CodeIgniter.php(457): CodeIgniter\CodeIgniter->runController(Object(App\Controllers\Home))
 9 SYSTEMPATH\CodeIgniter.php(340): CodeIgniter\CodeIgniter->handleRequest(null, Object(Config\Cache), false)
10 FCPATH\index.php(67): CodeIgniter\CodeIgniter->run()
CRITICAL - 2023-02-23 12:06:26 --> include(connect.php): failed to open stream: No such file or directory
in APPPATH\Views\index.php on line 265.
 1 APPPATH\Views\index.php(265): CodeIgniter\Debug\Exceptions->errorHandler(2, 'include(connect.php): failed to open stream: No such file or directory', 'APPPATH\\Views\\index.php', 265, [])
 2 APPPATH\Views\index.php(265): include()
 3 SYSTEMPATH\View\View.php(213): include('APPPATH\\Views\\index.php')
 4 SYSTEMPATH\View\View.php(216): CodeIgniter\View\View->CodeIgniter\View\{closure}()
 5 SYSTEMPATH\Common.php(1142): CodeIgniter\View\View->render('index', [], true)
 6 APPPATH\Controllers\Home.php(9): view('index')
 7 SYSTEMPATH\CodeIgniter.php(902): App\Controllers\Home->index()
 8 SYSTEMPATH\CodeIgniter.php(457): CodeIgniter\CodeIgniter->runController(Object(App\Controllers\Home))
 9 SYSTEMPATH\CodeIgniter.php(340): CodeIgniter\CodeIgniter->handleRequest(null, Object(Config\Cache), false)
10 FCPATH\index.php(67): CodeIgniter\CodeIgniter->run()
CRITICAL - 2023-02-23 12:06:26 --> include(connect.php): failed to open stream: No such file or directory
in APPPATH\Views\index.php on line 265.
 1 APPPATH\Views\index.php(265): CodeIgniter\Debug\Exceptions->errorHandler(2, 'include(connect.php): failed to open stream: No such file or directory', 'APPPATH\\Views\\index.php', 265, [])
 2 APPPATH\Views\index.php(265): include()
 3 SYSTEMPATH\View\View.php(213): include('APPPATH\\Views\\index.php')
 4 SYSTEMPATH\View\View.php(216): CodeIgniter\View\View->CodeIgniter\View\{closure}()
 5 SYSTEMPATH\Common.php(1142): CodeIgniter\View\View->render('index', [], true)
 6 APPPATH\Controllers\Home.php(9): view('index')
 7 SYSTEMPATH\CodeIgniter.php(902): App\Controllers\Home->index()
 8 SYSTEMPATH\CodeIgniter.php(457): CodeIgniter\CodeIgniter->runController(Object(App\Controllers\Home))
 9 SYSTEMPATH\CodeIgniter.php(340): CodeIgniter\CodeIgniter->handleRequest(null, Object(Config\Cache), false)
10 FCPATH\index.php(67): CodeIgniter\CodeIgniter->run()
CRITICAL - 2023-02-23 12:06:26 --> include(connect.php): failed to open stream: No such file or directory
in APPPATH\Views\index.php on line 265.
 1 APPPATH\Views\index.php(265): CodeIgniter\Debug\Exceptions->errorHandler(2, 'include(connect.php): failed to open stream: No such file or directory', 'APPPATH\\Views\\index.php', 265, [])
 2 APPPATH\Views\index.php(265): include()
 3 SYSTEMPATH\View\View.php(213): include('APPPATH\\Views\\index.php')
 4 SYSTEMPATH\View\View.php(216): CodeIgniter\View\View->CodeIgniter\View\{closure}()
 5 SYSTEMPATH\Common.php(1142): CodeIgniter\View\View->render('index', [], true)
 6 APPPATH\Controllers\Home.php(9): view('index')
 7 SYSTEMPATH\CodeIgniter.php(902): App\Controllers\Home->index()
 8 SYSTEMPATH\CodeIgniter.php(457): CodeIgniter\CodeIgniter->runController(Object(App\Controllers\Home))
 9 SYSTEMPATH\CodeIgniter.php(340): CodeIgniter\CodeIgniter->handleRequest(null, Object(Config\Cache), false)
10 FCPATH\index.php(67): CodeIgniter\CodeIgniter->run()
CRITICAL - 2023-02-23 12:06:27 --> include(connect.php): failed to open stream: No such file or directory
in APPPATH\Views\index.php on line 265.
 1 APPPATH\Views\index.php(265): CodeIgniter\Debug\Exceptions->errorHandler(2, 'include(connect.php): failed to open stream: No such file or directory', 'APPPATH\\Views\\index.php', 265, [])
 2 APPPATH\Views\index.php(265): include()
 3 SYSTEMPATH\View\View.php(213): include('APPPATH\\Views\\index.php')
 4 SYSTEMPATH\View\View.php(216): CodeIgniter\View\View->CodeIgniter\View\{closure}()
 5 SYSTEMPATH\Common.php(1142): CodeIgniter\View\View->render('index', [], true)
 6 APPPATH\Controllers\Home.php(9): view('index')
 7 SYSTEMPATH\CodeIgniter.php(902): App\Controllers\Home->index()
 8 SYSTEMPATH\CodeIgniter.php(457): CodeIgniter\CodeIgniter->runController(Object(App\Controllers\Home))
 9 SYSTEMPATH\CodeIgniter.php(340): CodeIgniter\CodeIgniter->handleRequest(null, Object(Config\Cache), false)
10 FCPATH\index.php(67): CodeIgniter\CodeIgniter->run()
CRITICAL - 2023-02-23 12:06:28 --> include(connect.php): failed to open stream: No such file or directory
in APPPATH\Views\index.php on line 265.
 1 APPPATH\Views\index.php(265): CodeIgniter\Debug\Exceptions->errorHandler(2, 'include(connect.php): failed to open stream: No such file or directory', 'APPPATH\\Views\\index.php', 265, [])
 2 APPPATH\Views\index.php(265): include()
 3 SYSTEMPATH\View\View.php(213): include('APPPATH\\Views\\index.php')
 4 SYSTEMPATH\View\View.php(216): CodeIgniter\View\View->CodeIgniter\View\{closure}()
 5 SYSTEMPATH\Common.php(1142): CodeIgniter\View\View->render('index', [], true)
 6 APPPATH\Controllers\Home.php(9): view('index')
 7 SYSTEMPATH\CodeIgniter.php(902): App\Controllers\Home->index()
 8 SYSTEMPATH\CodeIgniter.php(457): CodeIgniter\CodeIgniter->runController(Object(App\Controllers\Home))
 9 SYSTEMPATH\CodeIgniter.php(340): CodeIgniter\CodeIgniter->handleRequest(null, Object(Config\Cache), false)
10 FCPATH\index.php(67): CodeIgniter\CodeIgniter->run()
CRITICAL - 2023-02-23 12:09:27 --> include(connect.php): failed to open stream: No such file or directory
in APPPATH\Views\index.php on line 265.
 1 APPPATH\Views\index.php(265): CodeIgniter\Debug\Exceptions->errorHandler(2, 'include(connect.php): failed to open stream: No such file or directory', 'APPPATH\\Views\\index.php', 265, [])
 2 APPPATH\Views\index.php(265): include()
 3 SYSTEMPATH\View\View.php(213): include('APPPATH\\Views\\index.php')
 4 SYSTEMPATH\View\View.php(216): CodeIgniter\View\View->CodeIgniter\View\{closure}()
 5 SYSTEMPATH\Common.php(1142): CodeIgniter\View\View->render('index', [], true)
 6 APPPATH\Controllers\Home.php(9): view('index')
 7 SYSTEMPATH\CodeIgniter.php(902): App\Controllers\Home->index()
 8 SYSTEMPATH\CodeIgniter.php(457): CodeIgniter\CodeIgniter->runController(Object(App\Controllers\Home))
 9 SYSTEMPATH\CodeIgniter.php(340): CodeIgniter\CodeIgniter->handleRequest(null, Object(Config\Cache), false)
10 FCPATH\index.php(67): CodeIgniter\CodeIgniter->run()
CRITICAL - 2023-02-23 12:13:04 --> include(connect.php): failed to open stream: No such file or directory
in APPPATH\Views\index.php on line 265.
 1 APPPATH\Views\index.php(265): CodeIgniter\Debug\Exceptions->errorHandler(2, 'include(connect.php): failed to open stream: No such file or directory', 'APPPATH\\Views\\index.php', 265, [])
 2 APPPATH\Views\index.php(265): include()
 3 SYSTEMPATH\View\View.php(213): include('APPPATH\\Views\\index.php')
 4 SYSTEMPATH\View\View.php(216): CodeIgniter\View\View->CodeIgniter\View\{closure}()
 5 SYSTEMPATH\Common.php(1142): CodeIgniter\View\View->render('index', [], true)
 6 APPPATH\Controllers\Home.php(9): view('index')
 7 SYSTEMPATH\CodeIgniter.php(902): App\Controllers\Home->index()
 8 SYSTEMPATH\CodeIgniter.php(457): CodeIgniter\CodeIgniter->runController(Object(App\Controllers\Home))
 9 SYSTEMPATH\CodeIgniter.php(340): CodeIgniter\CodeIgniter->handleRequest(null, Object(Config\Cache), false)
10 FCPATH\index.php(67): CodeIgniter\CodeIgniter->run()
CRITICAL - 2023-02-23 12:13:07 --> include(connect.php): failed to open stream: No such file or directory
in APPPATH\Views\index.php on line 265.
 1 APPPATH\Views\index.php(265): CodeIgniter\Debug\Exceptions->errorHandler(2, 'include(connect.php): failed to open stream: No such file or directory', 'APPPATH\\Views\\index.php', 265, [])
 2 APPPATH\Views\index.php(265): include()
 3 SYSTEMPATH\View\View.php(213): include('APPPATH\\Views\\index.php')
 4 SYSTEMPATH\View\View.php(216): CodeIgniter\View\View->CodeIgniter\View\{closure}()
 5 SYSTEMPATH\Common.php(1142): CodeIgniter\View\View->render('index', [], true)
 6 APPPATH\Controllers\Home.php(9): view('index')
 7 SYSTEMPATH\CodeIgniter.php(902): App\Controllers\Home->index()
 8 SYSTEMPATH\CodeIgniter.php(457): CodeIgniter\CodeIgniter->runController(Object(App\Controllers\Home))
 9 SYSTEMPATH\CodeIgniter.php(340): CodeIgniter\CodeIgniter->handleRequest(null, Object(Config\Cache), false)
10 FCPATH\index.php(67): CodeIgniter\CodeIgniter->run()
CRITICAL - 2023-02-23 12:13:08 --> include(connect.php): failed to open stream: No such file or directory
in APPPATH\Views\index.php on line 265.
 1 APPPATH\Views\index.php(265): CodeIgniter\Debug\Exceptions->errorHandler(2, 'include(connect.php): failed to open stream: No such file or directory', 'APPPATH\\Views\\index.php', 265, [])
 2 APPPATH\Views\index.php(265): include()
 3 SYSTEMPATH\View\View.php(213): include('APPPATH\\Views\\index.php')
 4 SYSTEMPATH\View\View.php(216): CodeIgniter\View\View->CodeIgniter\View\{closure}()
 5 SYSTEMPATH\Common.php(1142): CodeIgniter\View\View->render('index', [], true)
 6 APPPATH\Controllers\Home.php(9): view('index')
 7 SYSTEMPATH\CodeIgniter.php(902): App\Controllers\Home->index()
 8 SYSTEMPATH\CodeIgniter.php(457): CodeIgniter\CodeIgniter->runController(Object(App\Controllers\Home))
 9 SYSTEMPATH\CodeIgniter.php(340): CodeIgniter\CodeIgniter->handleRequest(null, Object(Config\Cache), false)
10 FCPATH\index.php(67): CodeIgniter\CodeIgniter->run()
CRITICAL - 2023-02-23 12:13:08 --> include(connect.php): failed to open stream: No such file or directory
in APPPATH\Views\index.php on line 265.
 1 APPPATH\Views\index.php(265): CodeIgniter\Debug\Exceptions->errorHandler(2, 'include(connect.php): failed to open stream: No such file or directory', 'APPPATH\\Views\\index.php', 265, [])
 2 APPPATH\Views\index.php(265): include()
 3 SYSTEMPATH\View\View.php(213): include('APPPATH\\Views\\index.php')
 4 SYSTEMPATH\View\View.php(216): CodeIgniter\View\View->CodeIgniter\View\{closure}()
 5 SYSTEMPATH\Common.php(1142): CodeIgniter\View\View->render('index', [], true)
 6 APPPATH\Controllers\Home.php(9): view('index')
 7 SYSTEMPATH\CodeIgniter.php(902): App\Controllers\Home->index()
 8 SYSTEMPATH\CodeIgniter.php(457): CodeIgniter\CodeIgniter->runController(Object(App\Controllers\Home))
 9 SYSTEMPATH\CodeIgniter.php(340): CodeIgniter\CodeIgniter->handleRequest(null, Object(Config\Cache), false)
10 FCPATH\index.php(67): CodeIgniter\CodeIgniter->run()
CRITICAL - 2023-02-23 12:13:32 --> include(connect.php): failed to open stream: No such file or directory
in APPPATH\Views\index.php on line 265.
 1 APPPATH\Views\index.php(265): CodeIgniter\Debug\Exceptions->errorHandler(2, 'include(connect.php): failed to open stream: No such file or directory', 'APPPATH\\Views\\index.php', 265, [])
 2 APPPATH\Views\index.php(265): include()
 3 SYSTEMPATH\View\View.php(213): include('APPPATH\\Views\\index.php')
 4 SYSTEMPATH\View\View.php(216): CodeIgniter\View\View->CodeIgniter\View\{closure}()
 5 SYSTEMPATH\Common.php(1142): CodeIgniter\View\View->render('index', [], true)
 6 APPPATH\Controllers\Home.php(9): view('index')
 7 SYSTEMPATH\CodeIgniter.php(902): App\Controllers\Home->index()
 8 SYSTEMPATH\CodeIgniter.php(457): CodeIgniter\CodeIgniter->runController(Object(App\Controllers\Home))
 9 SYSTEMPATH\CodeIgniter.php(340): CodeIgniter\CodeIgniter->handleRequest(null, Object(Config\Cache), false)
10 FCPATH\index.php(67): CodeIgniter\CodeIgniter->run()
CRITICAL - 2023-02-23 12:13:33 --> include(connect.php): failed to open stream: No such file or directory
in APPPATH\Views\index.php on line 265.
 1 APPPATH\Views\index.php(265): CodeIgniter\Debug\Exceptions->errorHandler(2, 'include(connect.php): failed to open stream: No such file or directory', 'APPPATH\\Views\\index.php', 265, [])
 2 APPPATH\Views\index.php(265): include()
 3 SYSTEMPATH\View\View.php(213): include('APPPATH\\Views\\index.php')
 4 SYSTEMPATH\View\View.php(216): CodeIgniter\View\View->CodeIgniter\View\{closure}()
 5 SYSTEMPATH\Common.php(1142): CodeIgniter\View\View->render('index', [], true)
 6 APPPATH\Controllers\Home.php(9): view('index')
 7 SYSTEMPATH\CodeIgniter.php(902): App\Controllers\Home->index()
 8 SYSTEMPATH\CodeIgniter.php(457): CodeIgniter\CodeIgniter->runController(Object(App\Controllers\Home))
 9 SYSTEMPATH\CodeIgniter.php(340): CodeIgniter\CodeIgniter->handleRequest(null, Object(Config\Cache), false)
10 FCPATH\index.php(67): CodeIgniter\CodeIgniter->run()
CRITICAL - 2023-02-23 12:13:33 --> include(connect.php): failed to open stream: No such file or directory
in APPPATH\Views\index.php on line 265.
 1 APPPATH\Views\index.php(265): CodeIgniter\Debug\Exceptions->errorHandler(2, 'include(connect.php): failed to open stream: No such file or directory', 'APPPATH\\Views\\index.php', 265, [])
 2 APPPATH\Views\index.php(265): include()
 3 SYSTEMPATH\View\View.php(213): include('APPPATH\\Views\\index.php')
 4 SYSTEMPATH\View\View.php(216): CodeIgniter\View\View->CodeIgniter\View\{closure}()
 5 SYSTEMPATH\Common.php(1142): CodeIgniter\View\View->render('index', [], true)
 6 APPPATH\Controllers\Home.php(9): view('index')
 7 SYSTEMPATH\CodeIgniter.php(902): App\Controllers\Home->index()
 8 SYSTEMPATH\CodeIgniter.php(457): CodeIgniter\CodeIgniter->runController(Object(App\Controllers\Home))
 9 SYSTEMPATH\CodeIgniter.php(340): CodeIgniter\CodeIgniter->handleRequest(null, Object(Config\Cache), false)
10 FCPATH\index.php(67): CodeIgniter\CodeIgniter->run()
