CRITICAL - 2023-03-11 06:18:18 --> Invalid file: log.php
in SYSTEMPATH\Exceptions\FrameworkException.php on line 33.
 1 SYSTEMPATH\View\View.php(201): CodeIgniter\Exceptions\FrameworkException::forInvalidFile('log.php')
 2 SYSTEMPATH\Common.php(1142): CodeIgniter\View\View->render('log', [], true)
 3 APPPATH\Controllers\Logincontrol.php(9): view('log')
 4 SYSTEMPATH\CodeIgniter.php(902): App\Controllers\Logincontrol->teste()
 5 SYSTEMPATH\CodeIgniter.php(457): CodeIgniter\CodeIgniter->runController(Object(App\Controllers\Logincontrol))
 6 SYSTEMPATH\CodeIgniter.php(340): CodeIgniter\CodeIgniter->handleRequest(null, Object(Config\Cache), false)
 7 FCPATH\index.php(67): CodeIgniter\CodeIgniter->run()
CRITICAL - 2023-03-11 06:18:22 --> Invalid file: log.php
in SYSTEMPATH\Exceptions\FrameworkException.php on line 33.
 1 SYSTEMPATH\View\View.php(201): CodeIgniter\Exceptions\FrameworkException::forInvalidFile('log.php')
 2 SYSTEMPATH\Common.php(1142): CodeIgniter\View\View->render('log', [], true)
 3 APPPATH\Controllers\Logincontrol.php(9): view('log')
 4 SYSTEMPATH\CodeIgniter.php(902): App\Controllers\Logincontrol->teste()
 5 SYSTEMPATH\CodeIgniter.php(457): CodeIgniter\CodeIgniter->runController(Object(App\Controllers\Logincontrol))
 6 SYSTEMPATH\CodeIgniter.php(340): CodeIgniter\CodeIgniter->handleRequest(null, Object(Config\Cache), false)
 7 FCPATH\index.php(67): CodeIgniter\CodeIgniter->run()
CRITICAL - 2023-03-11 06:18:44 --> Invalid file: log.php
in SYSTEMPATH\Exceptions\FrameworkException.php on line 33.
 1 SYSTEMPATH\View\View.php(201): CodeIgniter\Exceptions\FrameworkException::forInvalidFile('log.php')
 2 SYSTEMPATH\Common.php(1142): CodeIgniter\View\View->render('log', [], true)
 3 APPPATH\Controllers\Logincontrol.php(9): view('log')
 4 SYSTEMPATH\CodeIgniter.php(902): App\Controllers\Logincontrol->teste()
 5 SYSTEMPATH\CodeIgniter.php(457): CodeIgniter\CodeIgniter->runController(Object(App\Controllers\Logincontrol))
 6 SYSTEMPATH\CodeIgniter.php(340): CodeIgniter\CodeIgniter->handleRequest(null, Object(Config\Cache), false)
 7 FCPATH\index.php(67): CodeIgniter\CodeIgniter->run()
CRITICAL - 2023-03-11 06:18:47 --> Invalid file: log.php
in SYSTEMPATH\Exceptions\FrameworkException.php on line 33.
 1 SYSTEMPATH\View\View.php(201): CodeIgniter\Exceptions\FrameworkException::forInvalidFile('log.php')
 2 SYSTEMPATH\Common.php(1142): CodeIgniter\View\View->render('log', [], true)
 3 APPPATH\Controllers\Logincontrol.php(9): view('log')
 4 SYSTEMPATH\CodeIgniter.php(902): App\Controllers\Logincontrol->teste()
 5 SYSTEMPATH\CodeIgniter.php(457): CodeIgniter\CodeIgniter->runController(Object(App\Controllers\Logincontrol))
 6 SYSTEMPATH\CodeIgniter.php(340): CodeIgniter\CodeIgniter->handleRequest(null, Object(Config\Cache), false)
 7 FCPATH\index.php(67): CodeIgniter\CodeIgniter->run()
