CRITICAL - 2023-03-14 02:53:13 --> Class 'App\Controllers\Hash' not found
in APPPATH\Controllers\Logincontrol.php on line 40.
 1 SYSTEMPATH\CodeIgniter.php(902): App\Controllers\Logincontrol->check()
 2 SYSTEMPATH\CodeIgniter.php(457): CodeIgniter\CodeIgniter->runController(Object(App\Controllers\Logincontrol))
 3 SYSTEMPATH\CodeIgniter.php(340): CodeIgniter\CodeIgniter->handleRequest(null, Object(Config\Cache), false)
 4 FCPATH\index.php(67): CodeIgniter\CodeIgniter->run()
 5 SYSTEMPATH\Commands\Server\rewrite.php(46): require_once('FCPATH\\index.php')
CRITICAL - 2023-03-14 07:53:19 --> Class 'App\Controllers\Hash' not found
in APPPATH\Controllers\Logincontrol.php on line 40.
 1 SYSTEMPATH\CodeIgniter.php(902): App\Controllers\Logincontrol->check()
 2 SYSTEMPATH\CodeIgniter.php(457): CodeIgniter\CodeIgniter->runController(Object(App\Controllers\Logincontrol))
 3 SYSTEMPATH\CodeIgniter.php(340): CodeIgniter\CodeIgniter->handleRequest(null, Object(Config\Cache), false)
 4 FCPATH\index.php(67): CodeIgniter\CodeIgniter->run()
 5 SYSTEMPATH\Commands\Server\rewrite.php(46): require_once('FCPATH\\index.php')
CRITICAL - 2023-03-14 07:54:02 --> Class 'App\Controllers\Hash' not found
in APPPATH\Controllers\Logincontrol.php on line 40.
 1 SYSTEMPATH\CodeIgniter.php(902): App\Controllers\Logincontrol->check()
 2 SYSTEMPATH\CodeIgniter.php(457): CodeIgniter\CodeIgniter->runController(Object(App\Controllers\Logincontrol))
 3 SYSTEMPATH\CodeIgniter.php(340): CodeIgniter\CodeIgniter->handleRequest(null, Object(Config\Cache), false)
 4 FCPATH\index.php(67): CodeIgniter\CodeIgniter->run()
 5 SYSTEMPATH\Commands\Server\rewrite.php(46): require_once('FCPATH\\index.php')
CRITICAL - 2023-03-14 07:55:00 --> Class 'App\Controllers\Hash' not found
in APPPATH\Controllers\Logincontrol.php on line 40.
 1 SYSTEMPATH\CodeIgniter.php(902): App\Controllers\Logincontrol->check()
 2 SYSTEMPATH\CodeIgniter.php(457): CodeIgniter\CodeIgniter->runController(Object(App\Controllers\Logincontrol))
 3 SYSTEMPATH\CodeIgniter.php(340): CodeIgniter\CodeIgniter->handleRequest(null, Object(Config\Cache), false)
 4 FCPATH\index.php(67): CodeIgniter\CodeIgniter->run()
 5 SYSTEMPATH\Commands\Server\rewrite.php(46): require_once('FCPATH\\index.php')
CRITICAL - 2023-03-14 07:55:46 --> Class 'App\Controllers\Hash' not found
in APPPATH\Controllers\Logincontrol.php on line 40.
 1 SYSTEMPATH\CodeIgniter.php(902): App\Controllers\Logincontrol->check()
 2 SYSTEMPATH\CodeIgniter.php(457): CodeIgniter\CodeIgniter->runController(Object(App\Controllers\Logincontrol))
 3 SYSTEMPATH\CodeIgniter.php(340): CodeIgniter\CodeIgniter->handleRequest(null, Object(Config\Cache), false)
 4 FCPATH\index.php(67): CodeIgniter\CodeIgniter->run()
 5 SYSTEMPATH\Commands\Server\rewrite.php(46): require_once('FCPATH\\index.php')
CRITICAL - 2023-03-14 07:58:57 --> Class 'App\Controllers\Hash' not found
in APPPATH\Controllers\Logincontrol.php on line 40.
 1 SYSTEMPATH\CodeIgniter.php(902): App\Controllers\Logincontrol->check()
 2 SYSTEMPATH\CodeIgniter.php(457): CodeIgniter\CodeIgniter->runController(Object(App\Controllers\Logincontrol))
 3 SYSTEMPATH\CodeIgniter.php(340): CodeIgniter\CodeIgniter->handleRequest(null, Object(Config\Cache), false)
 4 FCPATH\index.php(67): CodeIgniter\CodeIgniter->run()
 5 SYSTEMPATH\Commands\Server\rewrite.php(46): require_once('FCPATH\\index.php')
CRITICAL - 2023-03-14 07:59:36 --> Class 'App\Controllers\Hash' not found
in APPPATH\Controllers\Logincontrol.php on line 40.
 1 SYSTEMPATH\CodeIgniter.php(902): App\Controllers\Logincontrol->check()
 2 SYSTEMPATH\CodeIgniter.php(457): CodeIgniter\CodeIgniter->runController(Object(App\Controllers\Logincontrol))
 3 SYSTEMPATH\CodeIgniter.php(340): CodeIgniter\CodeIgniter->handleRequest(null, Object(Config\Cache), false)
 4 FCPATH\index.php(67): CodeIgniter\CodeIgniter->run()
 5 SYSTEMPATH\Commands\Server\rewrite.php(46): require_once('FCPATH\\index.php')
CRITICAL - 2023-03-14 08:03:40 --> Class 'App\Controllers\Hash' not found
in APPPATH\Controllers\Logincontrol.php on line 40.
 1 SYSTEMPATH\CodeIgniter.php(902): App\Controllers\Logincontrol->check()
 2 SYSTEMPATH\CodeIgniter.php(457): CodeIgniter\CodeIgniter->runController(Object(App\Controllers\Logincontrol))
 3 SYSTEMPATH\CodeIgniter.php(340): CodeIgniter\CodeIgniter->handleRequest(null, Object(Config\Cache), false)
 4 FCPATH\index.php(67): CodeIgniter\CodeIgniter->run()
 5 SYSTEMPATH\Commands\Server\rewrite.php(46): require_once('FCPATH\\index.php')
