ERROR - 2023-03-09 01:02:32 --> mysqli_sql_exception: Column 'province' cannot be null in E:\ProjetCodphp\AgenceLogement\system\Database\MySQLi\Connection.php:292
Stack trace:
#0 E:\ProjetCodphp\AgenceLogement\system\Database\MySQLi\Connection.php(292): mysqli->query('INSERT INTO `lo...', 0)
#1 E:\ProjetCodphp\AgenceLogement\system\Database\BaseConnection.php(693): CodeIgniter\Database\MySQLi\Connection->execute('INSERT INTO `lo...')
#2 E:\ProjetCodphp\AgenceLogement\system\Database\BaseConnection.php(620): CodeIgniter\Database\BaseConnection->simpleQuery('INSERT INTO `lo...')
#3 E:\ProjetCodphp\AgenceLogement\system\Database\BaseBuilder.php(1916): CodeIgniter\Database\BaseConnection->query('INSERT INTO `lo...', Array, false)
#4 E:\ProjetCodphp\AgenceLogement\system\Model.php(279): CodeIgniter\Database\BaseBuilder->insert()
#5 E:\ProjetCodphp\AgenceLogement\system\BaseModel.php(748): CodeIgniter\Model->doInsert(Array)
#6 E:\ProjetCodphp\AgenceLogement\system\Model.php(667): CodeIgniter\BaseModel->insert(Array, true)
#7 E:\ProjetCodphp\AgenceLogement\app\Controllers\Logementcontrol.php(33): CodeIgniter\Model->insert(Array)
#8 E:\ProjetCodphp\AgenceLogement\system\CodeIgniter.php(902): App\Controllers\Logementcontrol->save()
#9 E:\ProjetCodphp\AgenceLogement\system\CodeIgniter.php(457): CodeIgniter\CodeIgniter->runController(Object(App\Controllers\Logementcontrol))
#10 E:\ProjetCodphp\AgenceLogement\system\CodeIgniter.php(340): CodeIgniter\CodeIgniter->handleRequest(NULL, Object(Config\Cache), false)
#11 E:\ProjetCodphp\AgenceLogement\public\index.php(67): CodeIgniter\CodeIgniter->run()
#12 E:\ProjetCodphp\AgenceLogement\system\Commands\Server\rewrite.php(46): require_once('E:\\ProjetCodphp...')
#13 {main}
ERROR - 2023-03-09 01:09:28 --> mysqli_sql_exception: Column 'province' cannot be null in E:\ProjetCodphp\AgenceLogement\system\Database\MySQLi\Connection.php:292
Stack trace:
#0 E:\ProjetCodphp\AgenceLogement\system\Database\MySQLi\Connection.php(292): mysqli->query('INSERT INTO `lo...', 0)
#1 E:\ProjetCodphp\AgenceLogement\system\Database\BaseConnection.php(693): CodeIgniter\Database\MySQLi\Connection->execute('INSERT INTO `lo...')
#2 E:\ProjetCodphp\AgenceLogement\system\Database\BaseConnection.php(620): CodeIgniter\Database\BaseConnection->simpleQuery('INSERT INTO `lo...')
#3 E:\ProjetCodphp\AgenceLogement\system\Database\BaseBuilder.php(1916): CodeIgniter\Database\BaseConnection->query('INSERT INTO `lo...', Array, false)
#4 E:\ProjetCodphp\AgenceLogement\system\Model.php(279): CodeIgniter\Database\BaseBuilder->insert()
#5 E:\ProjetCodphp\AgenceLogement\system\BaseModel.php(748): CodeIgniter\Model->doInsert(Array)
#6 E:\ProjetCodphp\AgenceLogement\system\Model.php(667): CodeIgniter\BaseModel->insert(Array, true)
#7 E:\ProjetCodphp\AgenceLogement\app\Controllers\Logementcontrol.php(33): CodeIgniter\Model->insert(Array)
#8 E:\ProjetCodphp\AgenceLogement\system\CodeIgniter.php(902): App\Controllers\Logementcontrol->save()
#9 E:\ProjetCodphp\AgenceLogement\system\CodeIgniter.php(457): CodeIgniter\CodeIgniter->runController(Object(App\Controllers\Logementcontrol))
#10 E:\ProjetCodphp\AgenceLogement\system\CodeIgniter.php(340): CodeIgniter\CodeIgniter->handleRequest(NULL, Object(Config\Cache), false)
#11 E:\ProjetCodphp\AgenceLogement\public\index.php(67): CodeIgniter\CodeIgniter->run()
#12 E:\ProjetCodphp\AgenceLogement\system\Commands\Server\rewrite.php(46): require_once('E:\\ProjetCodphp...')
#13 {main}
ERROR - 2023-03-09 01:21:53 --> mysqli_sql_exception: Column 'province' cannot be null in E:\ProjetCodphp\AgenceLogement\system\Database\MySQLi\Connection.php:292
Stack trace:
#0 E:\ProjetCodphp\AgenceLogement\system\Database\MySQLi\Connection.php(292): mysqli->query('INSERT INTO `lo...', 0)
#1 E:\ProjetCodphp\AgenceLogement\system\Database\BaseConnection.php(693): CodeIgniter\Database\MySQLi\Connection->execute('INSERT INTO `lo...')
#2 E:\ProjetCodphp\AgenceLogement\system\Database\BaseConnection.php(620): CodeIgniter\Database\BaseConnection->simpleQuery('INSERT INTO `lo...')
#3 E:\ProjetCodphp\AgenceLogement\system\Database\BaseBuilder.php(1916): CodeIgniter\Database\BaseConnection->query('INSERT INTO `lo...', Array, false)
#4 E:\ProjetCodphp\AgenceLogement\system\Model.php(279): CodeIgniter\Database\BaseBuilder->insert()
#5 E:\ProjetCodphp\AgenceLogement\system\BaseModel.php(748): CodeIgniter\Model->doInsert(Array)
#6 E:\ProjetCodphp\AgenceLogement\system\Model.php(667): CodeIgniter\BaseModel->insert(Array, true)
#7 E:\ProjetCodphp\AgenceLogement\app\Controllers\Logementcontrol.php(33): CodeIgniter\Model->insert(Array)
#8 E:\ProjetCodphp\AgenceLogement\system\CodeIgniter.php(902): App\Controllers\Logementcontrol->save()
#9 E:\ProjetCodphp\AgenceLogement\system\CodeIgniter.php(457): CodeIgniter\CodeIgniter->runController(Object(App\Controllers\Logementcontrol))
#10 E:\ProjetCodphp\AgenceLogement\system\CodeIgniter.php(340): CodeIgniter\CodeIgniter->handleRequest(NULL, Object(Config\Cache), false)
#11 E:\ProjetCodphp\AgenceLogement\public\index.php(67): CodeIgniter\CodeIgniter->run()
#12 E:\ProjetCodphp\AgenceLogement\system\Commands\Server\rewrite.php(46): require_once('E:\\ProjetCodphp...')
#13 {main}
ERROR - 2023-03-09 01:23:53 --> mysqli_sql_exception: Column 'province' cannot be null in E:\ProjetCodphp\AgenceLogement\system\Database\MySQLi\Connection.php:292
Stack trace:
#0 E:\ProjetCodphp\AgenceLogement\system\Database\MySQLi\Connection.php(292): mysqli->query('INSERT INTO `lo...', 0)
#1 E:\ProjetCodphp\AgenceLogement\system\Database\BaseConnection.php(693): CodeIgniter\Database\MySQLi\Connection->execute('INSERT INTO `lo...')
#2 E:\ProjetCodphp\AgenceLogement\system\Database\BaseConnection.php(620): CodeIgniter\Database\BaseConnection->simpleQuery('INSERT INTO `lo...')
#3 E:\ProjetCodphp\AgenceLogement\system\Database\BaseBuilder.php(1916): CodeIgniter\Database\BaseConnection->query('INSERT INTO `lo...', Array, false)
#4 E:\ProjetCodphp\AgenceLogement\system\Model.php(279): CodeIgniter\Database\BaseBuilder->insert()
#5 E:\ProjetCodphp\AgenceLogement\system\BaseModel.php(748): CodeIgniter\Model->doInsert(Array)
#6 E:\ProjetCodphp\AgenceLogement\system\Model.php(667): CodeIgniter\BaseModel->insert(Array, true)
#7 E:\ProjetCodphp\AgenceLogement\app\Controllers\Logementcontrol.php(33): CodeIgniter\Model->insert(Array)
#8 E:\ProjetCodphp\AgenceLogement\system\CodeIgniter.php(902): App\Controllers\Logementcontrol->save()
#9 E:\ProjetCodphp\AgenceLogement\system\CodeIgniter.php(457): CodeIgniter\CodeIgniter->runController(Object(App\Controllers\Logementcontrol))
#10 E:\ProjetCodphp\AgenceLogement\system\CodeIgniter.php(340): CodeIgniter\CodeIgniter->handleRequest(NULL, Object(Config\Cache), false)
#11 E:\ProjetCodphp\AgenceLogement\public\index.php(67): CodeIgniter\CodeIgniter->run()
#12 E:\ProjetCodphp\AgenceLogement\system\Commands\Server\rewrite.php(46): require_once('E:\\ProjetCodphp...')
#13 {main}
ERROR - 2023-03-09 01:32:14 --> mysqli_sql_exception: Column 'province' cannot be null in E:\ProjetCodphp\AgenceLogement\system\Database\MySQLi\Connection.php:292
Stack trace:
#0 E:\ProjetCodphp\AgenceLogement\system\Database\MySQLi\Connection.php(292): mysqli->query('INSERT INTO `lo...', 0)
#1 E:\ProjetCodphp\AgenceLogement\system\Database\BaseConnection.php(693): CodeIgniter\Database\MySQLi\Connection->execute('INSERT INTO `lo...')
#2 E:\ProjetCodphp\AgenceLogement\system\Database\BaseConnection.php(620): CodeIgniter\Database\BaseConnection->simpleQuery('INSERT INTO `lo...')
#3 E:\ProjetCodphp\AgenceLogement\system\Database\BaseBuilder.php(1916): CodeIgniter\Database\BaseConnection->query('INSERT INTO `lo...', Array, false)
#4 E:\ProjetCodphp\AgenceLogement\system\Model.php(279): CodeIgniter\Database\BaseBuilder->insert()
#5 E:\ProjetCodphp\AgenceLogement\system\BaseModel.php(748): CodeIgniter\Model->doInsert(Array)
#6 E:\ProjetCodphp\AgenceLogement\system\Model.php(667): CodeIgniter\BaseModel->insert(Array, true)
#7 E:\ProjetCodphp\AgenceLogement\app\Controllers\Logementcontrol.php(33): CodeIgniter\Model->insert(Array)
#8 E:\ProjetCodphp\AgenceLogement\system\CodeIgniter.php(902): App\Controllers\Logementcontrol->save()
#9 E:\ProjetCodphp\AgenceLogement\system\CodeIgniter.php(457): CodeIgniter\CodeIgniter->runController(Object(App\Controllers\Logementcontrol))
#10 E:\ProjetCodphp\AgenceLogement\system\CodeIgniter.php(340): CodeIgniter\CodeIgniter->handleRequest(NULL, Object(Config\Cache), false)
#11 E:\ProjetCodphp\AgenceLogement\public\index.php(67): CodeIgniter\CodeIgniter->run()
#12 E:\ProjetCodphp\AgenceLogement\system\Commands\Server\rewrite.php(46): require_once('E:\\ProjetCodphp...')
#13 {main}
ERROR - 2023-03-09 01:33:16 --> mysqli_sql_exception: Column 'province' cannot be null in E:\ProjetCodphp\AgenceLogement\system\Database\MySQLi\Connection.php:292
Stack trace:
#0 E:\ProjetCodphp\AgenceLogement\system\Database\MySQLi\Connection.php(292): mysqli->query('INSERT INTO `lo...', 0)
#1 E:\ProjetCodphp\AgenceLogement\system\Database\BaseConnection.php(693): CodeIgniter\Database\MySQLi\Connection->execute('INSERT INTO `lo...')
#2 E:\ProjetCodphp\AgenceLogement\system\Database\BaseConnection.php(620): CodeIgniter\Database\BaseConnection->simpleQuery('INSERT INTO `lo...')
#3 E:\ProjetCodphp\AgenceLogement\system\Database\BaseBuilder.php(1916): CodeIgniter\Database\BaseConnection->query('INSERT INTO `lo...', Array, false)
#4 E:\ProjetCodphp\AgenceLogement\system\Model.php(279): CodeIgniter\Database\BaseBuilder->insert()
#5 E:\ProjetCodphp\AgenceLogement\system\BaseModel.php(748): CodeIgniter\Model->doInsert(Array)
#6 E:\ProjetCodphp\AgenceLogement\system\Model.php(667): CodeIgniter\BaseModel->insert(Array, true)
#7 E:\ProjetCodphp\AgenceLogement\app\Controllers\Logementcontrol.php(33): CodeIgniter\Model->insert(Array)
#8 E:\ProjetCodphp\AgenceLogement\system\CodeIgniter.php(902): App\Controllers\Logementcontrol->save()
#9 E:\ProjetCodphp\AgenceLogement\system\CodeIgniter.php(457): CodeIgniter\CodeIgniter->runController(Object(App\Controllers\Logementcontrol))
#10 E:\ProjetCodphp\AgenceLogement\system\CodeIgniter.php(340): CodeIgniter\CodeIgniter->handleRequest(NULL, Object(Config\Cache), false)
#11 E:\ProjetCodphp\AgenceLogement\public\index.php(67): CodeIgniter\CodeIgniter->run()
#12 E:\ProjetCodphp\AgenceLogement\system\Commands\Server\rewrite.php(46): require_once('E:\\ProjetCodphp...')
#13 {main}
ERROR - 2023-03-09 01:36:24 --> mysqli_sql_exception: Column 'province' cannot be null in E:\ProjetCodphp\AgenceLogement\system\Database\MySQLi\Connection.php:292
Stack trace:
#0 E:\ProjetCodphp\AgenceLogement\system\Database\MySQLi\Connection.php(292): mysqli->query('INSERT INTO `lo...', 0)
#1 E:\ProjetCodphp\AgenceLogement\system\Database\BaseConnection.php(693): CodeIgniter\Database\MySQLi\Connection->execute('INSERT INTO `lo...')
#2 E:\ProjetCodphp\AgenceLogement\system\Database\BaseConnection.php(620): CodeIgniter\Database\BaseConnection->simpleQuery('INSERT INTO `lo...')
#3 E:\ProjetCodphp\AgenceLogement\system\Database\BaseBuilder.php(1916): CodeIgniter\Database\BaseConnection->query('INSERT INTO `lo...', Array, false)
#4 E:\ProjetCodphp\AgenceLogement\system\Model.php(279): CodeIgniter\Database\BaseBuilder->insert()
#5 E:\ProjetCodphp\AgenceLogement\system\BaseModel.php(748): CodeIgniter\Model->doInsert(Array)
#6 E:\ProjetCodphp\AgenceLogement\system\Model.php(667): CodeIgniter\BaseModel->insert(Array, true)
#7 E:\ProjetCodphp\AgenceLogement\app\Controllers\Logementcontrol.php(33): CodeIgniter\Model->insert(Array)
#8 E:\ProjetCodphp\AgenceLogement\system\CodeIgniter.php(902): App\Controllers\Logementcontrol->save()
#9 E:\ProjetCodphp\AgenceLogement\system\CodeIgniter.php(457): CodeIgniter\CodeIgniter->runController(Object(App\Controllers\Logementcontrol))
#10 E:\ProjetCodphp\AgenceLogement\system\CodeIgniter.php(340): CodeIgniter\CodeIgniter->handleRequest(NULL, Object(Config\Cache), false)
#11 E:\ProjetCodphp\AgenceLogement\public\index.php(67): CodeIgniter\CodeIgniter->run()
#12 E:\ProjetCodphp\AgenceLogement\system\Commands\Server\rewrite.php(46): require_once('E:\\ProjetCodphp...')
#13 {main}
ERROR - 2023-03-09 01:38:40 --> mysqli_sql_exception: Column 'province' cannot be null in E:\ProjetCodphp\AgenceLogement\system\Database\MySQLi\Connection.php:292
Stack trace:
#0 E:\ProjetCodphp\AgenceLogement\system\Database\MySQLi\Connection.php(292): mysqli->query('INSERT INTO `lo...', 0)
#1 E:\ProjetCodphp\AgenceLogement\system\Database\BaseConnection.php(693): CodeIgniter\Database\MySQLi\Connection->execute('INSERT INTO `lo...')
#2 E:\ProjetCodphp\AgenceLogement\system\Database\BaseConnection.php(620): CodeIgniter\Database\BaseConnection->simpleQuery('INSERT INTO `lo...')
#3 E:\ProjetCodphp\AgenceLogement\system\Database\BaseBuilder.php(1916): CodeIgniter\Database\BaseConnection->query('INSERT INTO `lo...', Array, false)
#4 E:\ProjetCodphp\AgenceLogement\system\Model.php(279): CodeIgniter\Database\BaseBuilder->insert()
#5 E:\ProjetCodphp\AgenceLogement\system\BaseModel.php(748): CodeIgniter\Model->doInsert(Array)
#6 E:\ProjetCodphp\AgenceLogement\system\Model.php(667): CodeIgniter\BaseModel->insert(Array, true)
#7 E:\ProjetCodphp\AgenceLogement\app\Controllers\Logementcontrol.php(33): CodeIgniter\Model->insert(Array)
#8 E:\ProjetCodphp\AgenceLogement\system\CodeIgniter.php(902): App\Controllers\Logementcontrol->save()
#9 E:\ProjetCodphp\AgenceLogement\system\CodeIgniter.php(457): CodeIgniter\CodeIgniter->runController(Object(App\Controllers\Logementcontrol))
#10 E:\ProjetCodphp\AgenceLogement\system\CodeIgniter.php(340): CodeIgniter\CodeIgniter->handleRequest(NULL, Object(Config\Cache), false)
#11 E:\ProjetCodphp\AgenceLogement\public\index.php(67): CodeIgniter\CodeIgniter->run()
#12 E:\ProjetCodphp\AgenceLogement\system\Commands\Server\rewrite.php(46): require_once('E:\\ProjetCodphp...')
#13 {main}
ERROR - 2023-03-09 01:44:28 --> mysqli_sql_exception: Column 'province' cannot be null in E:\ProjetCodphp\AgenceLogement\system\Database\MySQLi\Connection.php:292
Stack trace:
#0 E:\ProjetCodphp\AgenceLogement\system\Database\MySQLi\Connection.php(292): mysqli->query('INSERT INTO `lo...', 0)
#1 E:\ProjetCodphp\AgenceLogement\system\Database\BaseConnection.php(693): CodeIgniter\Database\MySQLi\Connection->execute('INSERT INTO `lo...')
#2 E:\ProjetCodphp\AgenceLogement\system\Database\BaseConnection.php(620): CodeIgniter\Database\BaseConnection->simpleQuery('INSERT INTO `lo...')
#3 E:\ProjetCodphp\AgenceLogement\system\Database\BaseBuilder.php(1916): CodeIgniter\Database\BaseConnection->query('INSERT INTO `lo...', Array, false)
#4 E:\ProjetCodphp\AgenceLogement\system\Model.php(279): CodeIgniter\Database\BaseBuilder->insert()
#5 E:\ProjetCodphp\AgenceLogement\system\BaseModel.php(748): CodeIgniter\Model->doInsert(Array)
#6 E:\ProjetCodphp\AgenceLogement\system\Model.php(667): CodeIgniter\BaseModel->insert(Array, true)
#7 E:\ProjetCodphp\AgenceLogement\app\Controllers\Logementcontrol.php(33): CodeIgniter\Model->insert(Array)
#8 E:\ProjetCodphp\AgenceLogement\system\CodeIgniter.php(902): App\Controllers\Logementcontrol->save()
#9 E:\ProjetCodphp\AgenceLogement\system\CodeIgniter.php(457): CodeIgniter\CodeIgniter->runController(Object(App\Controllers\Logementcontrol))
#10 E:\ProjetCodphp\AgenceLogement\system\CodeIgniter.php(340): CodeIgniter\CodeIgniter->handleRequest(NULL, Object(Config\Cache), false)
#11 E:\ProjetCodphp\AgenceLogement\public\index.php(67): CodeIgniter\CodeIgniter->run()
#12 E:\ProjetCodphp\AgenceLogement\system\Commands\Server\rewrite.php(46): require_once('E:\\ProjetCodphp...')
#13 {main}
ERROR - 2023-03-09 01:47:20 --> mysqli_sql_exception: Column 'province' cannot be null in E:\ProjetCodphp\AgenceLogement\system\Database\MySQLi\Connection.php:292
Stack trace:
#0 E:\ProjetCodphp\AgenceLogement\system\Database\MySQLi\Connection.php(292): mysqli->query('INSERT INTO `lo...', 0)
#1 E:\ProjetCodphp\AgenceLogement\system\Database\BaseConnection.php(693): CodeIgniter\Database\MySQLi\Connection->execute('INSERT INTO `lo...')
#2 E:\ProjetCodphp\AgenceLogement\system\Database\BaseConnection.php(620): CodeIgniter\Database\BaseConnection->simpleQuery('INSERT INTO `lo...')
#3 E:\ProjetCodphp\AgenceLogement\system\Database\BaseBuilder.php(1916): CodeIgniter\Database\BaseConnection->query('INSERT INTO `lo...', Array, false)
#4 E:\ProjetCodphp\AgenceLogement\system\Model.php(279): CodeIgniter\Database\BaseBuilder->insert()
#5 E:\ProjetCodphp\AgenceLogement\system\BaseModel.php(748): CodeIgniter\Model->doInsert(Array)
#6 E:\ProjetCodphp\AgenceLogement\system\Model.php(667): CodeIgniter\BaseModel->insert(Array, true)
#7 E:\ProjetCodphp\AgenceLogement\app\Controllers\Logementcontrol.php(33): CodeIgniter\Model->insert(Array)
#8 E:\ProjetCodphp\AgenceLogement\system\CodeIgniter.php(902): App\Controllers\Logementcontrol->save()
#9 E:\ProjetCodphp\AgenceLogement\system\CodeIgniter.php(457): CodeIgniter\CodeIgniter->runController(Object(App\Controllers\Logementcontrol))
#10 E:\ProjetCodphp\AgenceLogement\system\CodeIgniter.php(340): CodeIgniter\CodeIgniter->handleRequest(NULL, Object(Config\Cache), false)
#11 E:\ProjetCodphp\AgenceLogement\public\index.php(67): CodeIgniter\CodeIgniter->run()
#12 E:\ProjetCodphp\AgenceLogement\system\Commands\Server\rewrite.php(46): require_once('E:\\ProjetCodphp...')
#13 {main}
CRITICAL - 2023-03-09 01:48:02 --> Invalid file: acha.php
in SYSTEMPATH\Exceptions\FrameworkException.php on line 33.
 1 SYSTEMPATH\View\View.php(201): CodeIgniter\Exceptions\FrameworkException::forInvalidFile('acha.php')
 2 SYSTEMPATH\Common.php(1142): CodeIgniter\View\View->render('acha', [], true)
 3 APPPATH\Controllers\Achatcontrol.php(16): view('acha', [...])
 4 SYSTEMPATH\CodeIgniter.php(902): App\Controllers\Achatcontrol->test()
 5 SYSTEMPATH\CodeIgniter.php(457): CodeIgniter\CodeIgniter->runController(Object(App\Controllers\Achatcontrol))
 6 SYSTEMPATH\CodeIgniter.php(340): CodeIgniter\CodeIgniter->handleRequest(null, Object(Config\Cache), false)
 7 FCPATH\index.php(67): CodeIgniter\CodeIgniter->run()
 8 SYSTEMPATH\Commands\Server\rewrite.php(46): require_once('FCPATH\\index.php')
CRITICAL - 2023-03-09 01:48:06 --> Invalid file: acha.php
in SYSTEMPATH\Exceptions\FrameworkException.php on line 33.
 1 SYSTEMPATH\View\View.php(201): CodeIgniter\Exceptions\FrameworkException::forInvalidFile('acha.php')
 2 SYSTEMPATH\Common.php(1142): CodeIgniter\View\View->render('acha', [], true)
 3 APPPATH\Controllers\Achatcontrol.php(16): view('acha', [...])
 4 SYSTEMPATH\CodeIgniter.php(902): App\Controllers\Achatcontrol->test()
 5 SYSTEMPATH\CodeIgniter.php(457): CodeIgniter\CodeIgniter->runController(Object(App\Controllers\Achatcontrol))
 6 SYSTEMPATH\CodeIgniter.php(340): CodeIgniter\CodeIgniter->handleRequest(null, Object(Config\Cache), false)
 7 FCPATH\index.php(67): CodeIgniter\CodeIgniter->run()
 8 SYSTEMPATH\Commands\Server\rewrite.php(46): require_once('FCPATH\\index.php')
ERROR - 2023-03-09 01:51:15 --> mysqli_sql_exception: Column 'province' cannot be null in E:\ProjetCodphp\AgenceLogement\system\Database\MySQLi\Connection.php:292
Stack trace:
#0 E:\ProjetCodphp\AgenceLogement\system\Database\MySQLi\Connection.php(292): mysqli->query('INSERT INTO `lo...', 0)
#1 E:\ProjetCodphp\AgenceLogement\system\Database\BaseConnection.php(693): CodeIgniter\Database\MySQLi\Connection->execute('INSERT INTO `lo...')
#2 E:\ProjetCodphp\AgenceLogement\system\Database\BaseConnection.php(620): CodeIgniter\Database\BaseConnection->simpleQuery('INSERT INTO `lo...')
#3 E:\ProjetCodphp\AgenceLogement\system\Database\BaseBuilder.php(1916): CodeIgniter\Database\BaseConnection->query('INSERT INTO `lo...', Array, false)
#4 E:\ProjetCodphp\AgenceLogement\system\Model.php(279): CodeIgniter\Database\BaseBuilder->insert()
#5 E:\ProjetCodphp\AgenceLogement\system\BaseModel.php(748): CodeIgniter\Model->doInsert(Array)
#6 E:\ProjetCodphp\AgenceLogement\system\Model.php(667): CodeIgniter\BaseModel->insert(Array, true)
#7 E:\ProjetCodphp\AgenceLogement\app\Controllers\Logementcontrol.php(33): CodeIgniter\Model->insert(Array)
#8 E:\ProjetCodphp\AgenceLogement\system\CodeIgniter.php(902): App\Controllers\Logementcontrol->save()
#9 E:\ProjetCodphp\AgenceLogement\system\CodeIgniter.php(457): CodeIgniter\CodeIgniter->runController(Object(App\Controllers\Logementcontrol))
#10 E:\ProjetCodphp\AgenceLogement\system\CodeIgniter.php(340): CodeIgniter\CodeIgniter->handleRequest(NULL, Object(Config\Cache), false)
#11 E:\ProjetCodphp\AgenceLogement\public\index.php(67): CodeIgniter\CodeIgniter->run()
#12 E:\ProjetCodphp\AgenceLogement\system\Commands\Server\rewrite.php(46): require_once('E:\\ProjetCodphp...')
#13 {main}
ERROR - 2023-03-09 06:16:07 --> mysqli_sql_exception: Cannot add or update a child row: a foreign key constraint fails (`logement`.`acheter`, CONSTRAINT `acheter_ibfk_2` FOREIGN KEY (`num_cli`) REFERENCES `client` (`num_cli`)) in E:\ProjetCodphp\AgenceLogement\system\Database\MySQLi\Connection.php:292
Stack trace:
#0 E:\ProjetCodphp\AgenceLogement\system\Database\MySQLi\Connection.php(292): mysqli->query('INSERT INTO `ac...', 0)
#1 E:\ProjetCodphp\AgenceLogement\system\Database\BaseConnection.php(693): CodeIgniter\Database\MySQLi\Connection->execute('INSERT INTO `ac...')
#2 E:\ProjetCodphp\AgenceLogement\system\Database\BaseConnection.php(620): CodeIgniter\Database\BaseConnection->simpleQuery('INSERT INTO `ac...')
#3 E:\ProjetCodphp\AgenceLogement\system\Database\BaseBuilder.php(1916): CodeIgniter\Database\BaseConnection->query('INSERT INTO `ac...', Array, false)
#4 E:\ProjetCodphp\AgenceLogement\system\Model.php(279): CodeIgniter\Database\BaseBuilder->insert()
#5 E:\ProjetCodphp\AgenceLogement\system\BaseModel.php(748): CodeIgniter\Model->doInsert(Array)
#6 E:\ProjetCodphp\AgenceLogement\system\Model.php(667): CodeIgniter\BaseModel->insert(Array, false)
#7 E:\ProjetCodphp\AgenceLogement\system\BaseModel.php(658): CodeIgniter\Model->insert(Array, false)
#8 E:\ProjetCodphp\AgenceLogement\app\Controllers\Achetecontrol.php(29): CodeIgniter\BaseModel->save(Array)
#9 E:\ProjetCodphp\AgenceLogement\system\CodeIgniter.php(902): App\Controllers\Achetecontrol->save()
#10 E:\ProjetCodphp\AgenceLogement\system\CodeIgniter.php(457): CodeIgniter\CodeIgniter->runController(Object(App\Controllers\Achetecontrol))
#11 E:\ProjetCodphp\AgenceLogement\system\CodeIgniter.php(340): CodeIgniter\CodeIgniter->handleRequest(NULL, Object(Config\Cache), false)
#12 E:\ProjetCodphp\AgenceLogement\public\index.php(67): CodeIgniter\CodeIgniter->run()
#13 E:\ProjetCodphp\AgenceLogement\system\Commands\Server\rewrite.php(46): require_once('E:\\ProjetCodphp...')
#14 {main}
ERROR - 2023-03-09 06:21:12 --> mysqli_sql_exception: Cannot add or update a child row: a foreign key constraint fails (`logement`.`acheter`, CONSTRAINT `acheter_ibfk_2` FOREIGN KEY (`num_cli`) REFERENCES `client` (`num_cli`)) in E:\ProjetCodphp\AgenceLogement\system\Database\MySQLi\Connection.php:292
Stack trace:
#0 E:\ProjetCodphp\AgenceLogement\system\Database\MySQLi\Connection.php(292): mysqli->query('INSERT INTO `ac...', 0)
#1 E:\ProjetCodphp\AgenceLogement\system\Database\BaseConnection.php(693): CodeIgniter\Database\MySQLi\Connection->execute('INSERT INTO `ac...')
#2 E:\ProjetCodphp\AgenceLogement\system\Database\BaseConnection.php(620): CodeIgniter\Database\BaseConnection->simpleQuery('INSERT INTO `ac...')
#3 E:\ProjetCodphp\AgenceLogement\system\Database\BaseBuilder.php(1916): CodeIgniter\Database\BaseConnection->query('INSERT INTO `ac...', Array, false)
#4 E:\ProjetCodphp\AgenceLogement\system\Model.php(279): CodeIgniter\Database\BaseBuilder->insert()
#5 E:\ProjetCodphp\AgenceLogement\system\BaseModel.php(748): CodeIgniter\Model->doInsert(Array)
#6 E:\ProjetCodphp\AgenceLogement\system\Model.php(667): CodeIgniter\BaseModel->insert(Array, false)
#7 E:\ProjetCodphp\AgenceLogement\system\BaseModel.php(658): CodeIgniter\Model->insert(Array, false)
#8 E:\ProjetCodphp\AgenceLogement\app\Controllers\Achetecontrol.php(29): CodeIgniter\BaseModel->save(Array)
#9 E:\ProjetCodphp\AgenceLogement\system\CodeIgniter.php(902): App\Controllers\Achetecontrol->save()
#10 E:\ProjetCodphp\AgenceLogement\system\CodeIgniter.php(457): CodeIgniter\CodeIgniter->runController(Object(App\Controllers\Achetecontrol))
#11 E:\ProjetCodphp\AgenceLogement\system\CodeIgniter.php(340): CodeIgniter\CodeIgniter->handleRequest(NULL, Object(Config\Cache), false)
#12 E:\ProjetCodphp\AgenceLogement\public\index.php(67): CodeIgniter\CodeIgniter->run()
#13 E:\ProjetCodphp\AgenceLogement\system\Commands\Server\rewrite.php(46): require_once('E:\\ProjetCodphp...')
#14 {main}
ERROR - 2023-03-09 06:22:30 --> mysqli_sql_exception: Cannot add or update a child row: a foreign key constraint fails (`logement`.`acheter`, CONSTRAINT `acheter_ibfk_2` FOREIGN KEY (`num_cli`) REFERENCES `client` (`num_cli`)) in E:\ProjetCodphp\AgenceLogement\system\Database\MySQLi\Connection.php:292
Stack trace:
#0 E:\ProjetCodphp\AgenceLogement\system\Database\MySQLi\Connection.php(292): mysqli->query('INSERT INTO `ac...', 0)
#1 E:\ProjetCodphp\AgenceLogement\system\Database\BaseConnection.php(693): CodeIgniter\Database\MySQLi\Connection->execute('INSERT INTO `ac...')
#2 E:\ProjetCodphp\AgenceLogement\system\Database\BaseConnection.php(620): CodeIgniter\Database\BaseConnection->simpleQuery('INSERT INTO `ac...')
#3 E:\ProjetCodphp\AgenceLogement\system\Database\BaseBuilder.php(1916): CodeIgniter\Database\BaseConnection->query('INSERT INTO `ac...', Array, false)
#4 E:\ProjetCodphp\AgenceLogement\system\Model.php(279): CodeIgniter\Database\BaseBuilder->insert()
#5 E:\ProjetCodphp\AgenceLogement\system\BaseModel.php(748): CodeIgniter\Model->doInsert(Array)
#6 E:\ProjetCodphp\AgenceLogement\system\Model.php(667): CodeIgniter\BaseModel->insert(Array, false)
#7 E:\ProjetCodphp\AgenceLogement\system\BaseModel.php(658): CodeIgniter\Model->insert(Array, false)
#8 E:\ProjetCodphp\AgenceLogement\app\Controllers\Achetecontrol.php(29): CodeIgniter\BaseModel->save(Array)
#9 E:\ProjetCodphp\AgenceLogement\system\CodeIgniter.php(902): App\Controllers\Achetecontrol->save()
#10 E:\ProjetCodphp\AgenceLogement\system\CodeIgniter.php(457): CodeIgniter\CodeIgniter->runController(Object(App\Controllers\Achetecontrol))
#11 E:\ProjetCodphp\AgenceLogement\system\CodeIgniter.php(340): CodeIgniter\CodeIgniter->handleRequest(NULL, Object(Config\Cache), false)
#12 E:\ProjetCodphp\AgenceLogement\public\index.php(67): CodeIgniter\CodeIgniter->run()
#13 E:\ProjetCodphp\AgenceLogement\system\Commands\Server\rewrite.php(46): require_once('E:\\ProjetCodphp...')
#14 {main}
ERROR - 2023-03-09 06:35:56 --> mysqli_sql_exception: Cannot add or update a child row: a foreign key constraint fails (`logement`.`acheter`, CONSTRAINT `acheter_ibfk_2` FOREIGN KEY (`num_cli`) REFERENCES `client` (`num_cli`)) in E:\ProjetCodphp\AgenceLogement\system\Database\MySQLi\Connection.php:292
Stack trace:
#0 E:\ProjetCodphp\AgenceLogement\system\Database\MySQLi\Connection.php(292): mysqli->query('INSERT INTO `ac...', 0)
#1 E:\ProjetCodphp\AgenceLogement\system\Database\BaseConnection.php(693): CodeIgniter\Database\MySQLi\Connection->execute('INSERT INTO `ac...')
#2 E:\ProjetCodphp\AgenceLogement\system\Database\BaseConnection.php(620): CodeIgniter\Database\BaseConnection->simpleQuery('INSERT INTO `ac...')
#3 E:\ProjetCodphp\AgenceLogement\system\Database\BaseBuilder.php(1916): CodeIgniter\Database\BaseConnection->query('INSERT INTO `ac...', Array, false)
#4 E:\ProjetCodphp\AgenceLogement\system\Model.php(279): CodeIgniter\Database\BaseBuilder->insert()
#5 E:\ProjetCodphp\AgenceLogement\system\BaseModel.php(748): CodeIgniter\Model->doInsert(Array)
#6 E:\ProjetCodphp\AgenceLogement\system\Model.php(667): CodeIgniter\BaseModel->insert(Array, false)
#7 E:\ProjetCodphp\AgenceLogement\system\BaseModel.php(658): CodeIgniter\Model->insert(Array, false)
#8 E:\ProjetCodphp\AgenceLogement\app\Controllers\Achetecontrol.php(29): CodeIgniter\BaseModel->save(Array)
#9 E:\ProjetCodphp\AgenceLogement\system\CodeIgniter.php(902): App\Controllers\Achetecontrol->save()
#10 E:\ProjetCodphp\AgenceLogement\system\CodeIgniter.php(457): CodeIgniter\CodeIgniter->runController(Object(App\Controllers\Achetecontrol))
#11 E:\ProjetCodphp\AgenceLogement\system\CodeIgniter.php(340): CodeIgniter\CodeIgniter->handleRequest(NULL, Object(Config\Cache), false)
#12 E:\ProjetCodphp\AgenceLogement\public\index.php(67): CodeIgniter\CodeIgniter->run()
#13 E:\ProjetCodphp\AgenceLogement\system\Commands\Server\rewrite.php(46): require_once('E:\\ProjetCodphp...')
#14 {main}
ERROR - 2023-03-09 06:39:05 --> mysqli_sql_exception: Cannot add or update a child row: a foreign key constraint fails (`logement`.`acheter`, CONSTRAINT `acheter_ibfk_2` FOREIGN KEY (`num_cli`) REFERENCES `client` (`num_cli`)) in E:\ProjetCodphp\AgenceLogement\system\Database\MySQLi\Connection.php:292
Stack trace:
#0 E:\ProjetCodphp\AgenceLogement\system\Database\MySQLi\Connection.php(292): mysqli->query('INSERT INTO `ac...', 0)
#1 E:\ProjetCodphp\AgenceLogement\system\Database\BaseConnection.php(693): CodeIgniter\Database\MySQLi\Connection->execute('INSERT INTO `ac...')
#2 E:\ProjetCodphp\AgenceLogement\system\Database\BaseConnection.php(620): CodeIgniter\Database\BaseConnection->simpleQuery('INSERT INTO `ac...')
#3 E:\ProjetCodphp\AgenceLogement\system\Database\BaseBuilder.php(1916): CodeIgniter\Database\BaseConnection->query('INSERT INTO `ac...', Array, false)
#4 E:\ProjetCodphp\AgenceLogement\system\Model.php(279): CodeIgniter\Database\BaseBuilder->insert()
#5 E:\ProjetCodphp\AgenceLogement\system\BaseModel.php(748): CodeIgniter\Model->doInsert(Array)
#6 E:\ProjetCodphp\AgenceLogement\system\Model.php(667): CodeIgniter\BaseModel->insert(Array, false)
#7 E:\ProjetCodphp\AgenceLogement\system\BaseModel.php(658): CodeIgniter\Model->insert(Array, false)
#8 E:\ProjetCodphp\AgenceLogement\app\Controllers\Achetecontrol.php(29): CodeIgniter\BaseModel->save(Array)
#9 E:\ProjetCodphp\AgenceLogement\system\CodeIgniter.php(902): App\Controllers\Achetecontrol->save()
#10 E:\ProjetCodphp\AgenceLogement\system\CodeIgniter.php(457): CodeIgniter\CodeIgniter->runController(Object(App\Controllers\Achetecontrol))
#11 E:\ProjetCodphp\AgenceLogement\system\CodeIgniter.php(340): CodeIgniter\CodeIgniter->handleRequest(NULL, Object(Config\Cache), false)
#12 E:\ProjetCodphp\AgenceLogement\public\index.php(67): CodeIgniter\CodeIgniter->run()
#13 E:\ProjetCodphp\AgenceLogement\system\Commands\Server\rewrite.php(46): require_once('E:\\ProjetCodphp...')
#14 {main}
ERROR - 2023-03-09 06:39:54 --> mysqli_sql_exception: Cannot add or update a child row: a foreign key constraint fails (`logement`.`acheter`, CONSTRAINT `acheter_ibfk_2` FOREIGN KEY (`num_cli`) REFERENCES `client` (`num_cli`)) in E:\ProjetCodphp\AgenceLogement\system\Database\MySQLi\Connection.php:292
Stack trace:
#0 E:\ProjetCodphp\AgenceLogement\system\Database\MySQLi\Connection.php(292): mysqli->query('INSERT INTO `ac...', 0)
#1 E:\ProjetCodphp\AgenceLogement\system\Database\BaseConnection.php(693): CodeIgniter\Database\MySQLi\Connection->execute('INSERT INTO `ac...')
#2 E:\ProjetCodphp\AgenceLogement\system\Database\BaseConnection.php(620): CodeIgniter\Database\BaseConnection->simpleQuery('INSERT INTO `ac...')
#3 E:\ProjetCodphp\AgenceLogement\system\Database\BaseBuilder.php(1916): CodeIgniter\Database\BaseConnection->query('INSERT INTO `ac...', Array, false)
#4 E:\ProjetCodphp\AgenceLogement\system\Model.php(279): CodeIgniter\Database\BaseBuilder->insert()
#5 E:\ProjetCodphp\AgenceLogement\system\BaseModel.php(748): CodeIgniter\Model->doInsert(Array)
#6 E:\ProjetCodphp\AgenceLogement\system\Model.php(667): CodeIgniter\BaseModel->insert(Array, false)
#7 E:\ProjetCodphp\AgenceLogement\system\BaseModel.php(658): CodeIgniter\Model->insert(Array, false)
#8 E:\ProjetCodphp\AgenceLogement\app\Controllers\Achetecontrol.php(29): CodeIgniter\BaseModel->save(Array)
#9 E:\ProjetCodphp\AgenceLogement\system\CodeIgniter.php(902): App\Controllers\Achetecontrol->save()
#10 E:\ProjetCodphp\AgenceLogement\system\CodeIgniter.php(457): CodeIgniter\CodeIgniter->runController(Object(App\Controllers\Achetecontrol))
#11 E:\ProjetCodphp\AgenceLogement\system\CodeIgniter.php(340): CodeIgniter\CodeIgniter->handleRequest(NULL, Object(Config\Cache), false)
#12 E:\ProjetCodphp\AgenceLogement\public\index.php(67): CodeIgniter\CodeIgniter->run()
#13 E:\ProjetCodphp\AgenceLogement\system\Commands\Server\rewrite.php(46): require_once('E:\\ProjetCodphp...')
#14 {main}
ERROR - 2023-03-09 07:31:29 --> mysqli_sql_exception: Cannot add or update a child row: a foreign key constraint fails (`logement`.`acheter`, CONSTRAINT `acheter_ibfk_2` FOREIGN KEY (`num_cli`) REFERENCES `client` (`num_cli`)) in E:\ProjetCodphp\AgenceLogement\system\Database\MySQLi\Connection.php:292
Stack trace:
#0 E:\ProjetCodphp\AgenceLogement\system\Database\MySQLi\Connection.php(292): mysqli->query('INSERT INTO `ac...', 0)
#1 E:\ProjetCodphp\AgenceLogement\system\Database\BaseConnection.php(693): CodeIgniter\Database\MySQLi\Connection->execute('INSERT INTO `ac...')
#2 E:\ProjetCodphp\AgenceLogement\system\Database\BaseConnection.php(620): CodeIgniter\Database\BaseConnection->simpleQuery('INSERT INTO `ac...')
#3 E:\ProjetCodphp\AgenceLogement\system\Database\BaseBuilder.php(1916): CodeIgniter\Database\BaseConnection->query('INSERT INTO `ac...', Array, false)
#4 E:\ProjetCodphp\AgenceLogement\system\Model.php(279): CodeIgniter\Database\BaseBuilder->insert()
#5 E:\ProjetCodphp\AgenceLogement\system\BaseModel.php(748): CodeIgniter\Model->doInsert(Array)
#6 E:\ProjetCodphp\AgenceLogement\system\Model.php(667): CodeIgniter\BaseModel->insert(Array, false)
#7 E:\ProjetCodphp\AgenceLogement\system\BaseModel.php(658): CodeIgniter\Model->insert(Array, false)
#8 E:\ProjetCodphp\AgenceLogement\app\Controllers\Achetecontrol.php(29): CodeIgniter\BaseModel->save(Array)
#9 E:\ProjetCodphp\AgenceLogement\system\CodeIgniter.php(902): App\Controllers\Achetecontrol->save()
#10 E:\ProjetCodphp\AgenceLogement\system\CodeIgniter.php(457): CodeIgniter\CodeIgniter->runController(Object(App\Controllers\Achetecontrol))
#11 E:\ProjetCodphp\AgenceLogement\system\CodeIgniter.php(340): CodeIgniter\CodeIgniter->handleRequest(NULL, Object(Config\Cache), false)
#12 E:\ProjetCodphp\AgenceLogement\public\index.php(67): CodeIgniter\CodeIgniter->run()
#13 E:\ProjetCodphp\AgenceLogement\system\Commands\Server\rewrite.php(46): require_once('E:\\ProjetCodphp...')
#14 {main}
ERROR - 2023-03-09 07:39:09 --> mysqli_sql_exception: Cannot add or update a child row: a foreign key constraint fails (`logement`.`acheter`, CONSTRAINT `acheter_ibfk_2` FOREIGN KEY (`num_cli`) REFERENCES `client` (`num_cli`)) in E:\ProjetCodphp\AgenceLogement\system\Database\MySQLi\Connection.php:292
Stack trace:
#0 E:\ProjetCodphp\AgenceLogement\system\Database\MySQLi\Connection.php(292): mysqli->query('INSERT INTO `ac...', 0)
#1 E:\ProjetCodphp\AgenceLogement\system\Database\BaseConnection.php(693): CodeIgniter\Database\MySQLi\Connection->execute('INSERT INTO `ac...')
#2 E:\ProjetCodphp\AgenceLogement\system\Database\BaseConnection.php(620): CodeIgniter\Database\BaseConnection->simpleQuery('INSERT INTO `ac...')
#3 E:\ProjetCodphp\AgenceLogement\system\Database\BaseBuilder.php(1916): CodeIgniter\Database\BaseConnection->query('INSERT INTO `ac...', Array, false)
#4 E:\ProjetCodphp\AgenceLogement\system\Model.php(279): CodeIgniter\Database\BaseBuilder->insert()
#5 E:\ProjetCodphp\AgenceLogement\system\BaseModel.php(748): CodeIgniter\Model->doInsert(Array)
#6 E:\ProjetCodphp\AgenceLogement\system\Model.php(667): CodeIgniter\BaseModel->insert(Array, false)
#7 E:\ProjetCodphp\AgenceLogement\system\BaseModel.php(658): CodeIgniter\Model->insert(Array, false)
#8 E:\ProjetCodphp\AgenceLogement\app\Controllers\Achetecontrol.php(29): CodeIgniter\BaseModel->save(Array)
#9 E:\ProjetCodphp\AgenceLogement\system\CodeIgniter.php(902): App\Controllers\Achetecontrol->save()
#10 E:\ProjetCodphp\AgenceLogement\system\CodeIgniter.php(457): CodeIgniter\CodeIgniter->runController(Object(App\Controllers\Achetecontrol))
#11 E:\ProjetCodphp\AgenceLogement\system\CodeIgniter.php(340): CodeIgniter\CodeIgniter->handleRequest(NULL, Object(Config\Cache), false)
#12 E:\ProjetCodphp\AgenceLogement\public\index.php(67): CodeIgniter\CodeIgniter->run()
#13 E:\ProjetCodphp\AgenceLogement\system\Commands\Server\rewrite.php(46): require_once('E:\\ProjetCodphp...')
#14 {main}
CRITICAL - 2023-03-09 07:39:09 --> Class 'App\Controllers\AchatModel' not found
in APPPATH\Controllers\Achetecontrol.php on line 31.
 1 SYSTEMPATH\CodeIgniter.php(902): App\Controllers\Achetecontrol->save()
 2 SYSTEMPATH\CodeIgniter.php(457): CodeIgniter\CodeIgniter->runController(Object(App\Controllers\Achetecontrol))
 3 SYSTEMPATH\CodeIgniter.php(340): CodeIgniter\CodeIgniter->handleRequest(null, Object(Config\Cache), false)
 4 FCPATH\index.php(67): CodeIgniter\CodeIgniter->run()
 5 SYSTEMPATH\Commands\Server\rewrite.php(46): require_once('FCPATH\\index.php')
ERROR - 2023-03-09 07:41:40 --> mysqli_sql_exception: Cannot add or update a child row: a foreign key constraint fails (`logement`.`acheter`, CONSTRAINT `acheter_ibfk_2` FOREIGN KEY (`num_cli`) REFERENCES `client` (`num_cli`)) in E:\ProjetCodphp\AgenceLogement\system\Database\MySQLi\Connection.php:292
Stack trace:
#0 E:\ProjetCodphp\AgenceLogement\system\Database\MySQLi\Connection.php(292): mysqli->query('INSERT INTO `ac...', 0)
#1 E:\ProjetCodphp\AgenceLogement\system\Database\BaseConnection.php(693): CodeIgniter\Database\MySQLi\Connection->execute('INSERT INTO `ac...')
#2 E:\ProjetCodphp\AgenceLogement\system\Database\BaseConnection.php(620): CodeIgniter\Database\BaseConnection->simpleQuery('INSERT INTO `ac...')
#3 E:\ProjetCodphp\AgenceLogement\system\Database\BaseBuilder.php(1916): CodeIgniter\Database\BaseConnection->query('INSERT INTO `ac...', Array, false)
#4 E:\ProjetCodphp\AgenceLogement\system\Model.php(279): CodeIgniter\Database\BaseBuilder->insert()
#5 E:\ProjetCodphp\AgenceLogement\system\BaseModel.php(748): CodeIgniter\Model->doInsert(Array)
#6 E:\ProjetCodphp\AgenceLogement\system\Model.php(667): CodeIgniter\BaseModel->insert(Array, false)
#7 E:\ProjetCodphp\AgenceLogement\system\BaseModel.php(658): CodeIgniter\Model->insert(Array, false)
#8 E:\ProjetCodphp\AgenceLogement\app\Controllers\Achetecontrol.php(30): CodeIgniter\BaseModel->save(Array)
#9 E:\ProjetCodphp\AgenceLogement\system\CodeIgniter.php(902): App\Controllers\Achetecontrol->save()
#10 E:\ProjetCodphp\AgenceLogement\system\CodeIgniter.php(457): CodeIgniter\CodeIgniter->runController(Object(App\Controllers\Achetecontrol))
#11 E:\ProjetCodphp\AgenceLogement\system\CodeIgniter.php(340): CodeIgniter\CodeIgniter->handleRequest(NULL, Object(Config\Cache), false)
#12 E:\ProjetCodphp\AgenceLogement\public\index.php(67): CodeIgniter\CodeIgniter->run()
#13 E:\ProjetCodphp\AgenceLogement\system\Commands\Server\rewrite.php(46): require_once('E:\\ProjetCodphp...')
#14 {main}
ERROR - 2023-03-09 07:46:26 --> mysqli_sql_exception: Cannot add or update a child row: a foreign key constraint fails (`logement`.`acheter`, CONSTRAINT `acheter_ibfk_2` FOREIGN KEY (`num_cli`) REFERENCES `client` (`num_cli`)) in E:\ProjetCodphp\AgenceLogement\system\Database\MySQLi\Connection.php:292
Stack trace:
#0 E:\ProjetCodphp\AgenceLogement\system\Database\MySQLi\Connection.php(292): mysqli->query('INSERT INTO `ac...', 0)
#1 E:\ProjetCodphp\AgenceLogement\system\Database\BaseConnection.php(693): CodeIgniter\Database\MySQLi\Connection->execute('INSERT INTO `ac...')
#2 E:\ProjetCodphp\AgenceLogement\system\Database\BaseConnection.php(620): CodeIgniter\Database\BaseConnection->simpleQuery('INSERT INTO `ac...')
#3 E:\ProjetCodphp\AgenceLogement\system\Database\BaseBuilder.php(1916): CodeIgniter\Database\BaseConnection->query('INSERT INTO `ac...', Array, false)
#4 E:\ProjetCodphp\AgenceLogement\system\Model.php(279): CodeIgniter\Database\BaseBuilder->insert()
#5 E:\ProjetCodphp\AgenceLogement\system\BaseModel.php(748): CodeIgniter\Model->doInsert(Array)
#6 E:\ProjetCodphp\AgenceLogement\system\Model.php(667): CodeIgniter\BaseModel->insert(Array, false)
#7 E:\ProjetCodphp\AgenceLogement\system\BaseModel.php(658): CodeIgniter\Model->insert(Array, false)
#8 E:\ProjetCodphp\AgenceLogement\app\Controllers\Achetecontrol.php(30): CodeIgniter\BaseModel->save(Array)
#9 E:\ProjetCodphp\AgenceLogement\system\CodeIgniter.php(902): App\Controllers\Achetecontrol->save()
#10 E:\ProjetCodphp\AgenceLogement\system\CodeIgniter.php(457): CodeIgniter\CodeIgniter->runController(Object(App\Controllers\Achetecontrol))
#11 E:\ProjetCodphp\AgenceLogement\system\CodeIgniter.php(340): CodeIgniter\CodeIgniter->handleRequest(NULL, Object(Config\Cache), false)
#12 E:\ProjetCodphp\AgenceLogement\public\index.php(67): CodeIgniter\CodeIgniter->run()
#13 E:\ProjetCodphp\AgenceLogement\system\Commands\Server\rewrite.php(46): require_once('E:\\ProjetCodphp...')
#14 {main}
ERROR - 2023-03-09 07:50:08 --> mysqli_sql_exception: Cannot add or update a child row: a foreign key constraint fails (`logement`.`acheter`, CONSTRAINT `acheter_ibfk_2` FOREIGN KEY (`num_cli`) REFERENCES `client` (`num_cli`)) in E:\ProjetCodphp\AgenceLogement\system\Database\MySQLi\Connection.php:292
Stack trace:
#0 E:\ProjetCodphp\AgenceLogement\system\Database\MySQLi\Connection.php(292): mysqli->query('INSERT INTO `ac...', 0)
#1 E:\ProjetCodphp\AgenceLogement\system\Database\BaseConnection.php(693): CodeIgniter\Database\MySQLi\Connection->execute('INSERT INTO `ac...')
#2 E:\ProjetCodphp\AgenceLogement\system\Database\BaseConnection.php(620): CodeIgniter\Database\BaseConnection->simpleQuery('INSERT INTO `ac...')
#3 E:\ProjetCodphp\AgenceLogement\system\Database\BaseBuilder.php(1916): CodeIgniter\Database\BaseConnection->query('INSERT INTO `ac...', Array, false)
#4 E:\ProjetCodphp\AgenceLogement\system\Model.php(279): CodeIgniter\Database\BaseBuilder->insert()
#5 E:\ProjetCodphp\AgenceLogement\system\BaseModel.php(748): CodeIgniter\Model->doInsert(Array)
#6 E:\ProjetCodphp\AgenceLogement\system\Model.php(667): CodeIgniter\BaseModel->insert(Array, false)
#7 E:\ProjetCodphp\AgenceLogement\system\BaseModel.php(658): CodeIgniter\Model->insert(Array, false)
#8 E:\ProjetCodphp\AgenceLogement\app\Controllers\Achetecontrol.php(30): CodeIgniter\BaseModel->save(Array)
#9 E:\ProjetCodphp\AgenceLogement\system\CodeIgniter.php(902): App\Controllers\Achetecontrol->save()
#10 E:\ProjetCodphp\AgenceLogement\system\CodeIgniter.php(457): CodeIgniter\CodeIgniter->runController(Object(App\Controllers\Achetecontrol))
#11 E:\ProjetCodphp\AgenceLogement\system\CodeIgniter.php(340): CodeIgniter\CodeIgniter->handleRequest(NULL, Object(Config\Cache), false)
#12 E:\ProjetCodphp\AgenceLogement\public\index.php(67): CodeIgniter\CodeIgniter->run()
#13 E:\ProjetCodphp\AgenceLogement\system\Commands\Server\rewrite.php(46): require_once('E:\\ProjetCodphp...')
#14 {main}
