CRITICAL - 2023-03-10 06:48:17 --> Call to a member function select() on null
in APPPATH\Controllers\Achatcontrol.php on line 15.
 1 SYSTEMPATH\CodeIgniter.php(902): App\Controllers\Achatcontrol->teste()
 2 SYSTEMPATH\CodeIgniter.php(457): CodeIgniter\CodeIgniter->runController(Object(App\Controllers\Achatcontrol))
 3 SYSTEMPATH\CodeIgniter.php(340): CodeIgniter\CodeIgniter->handleRequest(null, Object(Config\Cache), false)
 4 FCPATH\index.php(67): CodeIgniter\CodeIgniter->run()
 5 SYSTEMPATH\Commands\Server\rewrite.php(46): require_once('FCPATH\\index.php')
CRITICAL - 2023-03-10 06:48:40 --> Call to a member function select() on null
in APPPATH\Controllers\Achatcontrol.php on line 15.
 1 SYSTEMPATH\CodeIgniter.php(902): App\Controllers\Achatcontrol->teste()
 2 SYSTEMPATH\CodeIgniter.php(457): CodeIgniter\CodeIgniter->runController(Object(App\Controllers\Achatcontrol))
 3 SYSTEMPATH\CodeIgniter.php(340): CodeIgniter\CodeIgniter->handleRequest(null, Object(Config\Cache), false)
 4 FCPATH\index.php(67): CodeIgniter\CodeIgniter->run()
 5 SYSTEMPATH\Commands\Server\rewrite.php(46): require_once('FCPATH\\index.php')
CRITICAL - 2023-03-10 06:48:50 --> Call to a member function select() on null
in APPPATH\Controllers\Achatcontrol.php on line 15.
 1 SYSTEMPATH\CodeIgniter.php(902): App\Controllers\Achatcontrol->teste()
 2 SYSTEMPATH\CodeIgniter.php(457): CodeIgniter\CodeIgniter->runController(Object(App\Controllers\Achatcontrol))
 3 SYSTEMPATH\CodeIgniter.php(340): CodeIgniter\CodeIgniter->handleRequest(null, Object(Config\Cache), false)
 4 FCPATH\index.php(67): CodeIgniter\CodeIgniter->run()
 5 SYSTEMPATH\Commands\Server\rewrite.php(46): require_once('FCPATH\\index.php')
CRITICAL - 2023-03-10 06:49:36 --> Call to a member function select() on null
in APPPATH\Controllers\Achatcontrol.php on line 15.
 1 SYSTEMPATH\CodeIgniter.php(902): App\Controllers\Achatcontrol->teste()
 2 SYSTEMPATH\CodeIgniter.php(457): CodeIgniter\CodeIgniter->runController(Object(App\Controllers\Achatcontrol))
 3 SYSTEMPATH\CodeIgniter.php(340): CodeIgniter\CodeIgniter->handleRequest(null, Object(Config\Cache), false)
 4 FCPATH\index.php(67): CodeIgniter\CodeIgniter->run()
 5 SYSTEMPATH\Commands\Server\rewrite.php(46): require_once('FCPATH\\index.php')
CRITICAL - 2023-03-10 06:49:39 --> Call to a member function select() on null
in APPPATH\Controllers\Achatcontrol.php on line 15.
 1 SYSTEMPATH\CodeIgniter.php(902): App\Controllers\Achatcontrol->teste()
 2 SYSTEMPATH\CodeIgniter.php(457): CodeIgniter\CodeIgniter->runController(Object(App\Controllers\Achatcontrol))
 3 SYSTEMPATH\CodeIgniter.php(340): CodeIgniter\CodeIgniter->handleRequest(null, Object(Config\Cache), false)
 4 FCPATH\index.php(67): CodeIgniter\CodeIgniter->run()
 5 SYSTEMPATH\Commands\Server\rewrite.php(46): require_once('FCPATH\\index.php')
CRITICAL - 2023-03-10 06:49:49 --> Call to a member function select() on null
in APPPATH\Controllers\Achatcontrol.php on line 15.
 1 SYSTEMPATH\CodeIgniter.php(902): App\Controllers\Achatcontrol->teste()
 2 SYSTEMPATH\CodeIgniter.php(457): CodeIgniter\CodeIgniter->runController(Object(App\Controllers\Achatcontrol))
 3 SYSTEMPATH\CodeIgniter.php(340): CodeIgniter\CodeIgniter->handleRequest(null, Object(Config\Cache), false)
 4 FCPATH\index.php(67): CodeIgniter\CodeIgniter->run()
 5 SYSTEMPATH\Commands\Server\rewrite.php(46): require_once('FCPATH\\index.php')
CRITICAL - 2023-03-10 06:53:31 --> Call to a member function select() on null
in APPPATH\Controllers\Achatcontrol.php on line 15.
 1 SYSTEMPATH\CodeIgniter.php(902): App\Controllers\Achatcontrol->teste()
 2 SYSTEMPATH\CodeIgniter.php(457): CodeIgniter\CodeIgniter->runController(Object(App\Controllers\Achatcontrol))
 3 SYSTEMPATH\CodeIgniter.php(340): CodeIgniter\CodeIgniter->handleRequest(null, Object(Config\Cache), false)
 4 FCPATH\index.php(67): CodeIgniter\CodeIgniter->run()
 5 SYSTEMPATH\Commands\Server\rewrite.php(46): require_once('FCPATH\\index.php')
CRITICAL - 2023-03-10 06:56:51 --> Call to a member function select() on null
in APPPATH\Controllers\Achatcontrol.php on line 15.
 1 SYSTEMPATH\CodeIgniter.php(902): App\Controllers\Achatcontrol->teste()
 2 SYSTEMPATH\CodeIgniter.php(457): CodeIgniter\CodeIgniter->runController(Object(App\Controllers\Achatcontrol))
 3 SYSTEMPATH\CodeIgniter.php(340): CodeIgniter\CodeIgniter->handleRequest(null, Object(Config\Cache), false)
 4 FCPATH\index.php(67): CodeIgniter\CodeIgniter->run()
 5 SYSTEMPATH\Commands\Server\rewrite.php(46): require_once('FCPATH\\index.php')
CRITICAL - 2023-03-10 06:57:17 --> Call to a member function select() on null
in APPPATH\Controllers\Achatcontrol.php on line 15.
 1 SYSTEMPATH\CodeIgniter.php(902): App\Controllers\Achatcontrol->teste()
 2 SYSTEMPATH\CodeIgniter.php(457): CodeIgniter\CodeIgniter->runController(Object(App\Controllers\Achatcontrol))
 3 SYSTEMPATH\CodeIgniter.php(340): CodeIgniter\CodeIgniter->handleRequest(null, Object(Config\Cache), false)
 4 FCPATH\index.php(67): CodeIgniter\CodeIgniter->run()
 5 SYSTEMPATH\Commands\Server\rewrite.php(46): require_once('FCPATH\\index.php')
CRITICAL - 2023-03-10 07:13:51 --> Call to undefined method App\Models\AchatModel::jo
in SYSTEMPATH\Model.php on line 774.
 1 APPPATH\Controllers\Achatcontrol.php(16): CodeIgniter\Model->__call('jo', [])
 2 SYSTEMPATH\CodeIgniter.php(902): App\Controllers\Achatcontrol->teste()
 3 SYSTEMPATH\CodeIgniter.php(457): CodeIgniter\CodeIgniter->runController(Object(App\Controllers\Achatcontrol))
 4 SYSTEMPATH\CodeIgniter.php(340): CodeIgniter\CodeIgniter->handleRequest(null, Object(Config\Cache), false)
 5 FCPATH\index.php(67): CodeIgniter\CodeIgniter->run()
 6 SYSTEMPATH\Commands\Server\rewrite.php(46): require_once('FCPATH\\index.php')
CRITICAL - 2023-03-10 07:14:56 --> Call to undefined method App\Models\AchatModel::jo
in SYSTEMPATH\Model.php on line 774.
 1 APPPATH\Controllers\Achatcontrol.php(16): CodeIgniter\Model->__call('jo', [])
 2 SYSTEMPATH\CodeIgniter.php(902): App\Controllers\Achatcontrol->teste()
 3 SYSTEMPATH\CodeIgniter.php(457): CodeIgniter\CodeIgniter->runController(Object(App\Controllers\Achatcontrol))
 4 SYSTEMPATH\CodeIgniter.php(340): CodeIgniter\CodeIgniter->handleRequest(null, Object(Config\Cache), false)
 5 FCPATH\index.php(67): CodeIgniter\CodeIgniter->run()
 6 SYSTEMPATH\Commands\Server\rewrite.php(46): require_once('FCPATH\\index.php')
CRITICAL - 2023-03-10 07:15:20 --> Call to undefined method App\Models\AchatModel::jo
in SYSTEMPATH\Model.php on line 774.
 1 APPPATH\Controllers\Achatcontrol.php(16): CodeIgniter\Model->__call('jo', [])
 2 SYSTEMPATH\CodeIgniter.php(902): App\Controllers\Achatcontrol->teste()
 3 SYSTEMPATH\CodeIgniter.php(457): CodeIgniter\CodeIgniter->runController(Object(App\Controllers\Achatcontrol))
 4 SYSTEMPATH\CodeIgniter.php(340): CodeIgniter\CodeIgniter->handleRequest(null, Object(Config\Cache), false)
 5 FCPATH\index.php(67): CodeIgniter\CodeIgniter->run()
 6 SYSTEMPATH\Commands\Server\rewrite.php(46): require_once('FCPATH\\index.php')
ERROR - 2023-03-10 07:21:02 --> mysqli_sql_exception: Cannot add or update a child row: a foreign key constraint fails (`logement`.`acheter`, CONSTRAINT `acheter_ibfk_2` FOREIGN KEY (`num_cli`) REFERENCES `client` (`num_cli`)) in E:\ProjetCodphp\AgenceLogement\system\Database\MySQLi\Connection.php:292
Stack trace:
#0 E:\ProjetCodphp\AgenceLogement\system\Database\MySQLi\Connection.php(292): mysqli->query('INSERT INTO `ac...', 0)
#1 E:\ProjetCodphp\AgenceLogement\system\Database\BaseConnection.php(693): CodeIgniter\Database\MySQLi\Connection->execute('INSERT INTO `ac...')
#2 E:\ProjetCodphp\AgenceLogement\system\Database\BaseConnection.php(620): CodeIgniter\Database\BaseConnection->simpleQuery('INSERT INTO `ac...')
#3 E:\ProjetCodphp\AgenceLogement\system\Database\BaseBuilder.php(1916): CodeIgniter\Database\BaseConnection->query('INSERT INTO `ac...', Array, false)
#4 E:\ProjetCodphp\AgenceLogement\system\Model.php(279): CodeIgniter\Database\BaseBuilder->insert()
#5 E:\ProjetCodphp\AgenceLogement\system\BaseModel.php(748): CodeIgniter\Model->doInsert(Array)
#6 E:\ProjetCodphp\AgenceLogement\system\Model.php(667): CodeIgniter\BaseModel->insert(Array, false)
#7 E:\ProjetCodphp\AgenceLogement\system\BaseModel.php(658): CodeIgniter\Model->insert(Array, false)
#8 E:\ProjetCodphp\AgenceLogement\app\Controllers\Achetecontrol.php(30): CodeIgniter\BaseModel->save(Array)
#9 E:\ProjetCodphp\AgenceLogement\system\CodeIgniter.php(902): App\Controllers\Achetecontrol->save()
#10 E:\ProjetCodphp\AgenceLogement\system\CodeIgniter.php(457): CodeIgniter\CodeIgniter->runController(Object(App\Controllers\Achetecontrol))
#11 E:\ProjetCodphp\AgenceLogement\system\CodeIgniter.php(340): CodeIgniter\CodeIgniter->handleRequest(NULL, Object(Config\Cache), false)
#12 E:\ProjetCodphp\AgenceLogement\public\index.php(67): CodeIgniter\CodeIgniter->run()
#13 E:\ProjetCodphp\AgenceLogement\system\Commands\Server\rewrite.php(46): require_once('E:\\ProjetCodphp...')
#14 {main}
