CRITICAL - 2023-03-24 08:08:03 --> mysqli_query() expects parameter 1 to be mysqli, null given
in APPPATH\Views\Achat.php on line 55.
 1 [internal function]: CodeIgniter\Debug\Exceptions->errorHandler(2, 'mysqli_query() expects parameter 1 to be mysqli, null given', 'APPPATH\\Views\\Achat.php', 55, [...])
 2 APPPATH\Views\Achat.php(55): mysqli_query(null, 'select * from client')
 3 SYSTEMPATH\View\View.php(213): include('APPPATH\\Views\\Achat.php')
 4 SYSTEMPATH\View\View.php(216): CodeIgniter\View\View->CodeIgniter\View\{closure}()
 5 SYSTEMPATH\Common.php(1142): CodeIgniter\View\View->render('Achat', [], true)
 6 APPPATH\Controllers\Achatcontrol.php(16): view('Achat', [...])
 7 SYSTEMPATH\CodeIgniter.php(902): App\Controllers\Achatcontrol->teste()
 8 SYSTEMPATH\CodeIgniter.php(457): CodeIgniter\CodeIgniter->runController(Object(App\Controllers\Achatcontrol))
 9 SYSTEMPATH\CodeIgniter.php(340): CodeIgniter\CodeIgniter->handleRequest(null, Object(Config\Cache), false)
10 FCPATH\index.php(67): CodeIgniter\CodeIgniter->run()
11 SYSTEMPATH\Commands\Server\rewrite.php(46): require_once('FCPATH\\index.php')
CRITICAL - 2023-03-24 08:08:12 --> mysqli_query() expects parameter 1 to be mysqli, null given
in APPPATH\Views\Achat.php on line 55.
 1 [internal function]: CodeIgniter\Debug\Exceptions->errorHandler(2, 'mysqli_query() expects parameter 1 to be mysqli, null given', 'APPPATH\\Views\\Achat.php', 55, [...])
 2 APPPATH\Views\Achat.php(55): mysqli_query(null, 'select * from client')
 3 SYSTEMPATH\View\View.php(213): include('APPPATH\\Views\\Achat.php')
 4 SYSTEMPATH\View\View.php(216): CodeIgniter\View\View->CodeIgniter\View\{closure}()
 5 SYSTEMPATH\Common.php(1142): CodeIgniter\View\View->render('Achat', [], true)
 6 APPPATH\Controllers\Achatcontrol.php(16): view('Achat', [...])
 7 SYSTEMPATH\CodeIgniter.php(902): App\Controllers\Achatcontrol->teste()
 8 SYSTEMPATH\CodeIgniter.php(457): CodeIgniter\CodeIgniter->runController(Object(App\Controllers\Achatcontrol))
 9 SYSTEMPATH\CodeIgniter.php(340): CodeIgniter\CodeIgniter->handleRequest(null, Object(Config\Cache), false)
10 FCPATH\index.php(67): CodeIgniter\CodeIgniter->run()
11 SYSTEMPATH\Commands\Server\rewrite.php(46): require_once('FCPATH\\index.php')
CRITICAL - 2023-03-24 08:09:06 --> mysqli_query() expects parameter 1 to be mysqli, null given
in APPPATH\Views\Achat.php on line 55.
 1 [internal function]: CodeIgniter\Debug\Exceptions->errorHandler(2, 'mysqli_query() expects parameter 1 to be mysqli, null given', 'APPPATH\\Views\\Achat.php', 55, [...])
 2 APPPATH\Views\Achat.php(55): mysqli_query(null, 'select * from client')
 3 SYSTEMPATH\View\View.php(213): include('APPPATH\\Views\\Achat.php')
 4 SYSTEMPATH\View\View.php(216): CodeIgniter\View\View->CodeIgniter\View\{closure}()
 5 SYSTEMPATH\Common.php(1142): CodeIgniter\View\View->render('Achat', [], true)
 6 APPPATH\Controllers\Achatcontrol.php(16): view('Achat', [...])
 7 SYSTEMPATH\CodeIgniter.php(902): App\Controllers\Achatcontrol->teste()
 8 SYSTEMPATH\CodeIgniter.php(457): CodeIgniter\CodeIgniter->runController(Object(App\Controllers\Achatcontrol))
 9 SYSTEMPATH\CodeIgniter.php(340): CodeIgniter\CodeIgniter->handleRequest(null, Object(Config\Cache), false)
10 FCPATH\index.php(67): CodeIgniter\CodeIgniter->run()
11 SYSTEMPATH\Commands\Server\rewrite.php(46): require_once('FCPATH\\index.php')
CRITICAL - 2023-03-24 08:22:22 --> Invalid argument supplied for foreach()
in APPPATH\Views\Achat.php on line 54.
 1 APPPATH\Views\Achat.php(54): CodeIgniter\Debug\Exceptions->errorHandler(2, 'Invalid argument supplied for foreach()', 'APPPATH\\Views\\Achat.php', 54, [...])
 2 SYSTEMPATH\View\View.php(213): include('APPPATH\\Views\\Achat.php')
 3 SYSTEMPATH\View\View.php(216): CodeIgniter\View\View->CodeIgniter\View\{closure}()
 4 SYSTEMPATH\Common.php(1142): CodeIgniter\View\View->render('Achat', [], true)
 5 APPPATH\Controllers\Achatcontrol.php(16): view('Achat', [...])
 6 SYSTEMPATH\CodeIgniter.php(902): App\Controllers\Achatcontrol->teste()
 7 SYSTEMPATH\CodeIgniter.php(457): CodeIgniter\CodeIgniter->runController(Object(App\Controllers\Achatcontrol))
 8 SYSTEMPATH\CodeIgniter.php(340): CodeIgniter\CodeIgniter->handleRequest(null, Object(Config\Cache), false)
 9 FCPATH\index.php(67): CodeIgniter\CodeIgniter->run()
10 SYSTEMPATH\Commands\Server\rewrite.php(46): require_once('FCPATH\\index.php')
CRITICAL - 2023-03-24 08:22:34 --> Invalid argument supplied for foreach()
in APPPATH\Views\Achat.php on line 54.
 1 APPPATH\Views\Achat.php(54): CodeIgniter\Debug\Exceptions->errorHandler(2, 'Invalid argument supplied for foreach()', 'APPPATH\\Views\\Achat.php', 54, [...])
 2 SYSTEMPATH\View\View.php(213): include('APPPATH\\Views\\Achat.php')
 3 SYSTEMPATH\View\View.php(216): CodeIgniter\View\View->CodeIgniter\View\{closure}()
 4 SYSTEMPATH\Common.php(1142): CodeIgniter\View\View->render('Achat', [], true)
 5 APPPATH\Controllers\Achatcontrol.php(16): view('Achat', [...])
 6 SYSTEMPATH\CodeIgniter.php(902): App\Controllers\Achatcontrol->teste()
 7 SYSTEMPATH\CodeIgniter.php(457): CodeIgniter\CodeIgniter->runController(Object(App\Controllers\Achatcontrol))
 8 SYSTEMPATH\CodeIgniter.php(340): CodeIgniter\CodeIgniter->handleRequest(null, Object(Config\Cache), false)
 9 FCPATH\index.php(67): CodeIgniter\CodeIgniter->run()
10 SYSTEMPATH\Commands\Server\rewrite.php(46): require_once('FCPATH\\index.php')
