CRITICAL - 2023-02-22 07:50:58 --> include(connect.php): failed to open stream: No such file or directory
in APPPATH\Views\index.php on line 164.
 1 APPPATH\Views\index.php(164): CodeIgniter\Debug\Exceptions->errorHandler(2, 'include(connect.php): failed to open stream: No such file or directory', 'APPPATH\\Views\\index.php', 164, [])
 2 APPPATH\Views\index.php(164): include()
 3 SYSTEMPATH\View\View.php(213): include('APPPATH\\Views\\index.php')
 4 SYSTEMPATH\View\View.php(216): CodeIgniter\View\View->CodeIgniter\View\{closure}()
 5 SYSTEMPATH\Common.php(1142): CodeIgniter\View\View->render('index', [], true)
 6 APPPATH\Controllers\Home.php(9): view('index')
 7 SYSTEMPATH\CodeIgniter.php(902): App\Controllers\Home->index()
 8 SYSTEMPATH\CodeIgniter.php(457): CodeIgniter\CodeIgniter->runController(Object(App\Controllers\Home))
 9 SYSTEMPATH\CodeIgniter.php(340): CodeIgniter\CodeIgniter->handleRequest(null, Object(Config\Cache), false)
10 FCPATH\index.php(67): CodeIgniter\CodeIgniter->run()
CRITICAL - 2023-02-22 07:51:10 --> include(connect.php): failed to open stream: No such file or directory
in APPPATH\Views\index.php on line 164.
 1 APPPATH\Views\index.php(164): CodeIgniter\Debug\Exceptions->errorHandler(2, 'include(connect.php): failed to open stream: No such file or directory', 'APPPATH\\Views\\index.php', 164, [])
 2 APPPATH\Views\index.php(164): include()
 3 SYSTEMPATH\View\View.php(213): include('APPPATH\\Views\\index.php')
 4 SYSTEMPATH\View\View.php(216): CodeIgniter\View\View->CodeIgniter\View\{closure}()
 5 SYSTEMPATH\Common.php(1142): CodeIgniter\View\View->render('index', [], true)
 6 APPPATH\Controllers\Home.php(9): view('index')
 7 SYSTEMPATH\CodeIgniter.php(902): App\Controllers\Home->index()
 8 SYSTEMPATH\CodeIgniter.php(457): CodeIgniter\CodeIgniter->runController(Object(App\Controllers\Home))
 9 SYSTEMPATH\CodeIgniter.php(340): CodeIgniter\CodeIgniter->handleRequest(null, Object(Config\Cache), false)
10 FCPATH\index.php(67): CodeIgniter\CodeIgniter->run()
CRITICAL - 2023-02-22 07:53:11 --> include(connect.php): failed to open stream: No such file or directory
in APPPATH\Views\index.php on line 164.
 1 APPPATH\Views\index.php(164): CodeIgniter\Debug\Exceptions->errorHandler(2, 'include(connect.php): failed to open stream: No such file or directory', 'APPPATH\\Views\\index.php', 164, [])
 2 APPPATH\Views\index.php(164): include()
 3 SYSTEMPATH\View\View.php(213): include('APPPATH\\Views\\index.php')
 4 SYSTEMPATH\View\View.php(216): CodeIgniter\View\View->CodeIgniter\View\{closure}()
 5 SYSTEMPATH\Common.php(1142): CodeIgniter\View\View->render('index', [], true)
 6 APPPATH\Controllers\Home.php(9): view('index')
 7 SYSTEMPATH\CodeIgniter.php(902): App\Controllers\Home->index()
 8 SYSTEMPATH\CodeIgniter.php(457): CodeIgniter\CodeIgniter->runController(Object(App\Controllers\Home))
 9 SYSTEMPATH\CodeIgniter.php(340): CodeIgniter\CodeIgniter->handleRequest(null, Object(Config\Cache), false)
10 FCPATH\index.php(67): CodeIgniter\CodeIgniter->run()
CRITICAL - 2023-02-22 08:02:42 --> include(connect.php): failed to open stream: No such file or directory
in APPPATH\Views\index.php on line 164.
 1 APPPATH\Views\index.php(164): CodeIgniter\Debug\Exceptions->errorHandler(2, 'include(connect.php): failed to open stream: No such file or directory', 'APPPATH\\Views\\index.php', 164, [])
 2 APPPATH\Views\index.php(164): include()
 3 SYSTEMPATH\View\View.php(213): include('APPPATH\\Views\\index.php')
 4 SYSTEMPATH\View\View.php(216): CodeIgniter\View\View->CodeIgniter\View\{closure}()
 5 SYSTEMPATH\Common.php(1142): CodeIgniter\View\View->render('index', [], true)
 6 APPPATH\Controllers\Home.php(9): view('index')
 7 SYSTEMPATH\CodeIgniter.php(902): App\Controllers\Home->index()
 8 SYSTEMPATH\CodeIgniter.php(457): CodeIgniter\CodeIgniter->runController(Object(App\Controllers\Home))
 9 SYSTEMPATH\CodeIgniter.php(340): CodeIgniter\CodeIgniter->handleRequest(null, Object(Config\Cache), false)
10 FCPATH\index.php(67): CodeIgniter\CodeIgniter->run()
CRITICAL - 2023-02-22 08:03:41 --> include(connect.php): failed to open stream: No such file or directory
in APPPATH\Views\index.php on line 164.
 1 APPPATH\Views\index.php(164): CodeIgniter\Debug\Exceptions->errorHandler(2, 'include(connect.php): failed to open stream: No such file or directory', 'APPPATH\\Views\\index.php', 164, [])
 2 APPPATH\Views\index.php(164): include()
 3 SYSTEMPATH\View\View.php(213): include('APPPATH\\Views\\index.php')
 4 SYSTEMPATH\View\View.php(216): CodeIgniter\View\View->CodeIgniter\View\{closure}()
 5 SYSTEMPATH\Common.php(1142): CodeIgniter\View\View->render('index', [], true)
 6 APPPATH\Controllers\Home.php(9): view('index')
 7 SYSTEMPATH\CodeIgniter.php(902): App\Controllers\Home->index()
 8 SYSTEMPATH\CodeIgniter.php(457): CodeIgniter\CodeIgniter->runController(Object(App\Controllers\Home))
 9 SYSTEMPATH\CodeIgniter.php(340): CodeIgniter\CodeIgniter->handleRequest(null, Object(Config\Cache), false)
10 FCPATH\index.php(67): CodeIgniter\CodeIgniter->run()
CRITICAL - 2023-02-22 08:06:30 --> include(connect.php): failed to open stream: No such file or directory
in APPPATH\Views\index.php on line 265.
 1 APPPATH\Views\index.php(265): CodeIgniter\Debug\Exceptions->errorHandler(2, 'include(connect.php): failed to open stream: No such file or directory', 'APPPATH\\Views\\index.php', 265, [])
 2 APPPATH\Views\index.php(265): include()
 3 SYSTEMPATH\View\View.php(213): include('APPPATH\\Views\\index.php')
 4 SYSTEMPATH\View\View.php(216): CodeIgniter\View\View->CodeIgniter\View\{closure}()
 5 SYSTEMPATH\Common.php(1142): CodeIgniter\View\View->render('index', [], true)
 6 APPPATH\Controllers\Home.php(9): view('index')
 7 SYSTEMPATH\CodeIgniter.php(902): App\Controllers\Home->index()
 8 SYSTEMPATH\CodeIgniter.php(457): CodeIgniter\CodeIgniter->runController(Object(App\Controllers\Home))
 9 SYSTEMPATH\CodeIgniter.php(340): CodeIgniter\CodeIgniter->handleRequest(null, Object(Config\Cache), false)
10 FCPATH\index.php(67): CodeIgniter\CodeIgniter->run()
CRITICAL - 2023-02-22 08:06:33 --> include(connect.php): failed to open stream: No such file or directory
in APPPATH\Views\index.php on line 265.
 1 APPPATH\Views\index.php(265): CodeIgniter\Debug\Exceptions->errorHandler(2, 'include(connect.php): failed to open stream: No such file or directory', 'APPPATH\\Views\\index.php', 265, [])
 2 APPPATH\Views\index.php(265): include()
 3 SYSTEMPATH\View\View.php(213): include('APPPATH\\Views\\index.php')
 4 SYSTEMPATH\View\View.php(216): CodeIgniter\View\View->CodeIgniter\View\{closure}()
 5 SYSTEMPATH\Common.php(1142): CodeIgniter\View\View->render('index', [], true)
 6 APPPATH\Controllers\Home.php(9): view('index')
 7 SYSTEMPATH\CodeIgniter.php(902): App\Controllers\Home->index()
 8 SYSTEMPATH\CodeIgniter.php(457): CodeIgniter\CodeIgniter->runController(Object(App\Controllers\Home))
 9 SYSTEMPATH\CodeIgniter.php(340): CodeIgniter\CodeIgniter->handleRequest(null, Object(Config\Cache), false)
10 FCPATH\index.php(67): CodeIgniter\CodeIgniter->run()
CRITICAL - 2023-02-22 08:08:18 --> include(connect.php): failed to open stream: No such file or directory
in APPPATH\Views\index.php on line 265.
 1 APPPATH\Views\index.php(265): CodeIgniter\Debug\Exceptions->errorHandler(2, 'include(connect.php): failed to open stream: No such file or directory', 'APPPATH\\Views\\index.php', 265, [])
 2 APPPATH\Views\index.php(265): include()
 3 SYSTEMPATH\View\View.php(213): include('APPPATH\\Views\\index.php')
 4 SYSTEMPATH\View\View.php(216): CodeIgniter\View\View->CodeIgniter\View\{closure}()
 5 SYSTEMPATH\Common.php(1142): CodeIgniter\View\View->render('index', [], true)
 6 APPPATH\Controllers\Home.php(9): view('index')
 7 SYSTEMPATH\CodeIgniter.php(902): App\Controllers\Home->index()
 8 SYSTEMPATH\CodeIgniter.php(457): CodeIgniter\CodeIgniter->runController(Object(App\Controllers\Home))
 9 SYSTEMPATH\CodeIgniter.php(340): CodeIgniter\CodeIgniter->handleRequest(null, Object(Config\Cache), false)
10 FCPATH\index.php(67): CodeIgniter\CodeIgniter->run()
CRITICAL - 2023-02-22 08:08:20 --> include(connect.php): failed to open stream: No such file or directory
in APPPATH\Views\index.php on line 265.
 1 APPPATH\Views\index.php(265): CodeIgniter\Debug\Exceptions->errorHandler(2, 'include(connect.php): failed to open stream: No such file or directory', 'APPPATH\\Views\\index.php', 265, [])
 2 APPPATH\Views\index.php(265): include()
 3 SYSTEMPATH\View\View.php(213): include('APPPATH\\Views\\index.php')
 4 SYSTEMPATH\View\View.php(216): CodeIgniter\View\View->CodeIgniter\View\{closure}()
 5 SYSTEMPATH\Common.php(1142): CodeIgniter\View\View->render('index', [], true)
 6 APPPATH\Controllers\Home.php(9): view('index')
 7 SYSTEMPATH\CodeIgniter.php(902): App\Controllers\Home->index()
 8 SYSTEMPATH\CodeIgniter.php(457): CodeIgniter\CodeIgniter->runController(Object(App\Controllers\Home))
 9 SYSTEMPATH\CodeIgniter.php(340): CodeIgniter\CodeIgniter->handleRequest(null, Object(Config\Cache), false)
10 FCPATH\index.php(67): CodeIgniter\CodeIgniter->run()
CRITICAL - 2023-02-22 11:05:02 --> include(connect.php): failed to open stream: No such file or directory
in APPPATH\Views\index.php on line 265.
 1 APPPATH\Views\index.php(265): CodeIgniter\Debug\Exceptions->errorHandler(2, 'include(connect.php): failed to open stream: No such file or directory', 'APPPATH\\Views\\index.php', 265, [])
 2 APPPATH\Views\index.php(265): include()
 3 SYSTEMPATH\View\View.php(213): include('APPPATH\\Views\\index.php')
 4 SYSTEMPATH\View\View.php(216): CodeIgniter\View\View->CodeIgniter\View\{closure}()
 5 SYSTEMPATH\Common.php(1142): CodeIgniter\View\View->render('index', [], true)
 6 APPPATH\Controllers\Home.php(9): view('index')
 7 SYSTEMPATH\CodeIgniter.php(902): App\Controllers\Home->index()
 8 SYSTEMPATH\CodeIgniter.php(457): CodeIgniter\CodeIgniter->runController(Object(App\Controllers\Home))
 9 SYSTEMPATH\CodeIgniter.php(340): CodeIgniter\CodeIgniter->handleRequest(null, Object(Config\Cache), false)
10 FCPATH\index.php(67): CodeIgniter\CodeIgniter->run()
CRITICAL - 2023-02-22 11:05:46 --> include(connect.php): failed to open stream: No such file or directory
in APPPATH\Views\index.php on line 265.
 1 APPPATH\Views\index.php(265): CodeIgniter\Debug\Exceptions->errorHandler(2, 'include(connect.php): failed to open stream: No such file or directory', 'APPPATH\\Views\\index.php', 265, [])
 2 APPPATH\Views\index.php(265): include()
 3 SYSTEMPATH\View\View.php(213): include('APPPATH\\Views\\index.php')
 4 SYSTEMPATH\View\View.php(216): CodeIgniter\View\View->CodeIgniter\View\{closure}()
 5 SYSTEMPATH\Common.php(1142): CodeIgniter\View\View->render('index', [], true)
 6 APPPATH\Controllers\Home.php(9): view('index')
 7 SYSTEMPATH\CodeIgniter.php(902): App\Controllers\Home->index()
 8 SYSTEMPATH\CodeIgniter.php(457): CodeIgniter\CodeIgniter->runController(Object(App\Controllers\Home))
 9 SYSTEMPATH\CodeIgniter.php(340): CodeIgniter\CodeIgniter->handleRequest(null, Object(Config\Cache), false)
10 FCPATH\index.php(67): CodeIgniter\CodeIgniter->run()
CRITICAL - 2023-02-22 11:05:52 --> include(connect.php): failed to open stream: No such file or directory
in APPPATH\Views\index.php on line 265.
 1 APPPATH\Views\index.php(265): CodeIgniter\Debug\Exceptions->errorHandler(2, 'include(connect.php): failed to open stream: No such file or directory', 'APPPATH\\Views\\index.php', 265, [])
 2 APPPATH\Views\index.php(265): include()
 3 SYSTEMPATH\View\View.php(213): include('APPPATH\\Views\\index.php')
 4 SYSTEMPATH\View\View.php(216): CodeIgniter\View\View->CodeIgniter\View\{closure}()
 5 SYSTEMPATH\Common.php(1142): CodeIgniter\View\View->render('index', [], true)
 6 APPPATH\Controllers\Home.php(9): view('index')
 7 SYSTEMPATH\CodeIgniter.php(902): App\Controllers\Home->index()
 8 SYSTEMPATH\CodeIgniter.php(457): CodeIgniter\CodeIgniter->runController(Object(App\Controllers\Home))
 9 SYSTEMPATH\CodeIgniter.php(340): CodeIgniter\CodeIgniter->handleRequest(null, Object(Config\Cache), false)
10 FCPATH\index.php(67): CodeIgniter\CodeIgniter->run()
CRITICAL - 2023-02-22 11:09:59 --> include(connect.php): failed to open stream: No such file or directory
in APPPATH\Views\index.php on line 265.
 1 APPPATH\Views\index.php(265): CodeIgniter\Debug\Exceptions->errorHandler(2, 'include(connect.php): failed to open stream: No such file or directory', 'APPPATH\\Views\\index.php', 265, [])
 2 APPPATH\Views\index.php(265): include()
 3 SYSTEMPATH\View\View.php(213): include('APPPATH\\Views\\index.php')
 4 SYSTEMPATH\View\View.php(216): CodeIgniter\View\View->CodeIgniter\View\{closure}()
 5 SYSTEMPATH\Common.php(1142): CodeIgniter\View\View->render('index', [], true)
 6 APPPATH\Controllers\Home.php(9): view('index')
 7 SYSTEMPATH\CodeIgniter.php(902): App\Controllers\Home->index()
 8 SYSTEMPATH\CodeIgniter.php(457): CodeIgniter\CodeIgniter->runController(Object(App\Controllers\Home))
 9 SYSTEMPATH\CodeIgniter.php(340): CodeIgniter\CodeIgniter->handleRequest(null, Object(Config\Cache), false)
10 FCPATH\index.php(67): CodeIgniter\CodeIgniter->run()
CRITICAL - 2023-02-22 11:10:03 --> include(connect.php): failed to open stream: No such file or directory
in APPPATH\Views\index.php on line 265.
 1 APPPATH\Views\index.php(265): CodeIgniter\Debug\Exceptions->errorHandler(2, 'include(connect.php): failed to open stream: No such file or directory', 'APPPATH\\Views\\index.php', 265, [])
 2 APPPATH\Views\index.php(265): include()
 3 SYSTEMPATH\View\View.php(213): include('APPPATH\\Views\\index.php')
 4 SYSTEMPATH\View\View.php(216): CodeIgniter\View\View->CodeIgniter\View\{closure}()
 5 SYSTEMPATH\Common.php(1142): CodeIgniter\View\View->render('index', [], true)
 6 APPPATH\Controllers\Home.php(9): view('index')
 7 SYSTEMPATH\CodeIgniter.php(902): App\Controllers\Home->index()
 8 SYSTEMPATH\CodeIgniter.php(457): CodeIgniter\CodeIgniter->runController(Object(App\Controllers\Home))
 9 SYSTEMPATH\CodeIgniter.php(340): CodeIgniter\CodeIgniter->handleRequest(null, Object(Config\Cache), false)
10 FCPATH\index.php(67): CodeIgniter\CodeIgniter->run()
CRITICAL - 2023-02-22 11:10:03 --> include(connect.php): failed to open stream: No such file or directory
in APPPATH\Views\index.php on line 265.
 1 APPPATH\Views\index.php(265): CodeIgniter\Debug\Exceptions->errorHandler(2, 'include(connect.php): failed to open stream: No such file or directory', 'APPPATH\\Views\\index.php', 265, [])
 2 APPPATH\Views\index.php(265): include()
 3 SYSTEMPATH\View\View.php(213): include('APPPATH\\Views\\index.php')
 4 SYSTEMPATH\View\View.php(216): CodeIgniter\View\View->CodeIgniter\View\{closure}()
 5 SYSTEMPATH\Common.php(1142): CodeIgniter\View\View->render('index', [], true)
 6 APPPATH\Controllers\Home.php(9): view('index')
 7 SYSTEMPATH\CodeIgniter.php(902): App\Controllers\Home->index()
 8 SYSTEMPATH\CodeIgniter.php(457): CodeIgniter\CodeIgniter->runController(Object(App\Controllers\Home))
 9 SYSTEMPATH\CodeIgniter.php(340): CodeIgniter\CodeIgniter->handleRequest(null, Object(Config\Cache), false)
10 FCPATH\index.php(67): CodeIgniter\CodeIgniter->run()
CRITICAL - 2023-02-22 11:12:47 --> include(connect.php): failed to open stream: No such file or directory
in APPPATH\Views\index.php on line 265.
 1 APPPATH\Views\index.php(265): CodeIgniter\Debug\Exceptions->errorHandler(2, 'include(connect.php): failed to open stream: No such file or directory', 'APPPATH\\Views\\index.php', 265, [])
 2 APPPATH\Views\index.php(265): include()
 3 SYSTEMPATH\View\View.php(213): include('APPPATH\\Views\\index.php')
 4 SYSTEMPATH\View\View.php(216): CodeIgniter\View\View->CodeIgniter\View\{closure}()
 5 SYSTEMPATH\Common.php(1142): CodeIgniter\View\View->render('index', [], true)
 6 APPPATH\Controllers\Home.php(9): view('index')
 7 SYSTEMPATH\CodeIgniter.php(902): App\Controllers\Home->index()
 8 SYSTEMPATH\CodeIgniter.php(457): CodeIgniter\CodeIgniter->runController(Object(App\Controllers\Home))
 9 SYSTEMPATH\CodeIgniter.php(340): CodeIgniter\CodeIgniter->handleRequest(null, Object(Config\Cache), false)
10 FCPATH\index.php(67): CodeIgniter\CodeIgniter->run()
CRITICAL - 2023-02-22 11:15:05 --> include(connect.php): failed to open stream: No such file or directory
in APPPATH\Views\index.php on line 265.
 1 APPPATH\Views\index.php(265): CodeIgniter\Debug\Exceptions->errorHandler(2, 'include(connect.php): failed to open stream: No such file or directory', 'APPPATH\\Views\\index.php', 265, [])
 2 APPPATH\Views\index.php(265): include()
 3 SYSTEMPATH\View\View.php(213): include('APPPATH\\Views\\index.php')
 4 SYSTEMPATH\View\View.php(216): CodeIgniter\View\View->CodeIgniter\View\{closure}()
 5 SYSTEMPATH\Common.php(1142): CodeIgniter\View\View->render('index', [], true)
 6 APPPATH\Controllers\Home.php(9): view('index')
 7 SYSTEMPATH\CodeIgniter.php(902): App\Controllers\Home->index()
 8 SYSTEMPATH\CodeIgniter.php(457): CodeIgniter\CodeIgniter->runController(Object(App\Controllers\Home))
 9 SYSTEMPATH\CodeIgniter.php(340): CodeIgniter\CodeIgniter->handleRequest(null, Object(Config\Cache), false)
10 FCPATH\index.php(67): CodeIgniter\CodeIgniter->run()
CRITICAL - 2023-02-22 11:18:26 --> include(connect.php): failed to open stream: No such file or directory
in APPPATH\Views\index.php on line 265.
 1 APPPATH\Views\index.php(265): CodeIgniter\Debug\Exceptions->errorHandler(2, 'include(connect.php): failed to open stream: No such file or directory', 'APPPATH\\Views\\index.php', 265, [])
 2 APPPATH\Views\index.php(265): include()
 3 SYSTEMPATH\View\View.php(213): include('APPPATH\\Views\\index.php')
 4 SYSTEMPATH\View\View.php(216): CodeIgniter\View\View->CodeIgniter\View\{closure}()
 5 SYSTEMPATH\Common.php(1142): CodeIgniter\View\View->render('index', [], true)
 6 APPPATH\Controllers\Home.php(9): view('index')
 7 SYSTEMPATH\CodeIgniter.php(902): App\Controllers\Home->index()
 8 SYSTEMPATH\CodeIgniter.php(457): CodeIgniter\CodeIgniter->runController(Object(App\Controllers\Home))
 9 SYSTEMPATH\CodeIgniter.php(340): CodeIgniter\CodeIgniter->handleRequest(null, Object(Config\Cache), false)
10 FCPATH\index.php(67): CodeIgniter\CodeIgniter->run()
CRITICAL - 2023-02-22 11:19:12 --> include(connect.php): failed to open stream: No such file or directory
in APPPATH\Views\index.php on line 265.
 1 APPPATH\Views\index.php(265): CodeIgniter\Debug\Exceptions->errorHandler(2, 'include(connect.php): failed to open stream: No such file or directory', 'APPPATH\\Views\\index.php', 265, [])
 2 APPPATH\Views\index.php(265): include()
 3 SYSTEMPATH\View\View.php(213): include('APPPATH\\Views\\index.php')
 4 SYSTEMPATH\View\View.php(216): CodeIgniter\View\View->CodeIgniter\View\{closure}()
 5 SYSTEMPATH\Common.php(1142): CodeIgniter\View\View->render('index', [], true)
 6 APPPATH\Controllers\Home.php(9): view('index')
 7 SYSTEMPATH\CodeIgniter.php(902): App\Controllers\Home->index()
 8 SYSTEMPATH\CodeIgniter.php(457): CodeIgniter\CodeIgniter->runController(Object(App\Controllers\Home))
 9 SYSTEMPATH\CodeIgniter.php(340): CodeIgniter\CodeIgniter->handleRequest(null, Object(Config\Cache), false)
10 FCPATH\index.php(67): CodeIgniter\CodeIgniter->run()
CRITICAL - 2023-02-22 11:19:14 --> include(connect.php): failed to open stream: No such file or directory
in APPPATH\Views\index.php on line 265.
 1 APPPATH\Views\index.php(265): CodeIgniter\Debug\Exceptions->errorHandler(2, 'include(connect.php): failed to open stream: No such file or directory', 'APPPATH\\Views\\index.php', 265, [])
 2 APPPATH\Views\index.php(265): include()
 3 SYSTEMPATH\View\View.php(213): include('APPPATH\\Views\\index.php')
 4 SYSTEMPATH\View\View.php(216): CodeIgniter\View\View->CodeIgniter\View\{closure}()
 5 SYSTEMPATH\Common.php(1142): CodeIgniter\View\View->render('index', [], true)
 6 APPPATH\Controllers\Home.php(9): view('index')
 7 SYSTEMPATH\CodeIgniter.php(902): App\Controllers\Home->index()
 8 SYSTEMPATH\CodeIgniter.php(457): CodeIgniter\CodeIgniter->runController(Object(App\Controllers\Home))
 9 SYSTEMPATH\CodeIgniter.php(340): CodeIgniter\CodeIgniter->handleRequest(null, Object(Config\Cache), false)
10 FCPATH\index.php(67): CodeIgniter\CodeIgniter->run()
CRITICAL - 2023-02-22 11:19:17 --> include(connect.php): failed to open stream: No such file or directory
in APPPATH\Views\index.php on line 265.
 1 APPPATH\Views\index.php(265): CodeIgniter\Debug\Exceptions->errorHandler(2, 'include(connect.php): failed to open stream: No such file or directory', 'APPPATH\\Views\\index.php', 265, [])
 2 APPPATH\Views\index.php(265): include()
 3 SYSTEMPATH\View\View.php(213): include('APPPATH\\Views\\index.php')
 4 SYSTEMPATH\View\View.php(216): CodeIgniter\View\View->CodeIgniter\View\{closure}()
 5 SYSTEMPATH\Common.php(1142): CodeIgniter\View\View->render('index', [], true)
 6 APPPATH\Controllers\Home.php(9): view('index')
 7 SYSTEMPATH\CodeIgniter.php(902): App\Controllers\Home->index()
 8 SYSTEMPATH\CodeIgniter.php(457): CodeIgniter\CodeIgniter->runController(Object(App\Controllers\Home))
 9 SYSTEMPATH\CodeIgniter.php(340): CodeIgniter\CodeIgniter->handleRequest(null, Object(Config\Cache), false)
10 FCPATH\index.php(67): CodeIgniter\CodeIgniter->run()
