CRITICAL - 2023-03-02 02:09:03 --> Invalid argument supplied for foreach()
in APPPATH\Views\logement.php on line 102.
 1 APPPATH\Views\logement.php(102): CodeIgniter\Debug\Exceptions->errorHandler(2, 'Invalid argument supplied for foreach()', 'APPPATH\\Views\\logement.php', 102, [...])
 2 SYSTEMPATH\View\View.php(213): include('APPPATH\\Views\\logement.php')
 3 SYSTEMPATH\View\View.php(216): CodeIgniter\View\View->CodeIgniter\View\{closure}()
 4 SYSTEMPATH\Common.php(1142): CodeIgniter\View\View->render('logement', [], true)
 5 APPPATH\Controllers\Logementcontrol.php(18): view('logement', [...])
 6 SYSTEMPATH\CodeIgniter.php(902): App\Controllers\Logementcontrol->test()
 7 SYSTEMPATH\CodeIgniter.php(457): CodeIgniter\CodeIgniter->runController(Object(App\Controllers\Logementcontrol))
 8 SYSTEMPATH\CodeIgniter.php(340): CodeIgniter\CodeIgniter->handleRequest(null, Object(Config\Cache), false)
 9 FCPATH\index.php(67): CodeIgniter\CodeIgniter->run()
10 SYSTEMPATH\Commands\Server\rewrite.php(46): require_once('FCPATH\\index.php')
CRITICAL - 2023-03-02 02:09:10 --> Invalid argument supplied for foreach()
in APPPATH\Views\logement.php on line 102.
 1 APPPATH\Views\logement.php(102): CodeIgniter\Debug\Exceptions->errorHandler(2, 'Invalid argument supplied for foreach()', 'APPPATH\\Views\\logement.php', 102, [...])
 2 SYSTEMPATH\View\View.php(213): include('APPPATH\\Views\\logement.php')
 3 SYSTEMPATH\View\View.php(216): CodeIgniter\View\View->CodeIgniter\View\{closure}()
 4 SYSTEMPATH\Common.php(1142): CodeIgniter\View\View->render('logement', [], true)
 5 APPPATH\Controllers\Logementcontrol.php(18): view('logement', [...])
 6 SYSTEMPATH\CodeIgniter.php(902): App\Controllers\Logementcontrol->test()
 7 SYSTEMPATH\CodeIgniter.php(457): CodeIgniter\CodeIgniter->runController(Object(App\Controllers\Logementcontrol))
 8 SYSTEMPATH\CodeIgniter.php(340): CodeIgniter\CodeIgniter->handleRequest(null, Object(Config\Cache), false)
 9 FCPATH\index.php(67): CodeIgniter\CodeIgniter->run()
10 SYSTEMPATH\Commands\Server\rewrite.php(46): require_once('FCPATH\\index.php')
CRITICAL - 2023-03-02 02:12:41 --> Invalid argument supplied for foreach()
in APPPATH\Views\logement.php on line 102.
 1 APPPATH\Views\logement.php(102): CodeIgniter\Debug\Exceptions->errorHandler(2, 'Invalid argument supplied for foreach()', 'APPPATH\\Views\\logement.php', 102, [...])
 2 SYSTEMPATH\View\View.php(213): include('APPPATH\\Views\\logement.php')
 3 SYSTEMPATH\View\View.php(216): CodeIgniter\View\View->CodeIgniter\View\{closure}()
 4 SYSTEMPATH\Common.php(1142): CodeIgniter\View\View->render('logement', [], true)
 5 APPPATH\Controllers\Logementcontrol.php(18): view('logement', [...])
 6 SYSTEMPATH\CodeIgniter.php(902): App\Controllers\Logementcontrol->test()
 7 SYSTEMPATH\CodeIgniter.php(457): CodeIgniter\CodeIgniter->runController(Object(App\Controllers\Logementcontrol))
 8 SYSTEMPATH\CodeIgniter.php(340): CodeIgniter\CodeIgniter->handleRequest(null, Object(Config\Cache), false)
 9 FCPATH\index.php(67): CodeIgniter\CodeIgniter->run()
10 SYSTEMPATH\Commands\Server\rewrite.php(46): require_once('FCPATH\\index.php')
CRITICAL - 2023-03-02 02:14:54 --> Invalid argument supplied for foreach()
in APPPATH\Views\logement.php on line 102.
 1 APPPATH\Views\logement.php(102): CodeIgniter\Debug\Exceptions->errorHandler(2, 'Invalid argument supplied for foreach()', 'APPPATH\\Views\\logement.php', 102, [...])
 2 SYSTEMPATH\View\View.php(213): include('APPPATH\\Views\\logement.php')
 3 SYSTEMPATH\View\View.php(216): CodeIgniter\View\View->CodeIgniter\View\{closure}()
 4 SYSTEMPATH\Common.php(1142): CodeIgniter\View\View->render('logement', [], true)
 5 APPPATH\Controllers\Logementcontrol.php(18): view('logement', [...])
 6 SYSTEMPATH\CodeIgniter.php(902): App\Controllers\Logementcontrol->test()
 7 SYSTEMPATH\CodeIgniter.php(457): CodeIgniter\CodeIgniter->runController(Object(App\Controllers\Logementcontrol))
 8 SYSTEMPATH\CodeIgniter.php(340): CodeIgniter\CodeIgniter->handleRequest(null, Object(Config\Cache), false)
 9 FCPATH\index.php(67): CodeIgniter\CodeIgniter->run()
10 SYSTEMPATH\Commands\Server\rewrite.php(46): require_once('FCPATH\\index.php')
CRITICAL - 2023-03-02 02:17:27 --> Invalid argument supplied for foreach()
in APPPATH\Views\logement.php on line 102.
 1 APPPATH\Views\logement.php(102): CodeIgniter\Debug\Exceptions->errorHandler(2, 'Invalid argument supplied for foreach()', 'APPPATH\\Views\\logement.php', 102, [])
 2 SYSTEMPATH\View\View.php(213): include('APPPATH\\Views\\logement.php')
 3 SYSTEMPATH\View\View.php(216): CodeIgniter\View\View->CodeIgniter\View\{closure}()
 4 SYSTEMPATH\Common.php(1142): CodeIgniter\View\View->render('logement', [], true)
 5 APPPATH\Controllers\Logementcontrol.php(12): view('logement')
 6 SYSTEMPATH\CodeIgniter.php(902): App\Controllers\Logementcontrol->teste()
 7 SYSTEMPATH\CodeIgniter.php(457): CodeIgniter\CodeIgniter->runController(Object(App\Controllers\Logementcontrol))
 8 SYSTEMPATH\CodeIgniter.php(340): CodeIgniter\CodeIgniter->handleRequest(null, Object(Config\Cache), false)
 9 FCPATH\index.php(67): CodeIgniter\CodeIgniter->run()
10 SYSTEMPATH\Commands\Server\rewrite.php(46): require_once('FCPATH\\index.php')
CRITICAL - 2023-03-02 02:20:25 --> Invalid argument supplied for foreach()
in APPPATH\Views\logement.php on line 102.
 1 APPPATH\Views\logement.php(102): CodeIgniter\Debug\Exceptions->errorHandler(2, 'Invalid argument supplied for foreach()', 'APPPATH\\Views\\logement.php', 102, [...])
 2 SYSTEMPATH\View\View.php(213): include('APPPATH\\Views\\logement.php')
 3 SYSTEMPATH\View\View.php(216): CodeIgniter\View\View->CodeIgniter\View\{closure}()
 4 SYSTEMPATH\Common.php(1142): CodeIgniter\View\View->render('logement', [], true)
 5 APPPATH\Controllers\Logementcontrol.php(18): view('logement', [...])
 6 SYSTEMPATH\CodeIgniter.php(902): App\Controllers\Logementcontrol->test()
 7 SYSTEMPATH\CodeIgniter.php(457): CodeIgniter\CodeIgniter->runController(Object(App\Controllers\Logementcontrol))
 8 SYSTEMPATH\CodeIgniter.php(340): CodeIgniter\CodeIgniter->handleRequest(null, Object(Config\Cache), false)
 9 FCPATH\index.php(67): CodeIgniter\CodeIgniter->run()
10 SYSTEMPATH\Commands\Server\rewrite.php(46): require_once('FCPATH\\index.php')
ERROR - 2023-03-02 02:24:19 --> mysqli_sql_exception: Column 'nom_cli' cannot be null in E:\ProjetCodphp\AgenceLogement\system\Database\MySQLi\Connection.php:292
Stack trace:
#0 E:\ProjetCodphp\AgenceLogement\system\Database\MySQLi\Connection.php(292): mysqli->query('INSERT INTO `cl...', 0)
#1 E:\ProjetCodphp\AgenceLogement\system\Database\BaseConnection.php(693): CodeIgniter\Database\MySQLi\Connection->execute('INSERT INTO `cl...')
#2 E:\ProjetCodphp\AgenceLogement\system\Database\BaseConnection.php(620): CodeIgniter\Database\BaseConnection->simpleQuery('INSERT INTO `cl...')
#3 E:\ProjetCodphp\AgenceLogement\system\Database\BaseBuilder.php(1916): CodeIgniter\Database\BaseConnection->query('INSERT INTO `cl...', Array, false)
#4 E:\ProjetCodphp\AgenceLogement\system\Model.php(279): CodeIgniter\Database\BaseBuilder->insert()
#5 E:\ProjetCodphp\AgenceLogement\system\BaseModel.php(748): CodeIgniter\Model->doInsert(Array)
#6 E:\ProjetCodphp\AgenceLogement\system\Model.php(667): CodeIgniter\BaseModel->insert(Array, true)
#7 E:\ProjetCodphp\AgenceLogement\app\Controllers\Clientcontrol.php(32): CodeIgniter\Model->insert(Array)
#8 E:\ProjetCodphp\AgenceLogement\system\CodeIgniter.php(902): App\Controllers\Clientcontrol->save()
#9 E:\ProjetCodphp\AgenceLogement\system\CodeIgniter.php(457): CodeIgniter\CodeIgniter->runController(Object(App\Controllers\Clientcontrol))
#10 E:\ProjetCodphp\AgenceLogement\system\CodeIgniter.php(340): CodeIgniter\CodeIgniter->handleRequest(NULL, Object(Config\Cache), false)
#11 E:\ProjetCodphp\AgenceLogement\public\index.php(67): CodeIgniter\CodeIgniter->run()
#12 E:\ProjetCodphp\AgenceLogement\system\Commands\Server\rewrite.php(46): require_once('E:\\ProjetCodphp...')
#13 {main}
ERROR - 2023-03-02 02:30:48 --> mysqli_sql_exception: Column 'nom_cli' cannot be null in E:\ProjetCodphp\AgenceLogement\system\Database\MySQLi\Connection.php:292
Stack trace:
#0 E:\ProjetCodphp\AgenceLogement\system\Database\MySQLi\Connection.php(292): mysqli->query('INSERT INTO `cl...', 0)
#1 E:\ProjetCodphp\AgenceLogement\system\Database\BaseConnection.php(693): CodeIgniter\Database\MySQLi\Connection->execute('INSERT INTO `cl...')
#2 E:\ProjetCodphp\AgenceLogement\system\Database\BaseConnection.php(620): CodeIgniter\Database\BaseConnection->simpleQuery('INSERT INTO `cl...')
#3 E:\ProjetCodphp\AgenceLogement\system\Database\BaseBuilder.php(1916): CodeIgniter\Database\BaseConnection->query('INSERT INTO `cl...', Array, false)
#4 E:\ProjetCodphp\AgenceLogement\system\Model.php(279): CodeIgniter\Database\BaseBuilder->insert()
#5 E:\ProjetCodphp\AgenceLogement\system\BaseModel.php(748): CodeIgniter\Model->doInsert(Array)
#6 E:\ProjetCodphp\AgenceLogement\system\Model.php(667): CodeIgniter\BaseModel->insert(Array, true)
#7 E:\ProjetCodphp\AgenceLogement\app\Controllers\Clientcontrol.php(32): CodeIgniter\Model->insert(Array)
#8 E:\ProjetCodphp\AgenceLogement\system\CodeIgniter.php(902): App\Controllers\Clientcontrol->save()
#9 E:\ProjetCodphp\AgenceLogement\system\CodeIgniter.php(457): CodeIgniter\CodeIgniter->runController(Object(App\Controllers\Clientcontrol))
#10 E:\ProjetCodphp\AgenceLogement\system\CodeIgniter.php(340): CodeIgniter\CodeIgniter->handleRequest(NULL, Object(Config\Cache), false)
#11 E:\ProjetCodphp\AgenceLogement\public\index.php(67): CodeIgniter\CodeIgniter->run()
#12 E:\ProjetCodphp\AgenceLogement\system\Commands\Server\rewrite.php(46): require_once('E:\\ProjetCodphp...')
#13 {main}
