CRITICAL - 2023-04-06 12:18:42 --> Invalid file: index.php
in SYSTEMPATH\Exceptions\FrameworkException.php on line 33.
 1 SYSTEMPATH\View\View.php(201): CodeIgniter\Exceptions\FrameworkException::forInvalidFile('FCPATH\\index.php')
 2 SYSTEMPATH\Common.php(1142): CodeIgniter\View\View->render('index', [], true)
 3 APPPATH\Controllers\Home.php(9): view('index')
 4 SYSTEMPATH\CodeIgniter.php(902): App\Controllers\Home->index()
 5 SYSTEMPATH\CodeIgniter.php(457): CodeIgniter\CodeIgniter->runController(Object(App\Controllers\Home))
 6 SYSTEMPATH\CodeIgniter.php(340): CodeIgniter\CodeIgniter->handleRequest(null, Object(Config\Cache), false)
 7 FCPATH\index.php(67): CodeIgniter\CodeIgniter->run()
 8 SYSTEMPATH\Commands\Server\rewrite.php(46): require_once('FCPATH\\index.php')
CRITICAL - 2023-04-06 12:19:10 --> Invalid argument supplied for foreach()
in APPPATH\Views\Imprime.php on line 48.
 1 APPPATH\Views\Imprime.php(48): CodeIgniter\Debug\Exceptions->errorHandler(2, 'Invalid argument supplied for foreach()', 'APPPATH\\Views\\Imprime.php', 48, [])
 2 SYSTEMPATH\View\View.php(213): include('APPPATH\\Views\\Imprime.php')
 3 SYSTEMPATH\View\View.php(216): CodeIgniter\View\View->CodeIgniter\View\{closure}()
 4 SYSTEMPATH\Common.php(1142): CodeIgniter\View\View->render('Imprime', [], true)
 5 APPPATH\Controllers\Impression.php(11): view('Imprime')
 6 SYSTEMPATH\CodeIgniter.php(902): App\Controllers\Impression->demoPDF()
 7 SYSTEMPATH\CodeIgniter.php(457): CodeIgniter\CodeIgniter->runController(Object(App\Controllers\Impression))
 8 SYSTEMPATH\CodeIgniter.php(340): CodeIgniter\CodeIgniter->handleRequest(null, Object(Config\Cache), false)
 9 FCPATH\index.php(67): CodeIgniter\CodeIgniter->run()
10 SYSTEMPATH\Commands\Server\rewrite.php(46): require_once('FCPATH\\index.php')
CRITICAL - 2023-04-06 12:19:15 --> Invalid argument supplied for foreach()
in APPPATH\Views\Imprime.php on line 48.
 1 APPPATH\Views\Imprime.php(48): CodeIgniter\Debug\Exceptions->errorHandler(2, 'Invalid argument supplied for foreach()', 'APPPATH\\Views\\Imprime.php', 48, [])
 2 SYSTEMPATH\View\View.php(213): include('APPPATH\\Views\\Imprime.php')
 3 SYSTEMPATH\View\View.php(216): CodeIgniter\View\View->CodeIgniter\View\{closure}()
 4 SYSTEMPATH\Common.php(1142): CodeIgniter\View\View->render('Imprime', [], true)
 5 APPPATH\Controllers\Impression.php(11): view('Imprime')
 6 SYSTEMPATH\CodeIgniter.php(902): App\Controllers\Impression->demoPDF()
 7 SYSTEMPATH\CodeIgniter.php(457): CodeIgniter\CodeIgniter->runController(Object(App\Controllers\Impression))
 8 SYSTEMPATH\CodeIgniter.php(340): CodeIgniter\CodeIgniter->handleRequest(null, Object(Config\Cache), false)
 9 FCPATH\index.php(67): CodeIgniter\CodeIgniter->run()
10 SYSTEMPATH\Commands\Server\rewrite.php(46): require_once('FCPATH\\index.php')
CRITICAL - 2023-04-06 12:19:35 --> Invalid argument supplied for foreach()
in APPPATH\Views\Imprime.php on line 48.
 1 APPPATH\Views\Imprime.php(48): CodeIgniter\Debug\Exceptions->errorHandler(2, 'Invalid argument supplied for foreach()', 'APPPATH\\Views\\Imprime.php', 48, [])
 2 SYSTEMPATH\View\View.php(213): include('APPPATH\\Views\\Imprime.php')
 3 SYSTEMPATH\View\View.php(216): CodeIgniter\View\View->CodeIgniter\View\{closure}()
 4 SYSTEMPATH\Common.php(1142): CodeIgniter\View\View->render('Imprime', [], true)
 5 APPPATH\Controllers\Impression.php(11): view('Imprime')
 6 SYSTEMPATH\CodeIgniter.php(902): App\Controllers\Impression->demoPDF()
 7 SYSTEMPATH\CodeIgniter.php(457): CodeIgniter\CodeIgniter->runController(Object(App\Controllers\Impression))
 8 SYSTEMPATH\CodeIgniter.php(340): CodeIgniter\CodeIgniter->handleRequest(null, Object(Config\Cache), false)
 9 FCPATH\index.php(67): CodeIgniter\CodeIgniter->run()
10 SYSTEMPATH\Commands\Server\rewrite.php(46): require_once('FCPATH\\index.php')
CRITICAL - 2023-04-06 12:20:09 --> Invalid argument supplied for foreach()
in APPPATH\Views\Imprime.php on line 48.
 1 APPPATH\Views\Imprime.php(48): CodeIgniter\Debug\Exceptions->errorHandler(2, 'Invalid argument supplied for foreach()', 'APPPATH\\Views\\Imprime.php', 48, [])
 2 SYSTEMPATH\View\View.php(213): include('APPPATH\\Views\\Imprime.php')
 3 SYSTEMPATH\View\View.php(216): CodeIgniter\View\View->CodeIgniter\View\{closure}()
 4 SYSTEMPATH\Common.php(1142): CodeIgniter\View\View->render('Imprime', [], true)
 5 APPPATH\Controllers\Impression.php(11): view('Imprime')
 6 SYSTEMPATH\CodeIgniter.php(902): App\Controllers\Impression->demoPDF()
 7 SYSTEMPATH\CodeIgniter.php(457): CodeIgniter\CodeIgniter->runController(Object(App\Controllers\Impression))
 8 SYSTEMPATH\CodeIgniter.php(340): CodeIgniter\CodeIgniter->handleRequest(null, Object(Config\Cache), false)
 9 FCPATH\index.php(67): CodeIgniter\CodeIgniter->run()
10 SYSTEMPATH\Commands\Server\rewrite.php(46): require_once('FCPATH\\index.php')
CRITICAL - 2023-04-06 12:20:11 --> Invalid argument supplied for foreach()
in APPPATH\Views\Imprime.php on line 48.
 1 APPPATH\Views\Imprime.php(48): CodeIgniter\Debug\Exceptions->errorHandler(2, 'Invalid argument supplied for foreach()', 'APPPATH\\Views\\Imprime.php', 48, [])
 2 SYSTEMPATH\View\View.php(213): include('APPPATH\\Views\\Imprime.php')
 3 SYSTEMPATH\View\View.php(216): CodeIgniter\View\View->CodeIgniter\View\{closure}()
 4 SYSTEMPATH\Common.php(1142): CodeIgniter\View\View->render('Imprime', [], true)
 5 APPPATH\Controllers\Impression.php(11): view('Imprime')
 6 SYSTEMPATH\CodeIgniter.php(902): App\Controllers\Impression->demoPDF()
 7 SYSTEMPATH\CodeIgniter.php(457): CodeIgniter\CodeIgniter->runController(Object(App\Controllers\Impression))
 8 SYSTEMPATH\CodeIgniter.php(340): CodeIgniter\CodeIgniter->handleRequest(null, Object(Config\Cache), false)
 9 FCPATH\index.php(67): CodeIgniter\CodeIgniter->run()
10 SYSTEMPATH\Commands\Server\rewrite.php(46): require_once('FCPATH\\index.php')
CRITICAL - 2023-04-06 12:20:12 --> Invalid argument supplied for foreach()
in APPPATH\Views\Imprime.php on line 48.
 1 APPPATH\Views\Imprime.php(48): CodeIgniter\Debug\Exceptions->errorHandler(2, 'Invalid argument supplied for foreach()', 'APPPATH\\Views\\Imprime.php', 48, [])
 2 SYSTEMPATH\View\View.php(213): include('APPPATH\\Views\\Imprime.php')
 3 SYSTEMPATH\View\View.php(216): CodeIgniter\View\View->CodeIgniter\View\{closure}()
 4 SYSTEMPATH\Common.php(1142): CodeIgniter\View\View->render('Imprime', [], true)
 5 APPPATH\Controllers\Impression.php(11): view('Imprime')
 6 SYSTEMPATH\CodeIgniter.php(902): App\Controllers\Impression->demoPDF()
 7 SYSTEMPATH\CodeIgniter.php(457): CodeIgniter\CodeIgniter->runController(Object(App\Controllers\Impression))
 8 SYSTEMPATH\CodeIgniter.php(340): CodeIgniter\CodeIgniter->handleRequest(null, Object(Config\Cache), false)
 9 FCPATH\index.php(67): CodeIgniter\CodeIgniter->run()
10 SYSTEMPATH\Commands\Server\rewrite.php(46): require_once('FCPATH\\index.php')
CRITICAL - 2023-04-06 12:20:55 --> Invalid argument supplied for foreach()
in APPPATH\Views\Imprime.php on line 48.
 1 APPPATH\Views\Imprime.php(48): CodeIgniter\Debug\Exceptions->errorHandler(2, 'Invalid argument supplied for foreach()', 'APPPATH\\Views\\Imprime.php', 48, [])
 2 SYSTEMPATH\View\View.php(213): include('APPPATH\\Views\\Imprime.php')
 3 SYSTEMPATH\View\View.php(216): CodeIgniter\View\View->CodeIgniter\View\{closure}()
 4 SYSTEMPATH\Common.php(1142): CodeIgniter\View\View->render('Imprime', [], true)
 5 APPPATH\Controllers\Impression.php(11): view('Imprime')
 6 SYSTEMPATH\CodeIgniter.php(902): App\Controllers\Impression->demoPDF()
 7 SYSTEMPATH\CodeIgniter.php(457): CodeIgniter\CodeIgniter->runController(Object(App\Controllers\Impression))
 8 SYSTEMPATH\CodeIgniter.php(340): CodeIgniter\CodeIgniter->handleRequest(null, Object(Config\Cache), false)
 9 FCPATH\index.php(67): CodeIgniter\CodeIgniter->run()
10 SYSTEMPATH\Commands\Server\rewrite.php(46): require_once('FCPATH\\index.php')
CRITICAL - 2023-04-06 12:20:56 --> Invalid argument supplied for foreach()
in APPPATH\Views\Imprime.php on line 48.
 1 APPPATH\Views\Imprime.php(48): CodeIgniter\Debug\Exceptions->errorHandler(2, 'Invalid argument supplied for foreach()', 'APPPATH\\Views\\Imprime.php', 48, [])
 2 SYSTEMPATH\View\View.php(213): include('APPPATH\\Views\\Imprime.php')
 3 SYSTEMPATH\View\View.php(216): CodeIgniter\View\View->CodeIgniter\View\{closure}()
 4 SYSTEMPATH\Common.php(1142): CodeIgniter\View\View->render('Imprime', [], true)
 5 APPPATH\Controllers\Impression.php(11): view('Imprime')
 6 SYSTEMPATH\CodeIgniter.php(902): App\Controllers\Impression->demoPDF()
 7 SYSTEMPATH\CodeIgniter.php(457): CodeIgniter\CodeIgniter->runController(Object(App\Controllers\Impression))
 8 SYSTEMPATH\CodeIgniter.php(340): CodeIgniter\CodeIgniter->handleRequest(null, Object(Config\Cache), false)
 9 FCPATH\index.php(67): CodeIgniter\CodeIgniter->run()
10 SYSTEMPATH\Commands\Server\rewrite.php(46): require_once('FCPATH\\index.php')
CRITICAL - 2023-04-06 12:21:29 --> Invalid argument supplied for foreach()
in APPPATH\Views\Imprime.php on line 46.
 1 APPPATH\Views\Imprime.php(46): CodeIgniter\Debug\Exceptions->errorHandler(2, 'Invalid argument supplied for foreach()', 'APPPATH\\Views\\Imprime.php', 46, [])
 2 SYSTEMPATH\View\View.php(213): include('APPPATH\\Views\\Imprime.php')
 3 SYSTEMPATH\View\View.php(216): CodeIgniter\View\View->CodeIgniter\View\{closure}()
 4 SYSTEMPATH\Common.php(1142): CodeIgniter\View\View->render('Imprime', [], true)
 5 APPPATH\Controllers\Impression.php(11): view('Imprime')
 6 SYSTEMPATH\CodeIgniter.php(902): App\Controllers\Impression->demoPDF()
 7 SYSTEMPATH\CodeIgniter.php(457): CodeIgniter\CodeIgniter->runController(Object(App\Controllers\Impression))
 8 SYSTEMPATH\CodeIgniter.php(340): CodeIgniter\CodeIgniter->handleRequest(null, Object(Config\Cache), false)
 9 FCPATH\index.php(67): CodeIgniter\CodeIgniter->run()
10 SYSTEMPATH\Commands\Server\rewrite.php(46): require_once('FCPATH\\index.php')
CRITICAL - 2023-04-06 12:21:30 --> Invalid argument supplied for foreach()
in APPPATH\Views\Imprime.php on line 46.
 1 APPPATH\Views\Imprime.php(46): CodeIgniter\Debug\Exceptions->errorHandler(2, 'Invalid argument supplied for foreach()', 'APPPATH\\Views\\Imprime.php', 46, [])
 2 SYSTEMPATH\View\View.php(213): include('APPPATH\\Views\\Imprime.php')
 3 SYSTEMPATH\View\View.php(216): CodeIgniter\View\View->CodeIgniter\View\{closure}()
 4 SYSTEMPATH\Common.php(1142): CodeIgniter\View\View->render('Imprime', [], true)
 5 APPPATH\Controllers\Impression.php(11): view('Imprime')
 6 SYSTEMPATH\CodeIgniter.php(902): App\Controllers\Impression->demoPDF()
 7 SYSTEMPATH\CodeIgniter.php(457): CodeIgniter\CodeIgniter->runController(Object(App\Controllers\Impression))
 8 SYSTEMPATH\CodeIgniter.php(340): CodeIgniter\CodeIgniter->handleRequest(null, Object(Config\Cache), false)
 9 FCPATH\index.php(67): CodeIgniter\CodeIgniter->run()
10 SYSTEMPATH\Commands\Server\rewrite.php(46): require_once('FCPATH\\index.php')
CRITICAL - 2023-04-06 12:21:31 --> Invalid argument supplied for foreach()
in APPPATH\Views\Imprime.php on line 46.
 1 APPPATH\Views\Imprime.php(46): CodeIgniter\Debug\Exceptions->errorHandler(2, 'Invalid argument supplied for foreach()', 'APPPATH\\Views\\Imprime.php', 46, [])
 2 SYSTEMPATH\View\View.php(213): include('APPPATH\\Views\\Imprime.php')
 3 SYSTEMPATH\View\View.php(216): CodeIgniter\View\View->CodeIgniter\View\{closure}()
 4 SYSTEMPATH\Common.php(1142): CodeIgniter\View\View->render('Imprime', [], true)
 5 APPPATH\Controllers\Impression.php(11): view('Imprime')
 6 SYSTEMPATH\CodeIgniter.php(902): App\Controllers\Impression->demoPDF()
 7 SYSTEMPATH\CodeIgniter.php(457): CodeIgniter\CodeIgniter->runController(Object(App\Controllers\Impression))
 8 SYSTEMPATH\CodeIgniter.php(340): CodeIgniter\CodeIgniter->handleRequest(null, Object(Config\Cache), false)
 9 FCPATH\index.php(67): CodeIgniter\CodeIgniter->run()
10 SYSTEMPATH\Commands\Server\rewrite.php(46): require_once('FCPATH\\index.php')
CRITICAL - 2023-04-06 12:35:31 --> Invalid argument supplied for foreach()
in APPPATH\Views\Imprime.php on line 30.
 1 APPPATH\Views\Imprime.php(30): CodeIgniter\Debug\Exceptions->errorHandler(2, 'Invalid argument supplied for foreach()', 'APPPATH\\Views\\Imprime.php', 30, [])
 2 SYSTEMPATH\View\View.php(213): include('APPPATH\\Views\\Imprime.php')
 3 SYSTEMPATH\View\View.php(216): CodeIgniter\View\View->CodeIgniter\View\{closure}()
 4 SYSTEMPATH\Common.php(1142): CodeIgniter\View\View->render('Imprime', [], true)
 5 APPPATH\Controllers\Impression.php(12): view('Imprime')
 6 SYSTEMPATH\CodeIgniter.php(902): App\Controllers\Impression->demoPDF()
 7 SYSTEMPATH\CodeIgniter.php(457): CodeIgniter\CodeIgniter->runController(Object(App\Controllers\Impression))
 8 SYSTEMPATH\CodeIgniter.php(340): CodeIgniter\CodeIgniter->handleRequest(null, Object(Config\Cache), false)
 9 FCPATH\index.php(67): CodeIgniter\CodeIgniter->run()
10 SYSTEMPATH\Commands\Server\rewrite.php(46): require_once('FCPATH\\index.php')
CRITICAL - 2023-04-06 12:40:19 --> Invalid argument supplied for foreach()
in APPPATH\Views\Imprime.php on line 30.
 1 APPPATH\Views\Imprime.php(30): CodeIgniter\Debug\Exceptions->errorHandler(2, 'Invalid argument supplied for foreach()', 'APPPATH\\Views\\Imprime.php', 30, [])
 2 SYSTEMPATH\View\View.php(213): include('APPPATH\\Views\\Imprime.php')
 3 SYSTEMPATH\View\View.php(216): CodeIgniter\View\View->CodeIgniter\View\{closure}()
 4 SYSTEMPATH\Common.php(1142): CodeIgniter\View\View->render('Imprime', [], true)
 5 APPPATH\Controllers\Impression.php(12): view('Imprime')
 6 SYSTEMPATH\CodeIgniter.php(902): App\Controllers\Impression->demoPDF()
 7 SYSTEMPATH\CodeIgniter.php(457): CodeIgniter\CodeIgniter->runController(Object(App\Controllers\Impression))
 8 SYSTEMPATH\CodeIgniter.php(340): CodeIgniter\CodeIgniter->handleRequest(null, Object(Config\Cache), false)
 9 FCPATH\index.php(67): CodeIgniter\CodeIgniter->run()
10 SYSTEMPATH\Commands\Server\rewrite.php(46): require_once('FCPATH\\index.php')
CRITICAL - 2023-04-06 12:44:19 --> Invalid argument supplied for foreach()
in APPPATH\Views\Imprime.php on line 28.
 1 APPPATH\Views\Imprime.php(28): CodeIgniter\Debug\Exceptions->errorHandler(2, 'Invalid argument supplied for foreach()', 'APPPATH\\Views\\Imprime.php', 28, [])
 2 SYSTEMPATH\View\View.php(213): include('APPPATH\\Views\\Imprime.php')
 3 SYSTEMPATH\View\View.php(216): CodeIgniter\View\View->CodeIgniter\View\{closure}()
 4 SYSTEMPATH\Common.php(1142): CodeIgniter\View\View->render('Imprime', [], true)
 5 APPPATH\Controllers\Impression.php(12): view('Imprime')
 6 SYSTEMPATH\CodeIgniter.php(902): App\Controllers\Impression->demoPDF()
 7 SYSTEMPATH\CodeIgniter.php(457): CodeIgniter\CodeIgniter->runController(Object(App\Controllers\Impression))
 8 SYSTEMPATH\CodeIgniter.php(340): CodeIgniter\CodeIgniter->handleRequest(null, Object(Config\Cache), false)
 9 FCPATH\index.php(67): CodeIgniter\CodeIgniter->run()
10 SYSTEMPATH\Commands\Server\rewrite.php(46): require_once('FCPATH\\index.php')
CRITICAL - 2023-04-06 12:44:21 --> Invalid argument supplied for foreach()
in APPPATH\Views\Imprime.php on line 28.
 1 APPPATH\Views\Imprime.php(28): CodeIgniter\Debug\Exceptions->errorHandler(2, 'Invalid argument supplied for foreach()', 'APPPATH\\Views\\Imprime.php', 28, [])
 2 SYSTEMPATH\View\View.php(213): include('APPPATH\\Views\\Imprime.php')
 3 SYSTEMPATH\View\View.php(216): CodeIgniter\View\View->CodeIgniter\View\{closure}()
 4 SYSTEMPATH\Common.php(1142): CodeIgniter\View\View->render('Imprime', [], true)
 5 APPPATH\Controllers\Impression.php(12): view('Imprime')
 6 SYSTEMPATH\CodeIgniter.php(902): App\Controllers\Impression->demoPDF()
 7 SYSTEMPATH\CodeIgniter.php(457): CodeIgniter\CodeIgniter->runController(Object(App\Controllers\Impression))
 8 SYSTEMPATH\CodeIgniter.php(340): CodeIgniter\CodeIgniter->handleRequest(null, Object(Config\Cache), false)
 9 FCPATH\index.php(67): CodeIgniter\CodeIgniter->run()
10 SYSTEMPATH\Commands\Server\rewrite.php(46): require_once('FCPATH\\index.php')
CRITICAL - 2023-04-06 12:44:22 --> Invalid argument supplied for foreach()
in APPPATH\Views\Imprime.php on line 28.
 1 APPPATH\Views\Imprime.php(28): CodeIgniter\Debug\Exceptions->errorHandler(2, 'Invalid argument supplied for foreach()', 'APPPATH\\Views\\Imprime.php', 28, [])
 2 SYSTEMPATH\View\View.php(213): include('APPPATH\\Views\\Imprime.php')
 3 SYSTEMPATH\View\View.php(216): CodeIgniter\View\View->CodeIgniter\View\{closure}()
 4 SYSTEMPATH\Common.php(1142): CodeIgniter\View\View->render('Imprime', [], true)
 5 APPPATH\Controllers\Impression.php(12): view('Imprime')
 6 SYSTEMPATH\CodeIgniter.php(902): App\Controllers\Impression->demoPDF()
 7 SYSTEMPATH\CodeIgniter.php(457): CodeIgniter\CodeIgniter->runController(Object(App\Controllers\Impression))
 8 SYSTEMPATH\CodeIgniter.php(340): CodeIgniter\CodeIgniter->handleRequest(null, Object(Config\Cache), false)
 9 FCPATH\index.php(67): CodeIgniter\CodeIgniter->run()
10 SYSTEMPATH\Commands\Server\rewrite.php(46): require_once('FCPATH\\index.php')
CRITICAL - 2023-04-06 12:44:22 --> Invalid argument supplied for foreach()
in APPPATH\Views\Imprime.php on line 28.
 1 APPPATH\Views\Imprime.php(28): CodeIgniter\Debug\Exceptions->errorHandler(2, 'Invalid argument supplied for foreach()', 'APPPATH\\Views\\Imprime.php', 28, [])
 2 SYSTEMPATH\View\View.php(213): include('APPPATH\\Views\\Imprime.php')
 3 SYSTEMPATH\View\View.php(216): CodeIgniter\View\View->CodeIgniter\View\{closure}()
 4 SYSTEMPATH\Common.php(1142): CodeIgniter\View\View->render('Imprime', [], true)
 5 APPPATH\Controllers\Impression.php(12): view('Imprime')
 6 SYSTEMPATH\CodeIgniter.php(902): App\Controllers\Impression->demoPDF()
 7 SYSTEMPATH\CodeIgniter.php(457): CodeIgniter\CodeIgniter->runController(Object(App\Controllers\Impression))
 8 SYSTEMPATH\CodeIgniter.php(340): CodeIgniter\CodeIgniter->handleRequest(null, Object(Config\Cache), false)
 9 FCPATH\index.php(67): CodeIgniter\CodeIgniter->run()
10 SYSTEMPATH\Commands\Server\rewrite.php(46): require_once('FCPATH\\index.php')
CRITICAL - 2023-04-06 12:44:23 --> Invalid argument supplied for foreach()
in APPPATH\Views\Imprime.php on line 28.
 1 APPPATH\Views\Imprime.php(28): CodeIgniter\Debug\Exceptions->errorHandler(2, 'Invalid argument supplied for foreach()', 'APPPATH\\Views\\Imprime.php', 28, [])
 2 SYSTEMPATH\View\View.php(213): include('APPPATH\\Views\\Imprime.php')
 3 SYSTEMPATH\View\View.php(216): CodeIgniter\View\View->CodeIgniter\View\{closure}()
 4 SYSTEMPATH\Common.php(1142): CodeIgniter\View\View->render('Imprime', [], true)
 5 APPPATH\Controllers\Impression.php(12): view('Imprime')
 6 SYSTEMPATH\CodeIgniter.php(902): App\Controllers\Impression->demoPDF()
 7 SYSTEMPATH\CodeIgniter.php(457): CodeIgniter\CodeIgniter->runController(Object(App\Controllers\Impression))
 8 SYSTEMPATH\CodeIgniter.php(340): CodeIgniter\CodeIgniter->handleRequest(null, Object(Config\Cache), false)
 9 FCPATH\index.php(67): CodeIgniter\CodeIgniter->run()
10 SYSTEMPATH\Commands\Server\rewrite.php(46): require_once('FCPATH\\index.php')
CRITICAL - 2023-04-06 12:44:24 --> Invalid argument supplied for foreach()
in APPPATH\Views\Imprime.php on line 28.
 1 APPPATH\Views\Imprime.php(28): CodeIgniter\Debug\Exceptions->errorHandler(2, 'Invalid argument supplied for foreach()', 'APPPATH\\Views\\Imprime.php', 28, [])
 2 SYSTEMPATH\View\View.php(213): include('APPPATH\\Views\\Imprime.php')
 3 SYSTEMPATH\View\View.php(216): CodeIgniter\View\View->CodeIgniter\View\{closure}()
 4 SYSTEMPATH\Common.php(1142): CodeIgniter\View\View->render('Imprime', [], true)
 5 APPPATH\Controllers\Impression.php(12): view('Imprime')
 6 SYSTEMPATH\CodeIgniter.php(902): App\Controllers\Impression->demoPDF()
 7 SYSTEMPATH\CodeIgniter.php(457): CodeIgniter\CodeIgniter->runController(Object(App\Controllers\Impression))
 8 SYSTEMPATH\CodeIgniter.php(340): CodeIgniter\CodeIgniter->handleRequest(null, Object(Config\Cache), false)
 9 FCPATH\index.php(67): CodeIgniter\CodeIgniter->run()
10 SYSTEMPATH\Commands\Server\rewrite.php(46): require_once('FCPATH\\index.php')
CRITICAL - 2023-04-06 12:44:25 --> Invalid argument supplied for foreach()
in APPPATH\Views\Imprime.php on line 28.
 1 APPPATH\Views\Imprime.php(28): CodeIgniter\Debug\Exceptions->errorHandler(2, 'Invalid argument supplied for foreach()', 'APPPATH\\Views\\Imprime.php', 28, [])
 2 SYSTEMPATH\View\View.php(213): include('APPPATH\\Views\\Imprime.php')
 3 SYSTEMPATH\View\View.php(216): CodeIgniter\View\View->CodeIgniter\View\{closure}()
 4 SYSTEMPATH\Common.php(1142): CodeIgniter\View\View->render('Imprime', [], true)
 5 APPPATH\Controllers\Impression.php(12): view('Imprime')
 6 SYSTEMPATH\CodeIgniter.php(902): App\Controllers\Impression->demoPDF()
 7 SYSTEMPATH\CodeIgniter.php(457): CodeIgniter\CodeIgniter->runController(Object(App\Controllers\Impression))
 8 SYSTEMPATH\CodeIgniter.php(340): CodeIgniter\CodeIgniter->handleRequest(null, Object(Config\Cache), false)
 9 FCPATH\index.php(67): CodeIgniter\CodeIgniter->run()
10 SYSTEMPATH\Commands\Server\rewrite.php(46): require_once('FCPATH\\index.php')
CRITICAL - 2023-04-06 12:44:26 --> Invalid argument supplied for foreach()
in APPPATH\Views\Imprime.php on line 28.
 1 APPPATH\Views\Imprime.php(28): CodeIgniter\Debug\Exceptions->errorHandler(2, 'Invalid argument supplied for foreach()', 'APPPATH\\Views\\Imprime.php', 28, [])
 2 SYSTEMPATH\View\View.php(213): include('APPPATH\\Views\\Imprime.php')
 3 SYSTEMPATH\View\View.php(216): CodeIgniter\View\View->CodeIgniter\View\{closure}()
 4 SYSTEMPATH\Common.php(1142): CodeIgniter\View\View->render('Imprime', [], true)
 5 APPPATH\Controllers\Impression.php(12): view('Imprime')
 6 SYSTEMPATH\CodeIgniter.php(902): App\Controllers\Impression->demoPDF()
 7 SYSTEMPATH\CodeIgniter.php(457): CodeIgniter\CodeIgniter->runController(Object(App\Controllers\Impression))
 8 SYSTEMPATH\CodeIgniter.php(340): CodeIgniter\CodeIgniter->handleRequest(null, Object(Config\Cache), false)
 9 FCPATH\index.php(67): CodeIgniter\CodeIgniter->run()
10 SYSTEMPATH\Commands\Server\rewrite.php(46): require_once('FCPATH\\index.php')
CRITICAL - 2023-04-06 12:44:58 --> Invalid argument supplied for foreach()
in APPPATH\Views\Imprime.php on line 28.
 1 APPPATH\Views\Imprime.php(28): CodeIgniter\Debug\Exceptions->errorHandler(2, 'Invalid argument supplied for foreach()', 'APPPATH\\Views\\Imprime.php', 28, [])
 2 SYSTEMPATH\View\View.php(213): include('APPPATH\\Views\\Imprime.php')
 3 SYSTEMPATH\View\View.php(216): CodeIgniter\View\View->CodeIgniter\View\{closure}()
 4 SYSTEMPATH\Common.php(1142): CodeIgniter\View\View->render('Imprime', [], true)
 5 APPPATH\Controllers\Impression.php(12): view('Imprime')
 6 SYSTEMPATH\CodeIgniter.php(902): App\Controllers\Impression->demoPDF()
 7 SYSTEMPATH\CodeIgniter.php(457): CodeIgniter\CodeIgniter->runController(Object(App\Controllers\Impression))
 8 SYSTEMPATH\CodeIgniter.php(340): CodeIgniter\CodeIgniter->handleRequest(null, Object(Config\Cache), false)
 9 FCPATH\index.php(67): CodeIgniter\CodeIgniter->run()
10 SYSTEMPATH\Commands\Server\rewrite.php(46): require_once('FCPATH\\index.php')
CRITICAL - 2023-04-06 12:48:47 --> Invalid argument supplied for foreach()
in APPPATH\Views\Imprime.php on line 24.
 1 APPPATH\Views\Imprime.php(24): CodeIgniter\Debug\Exceptions->errorHandler(2, 'Invalid argument supplied for foreach()', 'APPPATH\\Views\\Imprime.php', 24, [])
 2 SYSTEMPATH\View\View.php(213): include('APPPATH\\Views\\Imprime.php')
 3 SYSTEMPATH\View\View.php(216): CodeIgniter\View\View->CodeIgniter\View\{closure}()
 4 SYSTEMPATH\Common.php(1142): CodeIgniter\View\View->render('Imprime', [], true)
 5 APPPATH\Controllers\Impression.php(12): view('Imprime')
 6 SYSTEMPATH\CodeIgniter.php(902): App\Controllers\Impression->demoPDF()
 7 SYSTEMPATH\CodeIgniter.php(457): CodeIgniter\CodeIgniter->runController(Object(App\Controllers\Impression))
 8 SYSTEMPATH\CodeIgniter.php(340): CodeIgniter\CodeIgniter->handleRequest(null, Object(Config\Cache), false)
 9 FCPATH\index.php(67): CodeIgniter\CodeIgniter->run()
10 SYSTEMPATH\Commands\Server\rewrite.php(46): require_once('FCPATH\\index.php')
CRITICAL - 2023-04-06 12:48:51 --> Invalid argument supplied for foreach()
in APPPATH\Views\Imprime.php on line 24.
 1 APPPATH\Views\Imprime.php(24): CodeIgniter\Debug\Exceptions->errorHandler(2, 'Invalid argument supplied for foreach()', 'APPPATH\\Views\\Imprime.php', 24, [])
 2 SYSTEMPATH\View\View.php(213): include('APPPATH\\Views\\Imprime.php')
 3 SYSTEMPATH\View\View.php(216): CodeIgniter\View\View->CodeIgniter\View\{closure}()
 4 SYSTEMPATH\Common.php(1142): CodeIgniter\View\View->render('Imprime', [], true)
 5 APPPATH\Controllers\Impression.php(12): view('Imprime')
 6 SYSTEMPATH\CodeIgniter.php(902): App\Controllers\Impression->demoPDF()
 7 SYSTEMPATH\CodeIgniter.php(457): CodeIgniter\CodeIgniter->runController(Object(App\Controllers\Impression))
 8 SYSTEMPATH\CodeIgniter.php(340): CodeIgniter\CodeIgniter->handleRequest(null, Object(Config\Cache), false)
 9 FCPATH\index.php(67): CodeIgniter\CodeIgniter->run()
10 SYSTEMPATH\Commands\Server\rewrite.php(46): require_once('FCPATH\\index.php')
CRITICAL - 2023-04-06 12:48:53 --> Invalid argument supplied for foreach()
in APPPATH\Views\Imprime.php on line 24.
 1 APPPATH\Views\Imprime.php(24): CodeIgniter\Debug\Exceptions->errorHandler(2, 'Invalid argument supplied for foreach()', 'APPPATH\\Views\\Imprime.php', 24, [])
 2 SYSTEMPATH\View\View.php(213): include('APPPATH\\Views\\Imprime.php')
 3 SYSTEMPATH\View\View.php(216): CodeIgniter\View\View->CodeIgniter\View\{closure}()
 4 SYSTEMPATH\Common.php(1142): CodeIgniter\View\View->render('Imprime', [], true)
 5 APPPATH\Controllers\Impression.php(12): view('Imprime')
 6 SYSTEMPATH\CodeIgniter.php(902): App\Controllers\Impression->demoPDF()
 7 SYSTEMPATH\CodeIgniter.php(457): CodeIgniter\CodeIgniter->runController(Object(App\Controllers\Impression))
 8 SYSTEMPATH\CodeIgniter.php(340): CodeIgniter\CodeIgniter->handleRequest(null, Object(Config\Cache), false)
 9 FCPATH\index.php(67): CodeIgniter\CodeIgniter->run()
10 SYSTEMPATH\Commands\Server\rewrite.php(46): require_once('FCPATH\\index.php')
CRITICAL - 2023-04-06 12:48:57 --> Invalid argument supplied for foreach()
in APPPATH\Views\Imprime.php on line 24.
 1 APPPATH\Views\Imprime.php(24): CodeIgniter\Debug\Exceptions->errorHandler(2, 'Invalid argument supplied for foreach()', 'APPPATH\\Views\\Imprime.php', 24, [])
 2 SYSTEMPATH\View\View.php(213): include('APPPATH\\Views\\Imprime.php')
 3 SYSTEMPATH\View\View.php(216): CodeIgniter\View\View->CodeIgniter\View\{closure}()
 4 SYSTEMPATH\Common.php(1142): CodeIgniter\View\View->render('Imprime', [], true)
 5 APPPATH\Controllers\Impression.php(12): view('Imprime')
 6 SYSTEMPATH\CodeIgniter.php(902): App\Controllers\Impression->demoPDF()
 7 SYSTEMPATH\CodeIgniter.php(457): CodeIgniter\CodeIgniter->runController(Object(App\Controllers\Impression))
 8 SYSTEMPATH\CodeIgniter.php(340): CodeIgniter\CodeIgniter->handleRequest(null, Object(Config\Cache), false)
 9 FCPATH\index.php(67): CodeIgniter\CodeIgniter->run()
10 SYSTEMPATH\Commands\Server\rewrite.php(46): require_once('FCPATH\\index.php')
CRITICAL - 2023-04-06 12:48:59 --> Invalid argument supplied for foreach()
in APPPATH\Views\Imprime.php on line 24.
 1 APPPATH\Views\Imprime.php(24): CodeIgniter\Debug\Exceptions->errorHandler(2, 'Invalid argument supplied for foreach()', 'APPPATH\\Views\\Imprime.php', 24, [])
 2 SYSTEMPATH\View\View.php(213): include('APPPATH\\Views\\Imprime.php')
 3 SYSTEMPATH\View\View.php(216): CodeIgniter\View\View->CodeIgniter\View\{closure}()
 4 SYSTEMPATH\Common.php(1142): CodeIgniter\View\View->render('Imprime', [], true)
 5 APPPATH\Controllers\Impression.php(12): view('Imprime')
 6 SYSTEMPATH\CodeIgniter.php(902): App\Controllers\Impression->demoPDF()
 7 SYSTEMPATH\CodeIgniter.php(457): CodeIgniter\CodeIgniter->runController(Object(App\Controllers\Impression))
 8 SYSTEMPATH\CodeIgniter.php(340): CodeIgniter\CodeIgniter->handleRequest(null, Object(Config\Cache), false)
 9 FCPATH\index.php(67): CodeIgniter\CodeIgniter->run()
10 SYSTEMPATH\Commands\Server\rewrite.php(46): require_once('FCPATH\\index.php')
CRITICAL - 2023-04-06 12:49:51 --> Invalid argument supplied for foreach()
in APPPATH\Views\Imprime.php on line 24.
 1 APPPATH\Views\Imprime.php(24): CodeIgniter\Debug\Exceptions->errorHandler(2, 'Invalid argument supplied for foreach()', 'APPPATH\\Views\\Imprime.php', 24, [])
 2 SYSTEMPATH\View\View.php(213): include('APPPATH\\Views\\Imprime.php')
 3 SYSTEMPATH\View\View.php(216): CodeIgniter\View\View->CodeIgniter\View\{closure}()
 4 SYSTEMPATH\Common.php(1142): CodeIgniter\View\View->render('Imprime', [], true)
 5 APPPATH\Controllers\Impression.php(12): view('Imprime')
 6 SYSTEMPATH\CodeIgniter.php(902): App\Controllers\Impression->demoPDF()
 7 SYSTEMPATH\CodeIgniter.php(457): CodeIgniter\CodeIgniter->runController(Object(App\Controllers\Impression))
 8 SYSTEMPATH\CodeIgniter.php(340): CodeIgniter\CodeIgniter->handleRequest(null, Object(Config\Cache), false)
 9 FCPATH\index.php(67): CodeIgniter\CodeIgniter->run()
10 SYSTEMPATH\Commands\Server\rewrite.php(46): require_once('FCPATH\\index.php')
CRITICAL - 2023-04-06 12:49:52 --> Invalid argument supplied for foreach()
in APPPATH\Views\Imprime.php on line 24.
 1 APPPATH\Views\Imprime.php(24): CodeIgniter\Debug\Exceptions->errorHandler(2, 'Invalid argument supplied for foreach()', 'APPPATH\\Views\\Imprime.php', 24, [])
 2 SYSTEMPATH\View\View.php(213): include('APPPATH\\Views\\Imprime.php')
 3 SYSTEMPATH\View\View.php(216): CodeIgniter\View\View->CodeIgniter\View\{closure}()
 4 SYSTEMPATH\Common.php(1142): CodeIgniter\View\View->render('Imprime', [], true)
 5 APPPATH\Controllers\Impression.php(12): view('Imprime')
 6 SYSTEMPATH\CodeIgniter.php(902): App\Controllers\Impression->demoPDF()
 7 SYSTEMPATH\CodeIgniter.php(457): CodeIgniter\CodeIgniter->runController(Object(App\Controllers\Impression))
 8 SYSTEMPATH\CodeIgniter.php(340): CodeIgniter\CodeIgniter->handleRequest(null, Object(Config\Cache), false)
 9 FCPATH\index.php(67): CodeIgniter\CodeIgniter->run()
10 SYSTEMPATH\Commands\Server\rewrite.php(46): require_once('FCPATH\\index.php')
CRITICAL - 2023-04-06 12:49:53 --> Invalid argument supplied for foreach()
in APPPATH\Views\Imprime.php on line 24.
 1 APPPATH\Views\Imprime.php(24): CodeIgniter\Debug\Exceptions->errorHandler(2, 'Invalid argument supplied for foreach()', 'APPPATH\\Views\\Imprime.php', 24, [])
 2 SYSTEMPATH\View\View.php(213): include('APPPATH\\Views\\Imprime.php')
 3 SYSTEMPATH\View\View.php(216): CodeIgniter\View\View->CodeIgniter\View\{closure}()
 4 SYSTEMPATH\Common.php(1142): CodeIgniter\View\View->render('Imprime', [], true)
 5 APPPATH\Controllers\Impression.php(12): view('Imprime')
 6 SYSTEMPATH\CodeIgniter.php(902): App\Controllers\Impression->demoPDF()
 7 SYSTEMPATH\CodeIgniter.php(457): CodeIgniter\CodeIgniter->runController(Object(App\Controllers\Impression))
 8 SYSTEMPATH\CodeIgniter.php(340): CodeIgniter\CodeIgniter->handleRequest(null, Object(Config\Cache), false)
 9 FCPATH\index.php(67): CodeIgniter\CodeIgniter->run()
10 SYSTEMPATH\Commands\Server\rewrite.php(46): require_once('FCPATH\\index.php')
CRITICAL - 2023-04-06 12:56:28 --> Invalid argument supplied for foreach()
in APPPATH\Views\Imprime.php on line 24.
 1 APPPATH\Views\Imprime.php(24): CodeIgniter\Debug\Exceptions->errorHandler(2, 'Invalid argument supplied for foreach()', 'APPPATH\\Views\\Imprime.php', 24, [])
 2 SYSTEMPATH\View\View.php(213): include('APPPATH\\Views\\Imprime.php')
 3 SYSTEMPATH\View\View.php(216): CodeIgniter\View\View->CodeIgniter\View\{closure}()
 4 SYSTEMPATH\Common.php(1142): CodeIgniter\View\View->render('Imprime', [], true)
 5 APPPATH\Controllers\Impression.php(12): view('Imprime')
 6 SYSTEMPATH\CodeIgniter.php(902): App\Controllers\Impression->demoPDF()
 7 SYSTEMPATH\CodeIgniter.php(457): CodeIgniter\CodeIgniter->runController(Object(App\Controllers\Impression))
 8 SYSTEMPATH\CodeIgniter.php(340): CodeIgniter\CodeIgniter->handleRequest(null, Object(Config\Cache), false)
 9 FCPATH\index.php(67): CodeIgniter\CodeIgniter->run()
10 SYSTEMPATH\Commands\Server\rewrite.php(46): require_once('FCPATH\\index.php')
CRITICAL - 2023-04-06 13:17:13 --> Call to a member function loadHTML() on null
in APPPATH\Controllers\Impression.php on line 20.
 1 SYSTEMPATH\CodeIgniter.php(902): App\Controllers\Impression->demoPDF()
 2 SYSTEMPATH\CodeIgniter.php(457): CodeIgniter\CodeIgniter->runController(Object(App\Controllers\Impression))
 3 SYSTEMPATH\CodeIgniter.php(340): CodeIgniter\CodeIgniter->handleRequest(null, Object(Config\Cache), false)
 4 FCPATH\index.php(67): CodeIgniter\CodeIgniter->run()
 5 SYSTEMPATH\Commands\Server\rewrite.php(46): require_once('FCPATH\\index.php')
CRITICAL - 2023-04-06 13:17:15 --> Call to a member function loadHTML() on null
in APPPATH\Controllers\Impression.php on line 20.
 1 SYSTEMPATH\CodeIgniter.php(902): App\Controllers\Impression->demoPDF()
 2 SYSTEMPATH\CodeIgniter.php(457): CodeIgniter\CodeIgniter->runController(Object(App\Controllers\Impression))
 3 SYSTEMPATH\CodeIgniter.php(340): CodeIgniter\CodeIgniter->handleRequest(null, Object(Config\Cache), false)
 4 FCPATH\index.php(67): CodeIgniter\CodeIgniter->run()
 5 SYSTEMPATH\Commands\Server\rewrite.php(46): require_once('FCPATH\\index.php')
CRITICAL - 2023-04-06 13:17:16 --> Call to a member function loadHTML() on null
in APPPATH\Controllers\Impression.php on line 20.
 1 SYSTEMPATH\CodeIgniter.php(902): App\Controllers\Impression->demoPDF()
 2 SYSTEMPATH\CodeIgniter.php(457): CodeIgniter\CodeIgniter->runController(Object(App\Controllers\Impression))
 3 SYSTEMPATH\CodeIgniter.php(340): CodeIgniter\CodeIgniter->handleRequest(null, Object(Config\Cache), false)
 4 FCPATH\index.php(67): CodeIgniter\CodeIgniter->run()
 5 SYSTEMPATH\Commands\Server\rewrite.php(46): require_once('FCPATH\\index.php')
CRITICAL - 2023-04-06 13:17:23 --> Call to a member function loadHTML() on null
in APPPATH\Controllers\Impression.php on line 20.
 1 SYSTEMPATH\CodeIgniter.php(902): App\Controllers\Impression->demoPDF()
 2 SYSTEMPATH\CodeIgniter.php(457): CodeIgniter\CodeIgniter->runController(Object(App\Controllers\Impression))
 3 SYSTEMPATH\CodeIgniter.php(340): CodeIgniter\CodeIgniter->handleRequest(null, Object(Config\Cache), false)
 4 FCPATH\index.php(67): CodeIgniter\CodeIgniter->run()
 5 SYSTEMPATH\Commands\Server\rewrite.php(46): require_once('FCPATH\\index.php')
CRITICAL - 2023-04-06 13:17:26 --> Call to a member function loadHTML() on null
in APPPATH\Controllers\Impression.php on line 20.
 1 SYSTEMPATH\CodeIgniter.php(902): App\Controllers\Impression->demoPDF()
 2 SYSTEMPATH\CodeIgniter.php(457): CodeIgniter\CodeIgniter->runController(Object(App\Controllers\Impression))
 3 SYSTEMPATH\CodeIgniter.php(340): CodeIgniter\CodeIgniter->handleRequest(null, Object(Config\Cache), false)
 4 FCPATH\index.php(67): CodeIgniter\CodeIgniter->run()
 5 SYSTEMPATH\Commands\Server\rewrite.php(46): require_once('FCPATH\\index.php')
CRITICAL - 2023-04-06 13:18:42 --> Call to a member function loadHTML() on null
in APPPATH\Controllers\Impression.php on line 20.
 1 SYSTEMPATH\CodeIgniter.php(902): App\Controllers\Impression->demoPDF()
 2 SYSTEMPATH\CodeIgniter.php(457): CodeIgniter\CodeIgniter->runController(Object(App\Controllers\Impression))
 3 SYSTEMPATH\CodeIgniter.php(340): CodeIgniter\CodeIgniter->handleRequest(null, Object(Config\Cache), false)
 4 FCPATH\index.php(67): CodeIgniter\CodeIgniter->run()
 5 SYSTEMPATH\Commands\Server\rewrite.php(46): require_once('FCPATH\\index.php')
CRITICAL - 2023-04-06 13:18:43 --> Call to a member function loadHTML() on null
in APPPATH\Controllers\Impression.php on line 20.
 1 SYSTEMPATH\CodeIgniter.php(902): App\Controllers\Impression->demoPDF()
 2 SYSTEMPATH\CodeIgniter.php(457): CodeIgniter\CodeIgniter->runController(Object(App\Controllers\Impression))
 3 SYSTEMPATH\CodeIgniter.php(340): CodeIgniter\CodeIgniter->handleRequest(null, Object(Config\Cache), false)
 4 FCPATH\index.php(67): CodeIgniter\CodeIgniter->run()
 5 SYSTEMPATH\Commands\Server\rewrite.php(46): require_once('FCPATH\\index.php')
CRITICAL - 2023-04-06 13:18:44 --> Call to a member function loadHTML() on null
in APPPATH\Controllers\Impression.php on line 20.
 1 SYSTEMPATH\CodeIgniter.php(902): App\Controllers\Impression->demoPDF()
 2 SYSTEMPATH\CodeIgniter.php(457): CodeIgniter\CodeIgniter->runController(Object(App\Controllers\Impression))
 3 SYSTEMPATH\CodeIgniter.php(340): CodeIgniter\CodeIgniter->handleRequest(null, Object(Config\Cache), false)
 4 FCPATH\index.php(67): CodeIgniter\CodeIgniter->run()
 5 SYSTEMPATH\Commands\Server\rewrite.php(46): require_once('FCPATH\\index.php')
CRITICAL - 2023-04-06 13:18:45 --> Call to a member function loadHTML() on null
in APPPATH\Controllers\Impression.php on line 20.
 1 SYSTEMPATH\CodeIgniter.php(902): App\Controllers\Impression->demoPDF()
 2 SYSTEMPATH\CodeIgniter.php(457): CodeIgniter\CodeIgniter->runController(Object(App\Controllers\Impression))
 3 SYSTEMPATH\CodeIgniter.php(340): CodeIgniter\CodeIgniter->handleRequest(null, Object(Config\Cache), false)
 4 FCPATH\index.php(67): CodeIgniter\CodeIgniter->run()
 5 SYSTEMPATH\Commands\Server\rewrite.php(46): require_once('FCPATH\\index.php')
CRITICAL - 2023-04-06 13:18:47 --> Call to a member function loadHTML() on null
in APPPATH\Controllers\Impression.php on line 20.
 1 SYSTEMPATH\CodeIgniter.php(902): App\Controllers\Impression->demoPDF()
 2 SYSTEMPATH\CodeIgniter.php(457): CodeIgniter\CodeIgniter->runController(Object(App\Controllers\Impression))
 3 SYSTEMPATH\CodeIgniter.php(340): CodeIgniter\CodeIgniter->handleRequest(null, Object(Config\Cache), false)
 4 FCPATH\index.php(67): CodeIgniter\CodeIgniter->run()
 5 SYSTEMPATH\Commands\Server\rewrite.php(46): require_once('FCPATH\\index.php')
CRITICAL - 2023-04-06 13:26:27 --> Call to a member function loadHTML() on null
in APPPATH\Controllers\Impression.php on line 20.
 1 SYSTEMPATH\CodeIgniter.php(902): App\Controllers\Impression->demoPDF()
 2 SYSTEMPATH\CodeIgniter.php(457): CodeIgniter\CodeIgniter->runController(Object(App\Controllers\Impression))
 3 SYSTEMPATH\CodeIgniter.php(340): CodeIgniter\CodeIgniter->handleRequest(null, Object(Config\Cache), false)
 4 FCPATH\index.php(67): CodeIgniter\CodeIgniter->run()
 5 SYSTEMPATH\Commands\Server\rewrite.php(46): require_once('FCPATH\\index.php')
CRITICAL - 2023-04-06 13:44:33 --> Call to a member function loadHTML() on null
in APPPATH\Controllers\Impression.php on line 20.
 1 SYSTEMPATH\CodeIgniter.php(902): App\Controllers\Impression->demoPDF()
 2 SYSTEMPATH\CodeIgniter.php(457): CodeIgniter\CodeIgniter->runController(Object(App\Controllers\Impression))
 3 SYSTEMPATH\CodeIgniter.php(340): CodeIgniter\CodeIgniter->handleRequest(null, Object(Config\Cache), false)
 4 FCPATH\index.php(67): CodeIgniter\CodeIgniter->run()
 5 SYSTEMPATH\Commands\Server\rewrite.php(46): require_once('FCPATH\\index.php')
CRITICAL - 2023-04-06 13:44:34 --> Call to a member function loadHTML() on null
in APPPATH\Controllers\Impression.php on line 20.
 1 SYSTEMPATH\CodeIgniter.php(902): App\Controllers\Impression->demoPDF()
 2 SYSTEMPATH\CodeIgniter.php(457): CodeIgniter\CodeIgniter->runController(Object(App\Controllers\Impression))
 3 SYSTEMPATH\CodeIgniter.php(340): CodeIgniter\CodeIgniter->handleRequest(null, Object(Config\Cache), false)
 4 FCPATH\index.php(67): CodeIgniter\CodeIgniter->run()
 5 SYSTEMPATH\Commands\Server\rewrite.php(46): require_once('FCPATH\\index.php')
CRITICAL - 2023-04-06 13:44:34 --> Call to a member function loadHTML() on null
in APPPATH\Controllers\Impression.php on line 20.
 1 SYSTEMPATH\CodeIgniter.php(902): App\Controllers\Impression->demoPDF()
 2 SYSTEMPATH\CodeIgniter.php(457): CodeIgniter\CodeIgniter->runController(Object(App\Controllers\Impression))
 3 SYSTEMPATH\CodeIgniter.php(340): CodeIgniter\CodeIgniter->handleRequest(null, Object(Config\Cache), false)
 4 FCPATH\index.php(67): CodeIgniter\CodeIgniter->run()
 5 SYSTEMPATH\Commands\Server\rewrite.php(46): require_once('FCPATH\\index.php')
CRITICAL - 2023-04-06 13:44:35 --> Call to a member function loadHTML() on null
in APPPATH\Controllers\Impression.php on line 20.
 1 SYSTEMPATH\CodeIgniter.php(902): App\Controllers\Impression->demoPDF()
 2 SYSTEMPATH\CodeIgniter.php(457): CodeIgniter\CodeIgniter->runController(Object(App\Controllers\Impression))
 3 SYSTEMPATH\CodeIgniter.php(340): CodeIgniter\CodeIgniter->handleRequest(null, Object(Config\Cache), false)
 4 FCPATH\index.php(67): CodeIgniter\CodeIgniter->run()
 5 SYSTEMPATH\Commands\Server\rewrite.php(46): require_once('FCPATH\\index.php')
CRITICAL - 2023-04-06 13:44:35 --> Call to a member function loadHTML() on null
in APPPATH\Controllers\Impression.php on line 20.
 1 SYSTEMPATH\CodeIgniter.php(902): App\Controllers\Impression->demoPDF()
 2 SYSTEMPATH\CodeIgniter.php(457): CodeIgniter\CodeIgniter->runController(Object(App\Controllers\Impression))
 3 SYSTEMPATH\CodeIgniter.php(340): CodeIgniter\CodeIgniter->handleRequest(null, Object(Config\Cache), false)
 4 FCPATH\index.php(67): CodeIgniter\CodeIgniter->run()
 5 SYSTEMPATH\Commands\Server\rewrite.php(46): require_once('FCPATH\\index.php')
CRITICAL - 2023-04-06 13:45:02 --> Call to a member function loadHTML() on null
in APPPATH\Controllers\Impression.php on line 20.
 1 SYSTEMPATH\CodeIgniter.php(902): App\Controllers\Impression->demoPDF()
 2 SYSTEMPATH\CodeIgniter.php(457): CodeIgniter\CodeIgniter->runController(Object(App\Controllers\Impression))
 3 SYSTEMPATH\CodeIgniter.php(340): CodeIgniter\CodeIgniter->handleRequest(null, Object(Config\Cache), false)
 4 FCPATH\index.php(67): CodeIgniter\CodeIgniter->run()
 5 SYSTEMPATH\Commands\Server\rewrite.php(46): require_once('FCPATH\\index.php')
CRITICAL - 2023-04-06 13:47:32 --> Call to a member function loadHTML() on null
in APPPATH\Controllers\Impression.php on line 20.
 1 SYSTEMPATH\CodeIgniter.php(902): App\Controllers\Impression->demoPDF()
 2 SYSTEMPATH\CodeIgniter.php(457): CodeIgniter\CodeIgniter->runController(Object(App\Controllers\Impression))
 3 SYSTEMPATH\CodeIgniter.php(340): CodeIgniter\CodeIgniter->handleRequest(null, Object(Config\Cache), false)
 4 FCPATH\index.php(67): CodeIgniter\CodeIgniter->run()
 5 SYSTEMPATH\Commands\Server\rewrite.php(46): require_once('FCPATH\\index.php')
