ERROR - 2023-03-01 02:35:22 --> Error connecting to the database: mysqli_sql_exception: Aucune connexion n’a pu être établie car l’ordinateur cible l’a expressément refusée.
 in E:\ProjetCodphp\AgenceLogement\system\Database\MySQLi\Connection.php:171
Stack trace:
#0 E:\ProjetCodphp\AgenceLogement\system\Database\MySQLi\Connection.php(171): mysqli->real_connect('localhost', 'root', '', 'logement', 3306, '', 0)
#1 E:\ProjetCodphp\AgenceLogement\system\Database\BaseConnection.php(382): CodeIgniter\Database\MySQLi\Connection->connect(false)
#2 E:\ProjetCodphp\AgenceLogement\system\Database\BaseConnection.php(588): CodeIgniter\Database\BaseConnection->initialize()
#3 E:\ProjetCodphp\AgenceLogement\system\Database\BaseBuilder.php(1585): CodeIgniter\Database\BaseConnection->query('SELECT *\nFROM `...', Array, false)
#4 E:\ProjetCodphp\AgenceLogement\system\Model.php(223): CodeIgniter\Database\BaseBuilder->get()
#5 E:\ProjetCodphp\AgenceLogement\system\BaseModel.php(584): CodeIgniter\Model->doFindAll(0, 0)
#6 E:\ProjetCodphp\AgenceLogement\app\Controllers\Clientcontrol.php(17): CodeIgniter\BaseModel->findAll()
#7 E:\ProjetCodphp\AgenceLogement\system\CodeIgniter.php(902): App\Controllers\Clientcontrol->test()
#8 E:\ProjetCodphp\AgenceLogement\system\CodeIgniter.php(457): CodeIgniter\CodeIgniter->runController(Object(App\Controllers\Clientcontrol))
#9 E:\ProjetCodphp\AgenceLogement\system\CodeIgniter.php(340): CodeIgniter\CodeIgniter->handleRequest(NULL, Object(Config\Cache), false)
#10 E:\ProjetCodphp\AgenceLogement\public\index.php(67): CodeIgniter\CodeIgniter->run()
#11 E:\ProjetCodphp\AgenceLogement\system\Commands\Server\rewrite.php(46): require_once('E:\\ProjetCodphp...')
#12 {main}

Next CodeIgniter\Database\Exceptions\DatabaseException: Aucune connexion n’a pu être établie car l’ordinateur cible l’a expressément refusée.
 in E:\ProjetCodphp\AgenceLogement\system\Database\MySQLi\Connection.php:215
Stack trace:
#0 E:\ProjetCodphp\AgenceLogement\system\Database\BaseConnection.php(382): CodeIgniter\Database\MySQLi\Connection->connect(false)
#1 E:\ProjetCodphp\AgenceLogement\system\Database\BaseConnection.php(588): CodeIgniter\Database\BaseConnection->initialize()
#2 E:\ProjetCodphp\AgenceLogement\system\Database\BaseBuilder.php(1585): CodeIgniter\Database\BaseConnection->query('SELECT *\nFROM `...', Array, false)
#3 E:\ProjetCodphp\AgenceLogement\system\Model.php(223): CodeIgniter\Database\BaseBuilder->get()
#4 E:\ProjetCodphp\AgenceLogement\system\BaseModel.php(584): CodeIgniter\Model->doFindAll(0, 0)
#5 E:\ProjetCodphp\AgenceLogement\app\Controllers\Clientcontrol.php(17): CodeIgniter\BaseModel->findAll()
#6 E:\ProjetCodphp\AgenceLogement\system\CodeIgniter.php(902): App\Controllers\Clientcontrol->test()
#7 E:\ProjetCodphp\AgenceLogement\system\CodeIgniter.php(457): CodeIgniter\CodeIgniter->runController(Object(App\Controllers\Clientcontrol))
#8 E:\ProjetCodphp\AgenceLogement\system\CodeIgniter.php(340): CodeIgniter\CodeIgniter->handleRequest(NULL, Object(Config\Cache), false)
#9 E:\ProjetCodphp\AgenceLogement\public\index.php(67): CodeIgniter\CodeIgniter->run()
#10 E:\ProjetCodphp\AgenceLogement\system\Commands\Server\rewrite.php(46): require_once('E:\\ProjetCodphp...')
#11 {main}
CRITICAL - 2023-03-01 02:35:22 --> Unable to connect to the database.
Main connection [MySQLi]: Aucune connexion n’a pu être établie car l’ordinateur cible l’a expressément refusée.

in SYSTEMPATH\Database\BaseConnection.php on line 418.
 1 SYSTEMPATH\Database\BaseConnection.php(588): CodeIgniter\Database\BaseConnection->initialize()
 2 SYSTEMPATH\Database\BaseBuilder.php(1585): CodeIgniter\Database\BaseConnection->query('SELECT *
FROM `client`', [], false)
 3 SYSTEMPATH\Model.php(223): CodeIgniter\Database\BaseBuilder->get()
 4 SYSTEMPATH\BaseModel.php(584): CodeIgniter\Model->doFindAll(0, 0)
 5 APPPATH\Controllers\Clientcontrol.php(17): CodeIgniter\BaseModel->findAll()
 6 SYSTEMPATH\CodeIgniter.php(902): App\Controllers\Clientcontrol->test()
 7 SYSTEMPATH\CodeIgniter.php(457): CodeIgniter\CodeIgniter->runController(Object(App\Controllers\Clientcontrol))
 8 SYSTEMPATH\CodeIgniter.php(340): CodeIgniter\CodeIgniter->handleRequest(null, Object(Config\Cache), false)
 9 FCPATH\index.php(67): CodeIgniter\CodeIgniter->run()
10 SYSTEMPATH\Commands\Server\rewrite.php(46): require_once('FCPATH\\index.php')
ERROR - 2023-03-01 02:35:30 --> Error connecting to the database: mysqli_sql_exception: Aucune connexion n’a pu être établie car l’ordinateur cible l’a expressément refusée.
 in E:\ProjetCodphp\AgenceLogement\system\Database\MySQLi\Connection.php:171
Stack trace:
#0 E:\ProjetCodphp\AgenceLogement\system\Database\MySQLi\Connection.php(171): mysqli->real_connect('localhost', 'root', '', 'logement', 3306, '', 0)
#1 E:\ProjetCodphp\AgenceLogement\system\Database\BaseConnection.php(382): CodeIgniter\Database\MySQLi\Connection->connect(false)
#2 E:\ProjetCodphp\AgenceLogement\system\Database\BaseConnection.php(588): CodeIgniter\Database\BaseConnection->initialize()
#3 E:\ProjetCodphp\AgenceLogement\system\Database\BaseBuilder.php(1585): CodeIgniter\Database\BaseConnection->query('SELECT *\nFROM `...', Array, false)
#4 E:\ProjetCodphp\AgenceLogement\system\Model.php(223): CodeIgniter\Database\BaseBuilder->get()
#5 E:\ProjetCodphp\AgenceLogement\system\BaseModel.php(584): CodeIgniter\Model->doFindAll(0, 0)
#6 E:\ProjetCodphp\AgenceLogement\app\Controllers\Clientcontrol.php(17): CodeIgniter\BaseModel->findAll()
#7 E:\ProjetCodphp\AgenceLogement\system\CodeIgniter.php(902): App\Controllers\Clientcontrol->test()
#8 E:\ProjetCodphp\AgenceLogement\system\CodeIgniter.php(457): CodeIgniter\CodeIgniter->runController(Object(App\Controllers\Clientcontrol))
#9 E:\ProjetCodphp\AgenceLogement\system\CodeIgniter.php(340): CodeIgniter\CodeIgniter->handleRequest(NULL, Object(Config\Cache), false)
#10 E:\ProjetCodphp\AgenceLogement\public\index.php(67): CodeIgniter\CodeIgniter->run()
#11 E:\ProjetCodphp\AgenceLogement\system\Commands\Server\rewrite.php(46): require_once('E:\\ProjetCodphp...')
#12 {main}

Next CodeIgniter\Database\Exceptions\DatabaseException: Aucune connexion n’a pu être établie car l’ordinateur cible l’a expressément refusée.
 in E:\ProjetCodphp\AgenceLogement\system\Database\MySQLi\Connection.php:215
Stack trace:
#0 E:\ProjetCodphp\AgenceLogement\system\Database\BaseConnection.php(382): CodeIgniter\Database\MySQLi\Connection->connect(false)
#1 E:\ProjetCodphp\AgenceLogement\system\Database\BaseConnection.php(588): CodeIgniter\Database\BaseConnection->initialize()
#2 E:\ProjetCodphp\AgenceLogement\system\Database\BaseBuilder.php(1585): CodeIgniter\Database\BaseConnection->query('SELECT *\nFROM `...', Array, false)
#3 E:\ProjetCodphp\AgenceLogement\system\Model.php(223): CodeIgniter\Database\BaseBuilder->get()
#4 E:\ProjetCodphp\AgenceLogement\system\BaseModel.php(584): CodeIgniter\Model->doFindAll(0, 0)
#5 E:\ProjetCodphp\AgenceLogement\app\Controllers\Clientcontrol.php(17): CodeIgniter\BaseModel->findAll()
#6 E:\ProjetCodphp\AgenceLogement\system\CodeIgniter.php(902): App\Controllers\Clientcontrol->test()
#7 E:\ProjetCodphp\AgenceLogement\system\CodeIgniter.php(457): CodeIgniter\CodeIgniter->runController(Object(App\Controllers\Clientcontrol))
#8 E:\ProjetCodphp\AgenceLogement\system\CodeIgniter.php(340): CodeIgniter\CodeIgniter->handleRequest(NULL, Object(Config\Cache), false)
#9 E:\ProjetCodphp\AgenceLogement\public\index.php(67): CodeIgniter\CodeIgniter->run()
#10 E:\ProjetCodphp\AgenceLogement\system\Commands\Server\rewrite.php(46): require_once('E:\\ProjetCodphp...')
#11 {main}
CRITICAL - 2023-03-01 02:35:30 --> Unable to connect to the database.
Main connection [MySQLi]: Aucune connexion n’a pu être établie car l’ordinateur cible l’a expressément refusée.

in SYSTEMPATH\Database\BaseConnection.php on line 418.
 1 SYSTEMPATH\Database\BaseConnection.php(588): CodeIgniter\Database\BaseConnection->initialize()
 2 SYSTEMPATH\Database\BaseBuilder.php(1585): CodeIgniter\Database\BaseConnection->query('SELECT *
FROM `client`', [], false)
 3 SYSTEMPATH\Model.php(223): CodeIgniter\Database\BaseBuilder->get()
 4 SYSTEMPATH\BaseModel.php(584): CodeIgniter\Model->doFindAll(0, 0)
 5 APPPATH\Controllers\Clientcontrol.php(17): CodeIgniter\BaseModel->findAll()
 6 SYSTEMPATH\CodeIgniter.php(902): App\Controllers\Clientcontrol->test()
 7 SYSTEMPATH\CodeIgniter.php(457): CodeIgniter\CodeIgniter->runController(Object(App\Controllers\Clientcontrol))
 8 SYSTEMPATH\CodeIgniter.php(340): CodeIgniter\CodeIgniter->handleRequest(null, Object(Config\Cache), false)
 9 FCPATH\index.php(67): CodeIgniter\CodeIgniter->run()
10 SYSTEMPATH\Commands\Server\rewrite.php(46): require_once('FCPATH\\index.php')
ERROR - 2023-03-01 02:36:13 --> Error connecting to the database: mysqli_sql_exception: Aucune connexion n’a pu être établie car l’ordinateur cible l’a expressément refusée.
 in E:\ProjetCodphp\AgenceLogement\system\Database\MySQLi\Connection.php:171
Stack trace:
#0 E:\ProjetCodphp\AgenceLogement\system\Database\MySQLi\Connection.php(171): mysqli->real_connect('localhost', 'root', '', 'logement', 3306, '', 0)
#1 E:\ProjetCodphp\AgenceLogement\system\Database\BaseConnection.php(382): CodeIgniter\Database\MySQLi\Connection->connect(false)
#2 E:\ProjetCodphp\AgenceLogement\system\Database\BaseConnection.php(588): CodeIgniter\Database\BaseConnection->initialize()
#3 E:\ProjetCodphp\AgenceLogement\system\Database\BaseBuilder.php(1585): CodeIgniter\Database\BaseConnection->query('SELECT *\nFROM `...', Array, false)
#4 E:\ProjetCodphp\AgenceLogement\system\Model.php(223): CodeIgniter\Database\BaseBuilder->get()
#5 E:\ProjetCodphp\AgenceLogement\system\BaseModel.php(584): CodeIgniter\Model->doFindAll(0, 0)
#6 E:\ProjetCodphp\AgenceLogement\app\Controllers\Clientcontrol.php(17): CodeIgniter\BaseModel->findAll()
#7 E:\ProjetCodphp\AgenceLogement\system\CodeIgniter.php(902): App\Controllers\Clientcontrol->test()
#8 E:\ProjetCodphp\AgenceLogement\system\CodeIgniter.php(457): CodeIgniter\CodeIgniter->runController(Object(App\Controllers\Clientcontrol))
#9 E:\ProjetCodphp\AgenceLogement\system\CodeIgniter.php(340): CodeIgniter\CodeIgniter->handleRequest(NULL, Object(Config\Cache), false)
#10 E:\ProjetCodphp\AgenceLogement\public\index.php(67): CodeIgniter\CodeIgniter->run()
#11 E:\ProjetCodphp\AgenceLogement\system\Commands\Server\rewrite.php(46): require_once('E:\\ProjetCodphp...')
#12 {main}

Next CodeIgniter\Database\Exceptions\DatabaseException: Aucune connexion n’a pu être établie car l’ordinateur cible l’a expressément refusée.
 in E:\ProjetCodphp\AgenceLogement\system\Database\MySQLi\Connection.php:215
Stack trace:
#0 E:\ProjetCodphp\AgenceLogement\system\Database\BaseConnection.php(382): CodeIgniter\Database\MySQLi\Connection->connect(false)
#1 E:\ProjetCodphp\AgenceLogement\system\Database\BaseConnection.php(588): CodeIgniter\Database\BaseConnection->initialize()
#2 E:\ProjetCodphp\AgenceLogement\system\Database\BaseBuilder.php(1585): CodeIgniter\Database\BaseConnection->query('SELECT *\nFROM `...', Array, false)
#3 E:\ProjetCodphp\AgenceLogement\system\Model.php(223): CodeIgniter\Database\BaseBuilder->get()
#4 E:\ProjetCodphp\AgenceLogement\system\BaseModel.php(584): CodeIgniter\Model->doFindAll(0, 0)
#5 E:\ProjetCodphp\AgenceLogement\app\Controllers\Clientcontrol.php(17): CodeIgniter\BaseModel->findAll()
#6 E:\ProjetCodphp\AgenceLogement\system\CodeIgniter.php(902): App\Controllers\Clientcontrol->test()
#7 E:\ProjetCodphp\AgenceLogement\system\CodeIgniter.php(457): CodeIgniter\CodeIgniter->runController(Object(App\Controllers\Clientcontrol))
#8 E:\ProjetCodphp\AgenceLogement\system\CodeIgniter.php(340): CodeIgniter\CodeIgniter->handleRequest(NULL, Object(Config\Cache), false)
#9 E:\ProjetCodphp\AgenceLogement\public\index.php(67): CodeIgniter\CodeIgniter->run()
#10 E:\ProjetCodphp\AgenceLogement\system\Commands\Server\rewrite.php(46): require_once('E:\\ProjetCodphp...')
#11 {main}
CRITICAL - 2023-03-01 02:36:13 --> Unable to connect to the database.
Main connection [MySQLi]: Aucune connexion n’a pu être établie car l’ordinateur cible l’a expressément refusée.

in SYSTEMPATH\Database\BaseConnection.php on line 418.
 1 SYSTEMPATH\Database\BaseConnection.php(588): CodeIgniter\Database\BaseConnection->initialize()
 2 SYSTEMPATH\Database\BaseBuilder.php(1585): CodeIgniter\Database\BaseConnection->query('SELECT *
FROM `client`', [], false)
 3 SYSTEMPATH\Model.php(223): CodeIgniter\Database\BaseBuilder->get()
 4 SYSTEMPATH\BaseModel.php(584): CodeIgniter\Model->doFindAll(0, 0)
 5 APPPATH\Controllers\Clientcontrol.php(17): CodeIgniter\BaseModel->findAll()
 6 SYSTEMPATH\CodeIgniter.php(902): App\Controllers\Clientcontrol->test()
 7 SYSTEMPATH\CodeIgniter.php(457): CodeIgniter\CodeIgniter->runController(Object(App\Controllers\Clientcontrol))
 8 SYSTEMPATH\CodeIgniter.php(340): CodeIgniter\CodeIgniter->handleRequest(null, Object(Config\Cache), false)
 9 FCPATH\index.php(67): CodeIgniter\CodeIgniter->run()
10 SYSTEMPATH\Commands\Server\rewrite.php(46): require_once('FCPATH\\index.php')
ERROR - 2023-03-01 02:36:53 --> Error connecting to the database: mysqli_sql_exception: Aucune connexion n’a pu être établie car l’ordinateur cible l’a expressément refusée.
 in E:\ProjetCodphp\AgenceLogement\system\Database\MySQLi\Connection.php:171
Stack trace:
#0 E:\ProjetCodphp\AgenceLogement\system\Database\MySQLi\Connection.php(171): mysqli->real_connect('localhost', 'root', '', 'logement', 3306, '', 0)
#1 E:\ProjetCodphp\AgenceLogement\system\Database\BaseConnection.php(382): CodeIgniter\Database\MySQLi\Connection->connect(false)
#2 E:\ProjetCodphp\AgenceLogement\system\Database\BaseConnection.php(588): CodeIgniter\Database\BaseConnection->initialize()
#3 E:\ProjetCodphp\AgenceLogement\system\Database\BaseBuilder.php(1585): CodeIgniter\Database\BaseConnection->query('SELECT *\nFROM `...', Array, false)
#4 E:\ProjetCodphp\AgenceLogement\system\Model.php(223): CodeIgniter\Database\BaseBuilder->get()
#5 E:\ProjetCodphp\AgenceLogement\system\BaseModel.php(584): CodeIgniter\Model->doFindAll(0, 0)
#6 E:\ProjetCodphp\AgenceLogement\app\Controllers\Clientcontrol.php(17): CodeIgniter\BaseModel->findAll()
#7 E:\ProjetCodphp\AgenceLogement\system\CodeIgniter.php(902): App\Controllers\Clientcontrol->test()
#8 E:\ProjetCodphp\AgenceLogement\system\CodeIgniter.php(457): CodeIgniter\CodeIgniter->runController(Object(App\Controllers\Clientcontrol))
#9 E:\ProjetCodphp\AgenceLogement\system\CodeIgniter.php(340): CodeIgniter\CodeIgniter->handleRequest(NULL, Object(Config\Cache), false)
#10 E:\ProjetCodphp\AgenceLogement\public\index.php(67): CodeIgniter\CodeIgniter->run()
#11 E:\ProjetCodphp\AgenceLogement\system\Commands\Server\rewrite.php(46): require_once('E:\\ProjetCodphp...')
#12 {main}

Next CodeIgniter\Database\Exceptions\DatabaseException: Aucune connexion n’a pu être établie car l’ordinateur cible l’a expressément refusée.
 in E:\ProjetCodphp\AgenceLogement\system\Database\MySQLi\Connection.php:215
Stack trace:
#0 E:\ProjetCodphp\AgenceLogement\system\Database\BaseConnection.php(382): CodeIgniter\Database\MySQLi\Connection->connect(false)
#1 E:\ProjetCodphp\AgenceLogement\system\Database\BaseConnection.php(588): CodeIgniter\Database\BaseConnection->initialize()
#2 E:\ProjetCodphp\AgenceLogement\system\Database\BaseBuilder.php(1585): CodeIgniter\Database\BaseConnection->query('SELECT *\nFROM `...', Array, false)
#3 E:\ProjetCodphp\AgenceLogement\system\Model.php(223): CodeIgniter\Database\BaseBuilder->get()
#4 E:\ProjetCodphp\AgenceLogement\system\BaseModel.php(584): CodeIgniter\Model->doFindAll(0, 0)
#5 E:\ProjetCodphp\AgenceLogement\app\Controllers\Clientcontrol.php(17): CodeIgniter\BaseModel->findAll()
#6 E:\ProjetCodphp\AgenceLogement\system\CodeIgniter.php(902): App\Controllers\Clientcontrol->test()
#7 E:\ProjetCodphp\AgenceLogement\system\CodeIgniter.php(457): CodeIgniter\CodeIgniter->runController(Object(App\Controllers\Clientcontrol))
#8 E:\ProjetCodphp\AgenceLogement\system\CodeIgniter.php(340): CodeIgniter\CodeIgniter->handleRequest(NULL, Object(Config\Cache), false)
#9 E:\ProjetCodphp\AgenceLogement\public\index.php(67): CodeIgniter\CodeIgniter->run()
#10 E:\ProjetCodphp\AgenceLogement\system\Commands\Server\rewrite.php(46): require_once('E:\\ProjetCodphp...')
#11 {main}
CRITICAL - 2023-03-01 02:36:53 --> Unable to connect to the database.
Main connection [MySQLi]: Aucune connexion n’a pu être établie car l’ordinateur cible l’a expressément refusée.

in SYSTEMPATH\Database\BaseConnection.php on line 418.
 1 SYSTEMPATH\Database\BaseConnection.php(588): CodeIgniter\Database\BaseConnection->initialize()
 2 SYSTEMPATH\Database\BaseBuilder.php(1585): CodeIgniter\Database\BaseConnection->query('SELECT *
FROM `client`', [], false)
 3 SYSTEMPATH\Model.php(223): CodeIgniter\Database\BaseBuilder->get()
 4 SYSTEMPATH\BaseModel.php(584): CodeIgniter\Model->doFindAll(0, 0)
 5 APPPATH\Controllers\Clientcontrol.php(17): CodeIgniter\BaseModel->findAll()
 6 SYSTEMPATH\CodeIgniter.php(902): App\Controllers\Clientcontrol->test()
 7 SYSTEMPATH\CodeIgniter.php(457): CodeIgniter\CodeIgniter->runController(Object(App\Controllers\Clientcontrol))
 8 SYSTEMPATH\CodeIgniter.php(340): CodeIgniter\CodeIgniter->handleRequest(null, Object(Config\Cache), false)
 9 FCPATH\index.php(67): CodeIgniter\CodeIgniter->run()
10 SYSTEMPATH\Commands\Server\rewrite.php(46): require_once('FCPATH\\index.php')
ERROR - 2023-03-01 02:37:02 --> Error connecting to the database: mysqli_sql_exception: Aucune connexion n’a pu être établie car l’ordinateur cible l’a expressément refusée.
 in E:\ProjetCodphp\AgenceLogement\system\Database\MySQLi\Connection.php:171
Stack trace:
#0 E:\ProjetCodphp\AgenceLogement\system\Database\MySQLi\Connection.php(171): mysqli->real_connect('localhost', 'root', '', 'logement', 3306, '', 0)
#1 E:\ProjetCodphp\AgenceLogement\system\Database\BaseConnection.php(382): CodeIgniter\Database\MySQLi\Connection->connect(false)
#2 E:\ProjetCodphp\AgenceLogement\system\Database\BaseConnection.php(588): CodeIgniter\Database\BaseConnection->initialize()
#3 E:\ProjetCodphp\AgenceLogement\system\Database\BaseBuilder.php(1585): CodeIgniter\Database\BaseConnection->query('SELECT *\nFROM `...', Array, false)
#4 E:\ProjetCodphp\AgenceLogement\system\Model.php(223): CodeIgniter\Database\BaseBuilder->get()
#5 E:\ProjetCodphp\AgenceLogement\system\BaseModel.php(584): CodeIgniter\Model->doFindAll(0, 0)
#6 E:\ProjetCodphp\AgenceLogement\app\Controllers\Clientcontrol.php(17): CodeIgniter\BaseModel->findAll()
#7 E:\ProjetCodphp\AgenceLogement\system\CodeIgniter.php(902): App\Controllers\Clientcontrol->test()
#8 E:\ProjetCodphp\AgenceLogement\system\CodeIgniter.php(457): CodeIgniter\CodeIgniter->runController(Object(App\Controllers\Clientcontrol))
#9 E:\ProjetCodphp\AgenceLogement\system\CodeIgniter.php(340): CodeIgniter\CodeIgniter->handleRequest(NULL, Object(Config\Cache), false)
#10 E:\ProjetCodphp\AgenceLogement\public\index.php(67): CodeIgniter\CodeIgniter->run()
#11 E:\ProjetCodphp\AgenceLogement\system\Commands\Server\rewrite.php(46): require_once('E:\\ProjetCodphp...')
#12 {main}

Next CodeIgniter\Database\Exceptions\DatabaseException: Aucune connexion n’a pu être établie car l’ordinateur cible l’a expressément refusée.
 in E:\ProjetCodphp\AgenceLogement\system\Database\MySQLi\Connection.php:215
Stack trace:
#0 E:\ProjetCodphp\AgenceLogement\system\Database\BaseConnection.php(382): CodeIgniter\Database\MySQLi\Connection->connect(false)
#1 E:\ProjetCodphp\AgenceLogement\system\Database\BaseConnection.php(588): CodeIgniter\Database\BaseConnection->initialize()
#2 E:\ProjetCodphp\AgenceLogement\system\Database\BaseBuilder.php(1585): CodeIgniter\Database\BaseConnection->query('SELECT *\nFROM `...', Array, false)
#3 E:\ProjetCodphp\AgenceLogement\system\Model.php(223): CodeIgniter\Database\BaseBuilder->get()
#4 E:\ProjetCodphp\AgenceLogement\system\BaseModel.php(584): CodeIgniter\Model->doFindAll(0, 0)
#5 E:\ProjetCodphp\AgenceLogement\app\Controllers\Clientcontrol.php(17): CodeIgniter\BaseModel->findAll()
#6 E:\ProjetCodphp\AgenceLogement\system\CodeIgniter.php(902): App\Controllers\Clientcontrol->test()
#7 E:\ProjetCodphp\AgenceLogement\system\CodeIgniter.php(457): CodeIgniter\CodeIgniter->runController(Object(App\Controllers\Clientcontrol))
#8 E:\ProjetCodphp\AgenceLogement\system\CodeIgniter.php(340): CodeIgniter\CodeIgniter->handleRequest(NULL, Object(Config\Cache), false)
#9 E:\ProjetCodphp\AgenceLogement\public\index.php(67): CodeIgniter\CodeIgniter->run()
#10 E:\ProjetCodphp\AgenceLogement\system\Commands\Server\rewrite.php(46): require_once('E:\\ProjetCodphp...')
#11 {main}
CRITICAL - 2023-03-01 02:37:02 --> Unable to connect to the database.
Main connection [MySQLi]: Aucune connexion n’a pu être établie car l’ordinateur cible l’a expressément refusée.

in SYSTEMPATH\Database\BaseConnection.php on line 418.
 1 SYSTEMPATH\Database\BaseConnection.php(588): CodeIgniter\Database\BaseConnection->initialize()
 2 SYSTEMPATH\Database\BaseBuilder.php(1585): CodeIgniter\Database\BaseConnection->query('SELECT *
FROM `client`', [], false)
 3 SYSTEMPATH\Model.php(223): CodeIgniter\Database\BaseBuilder->get()
 4 SYSTEMPATH\BaseModel.php(584): CodeIgniter\Model->doFindAll(0, 0)
 5 APPPATH\Controllers\Clientcontrol.php(17): CodeIgniter\BaseModel->findAll()
 6 SYSTEMPATH\CodeIgniter.php(902): App\Controllers\Clientcontrol->test()
 7 SYSTEMPATH\CodeIgniter.php(457): CodeIgniter\CodeIgniter->runController(Object(App\Controllers\Clientcontrol))
 8 SYSTEMPATH\CodeIgniter.php(340): CodeIgniter\CodeIgniter->handleRequest(null, Object(Config\Cache), false)
 9 FCPATH\index.php(67): CodeIgniter\CodeIgniter->run()
10 SYSTEMPATH\Commands\Server\rewrite.php(46): require_once('FCPATH\\index.php')
ERROR - 2023-03-01 02:37:20 --> Error connecting to the database: mysqli_sql_exception: Aucune connexion n’a pu être établie car l’ordinateur cible l’a expressément refusée.
 in E:\ProjetCodphp\AgenceLogement\system\Database\MySQLi\Connection.php:171
Stack trace:
#0 E:\ProjetCodphp\AgenceLogement\system\Database\MySQLi\Connection.php(171): mysqli->real_connect('localhost', 'root', '', 'logement', 3306, '', 0)
#1 E:\ProjetCodphp\AgenceLogement\system\Database\BaseConnection.php(382): CodeIgniter\Database\MySQLi\Connection->connect(false)
#2 E:\ProjetCodphp\AgenceLogement\system\Database\BaseConnection.php(588): CodeIgniter\Database\BaseConnection->initialize()
#3 E:\ProjetCodphp\AgenceLogement\system\Database\BaseBuilder.php(1585): CodeIgniter\Database\BaseConnection->query('SELECT *\nFROM `...', Array, false)
#4 E:\ProjetCodphp\AgenceLogement\system\Model.php(223): CodeIgniter\Database\BaseBuilder->get()
#5 E:\ProjetCodphp\AgenceLogement\system\BaseModel.php(584): CodeIgniter\Model->doFindAll(0, 0)
#6 E:\ProjetCodphp\AgenceLogement\app\Controllers\Clientcontrol.php(17): CodeIgniter\BaseModel->findAll()
#7 E:\ProjetCodphp\AgenceLogement\system\CodeIgniter.php(902): App\Controllers\Clientcontrol->test()
#8 E:\ProjetCodphp\AgenceLogement\system\CodeIgniter.php(457): CodeIgniter\CodeIgniter->runController(Object(App\Controllers\Clientcontrol))
#9 E:\ProjetCodphp\AgenceLogement\system\CodeIgniter.php(340): CodeIgniter\CodeIgniter->handleRequest(NULL, Object(Config\Cache), false)
#10 E:\ProjetCodphp\AgenceLogement\public\index.php(67): CodeIgniter\CodeIgniter->run()
#11 E:\ProjetCodphp\AgenceLogement\system\Commands\Server\rewrite.php(46): require_once('E:\\ProjetCodphp...')
#12 {main}

Next CodeIgniter\Database\Exceptions\DatabaseException: Aucune connexion n’a pu être établie car l’ordinateur cible l’a expressément refusée.
 in E:\ProjetCodphp\AgenceLogement\system\Database\MySQLi\Connection.php:215
Stack trace:
#0 E:\ProjetCodphp\AgenceLogement\system\Database\BaseConnection.php(382): CodeIgniter\Database\MySQLi\Connection->connect(false)
#1 E:\ProjetCodphp\AgenceLogement\system\Database\BaseConnection.php(588): CodeIgniter\Database\BaseConnection->initialize()
#2 E:\ProjetCodphp\AgenceLogement\system\Database\BaseBuilder.php(1585): CodeIgniter\Database\BaseConnection->query('SELECT *\nFROM `...', Array, false)
#3 E:\ProjetCodphp\AgenceLogement\system\Model.php(223): CodeIgniter\Database\BaseBuilder->get()
#4 E:\ProjetCodphp\AgenceLogement\system\BaseModel.php(584): CodeIgniter\Model->doFindAll(0, 0)
#5 E:\ProjetCodphp\AgenceLogement\app\Controllers\Clientcontrol.php(17): CodeIgniter\BaseModel->findAll()
#6 E:\ProjetCodphp\AgenceLogement\system\CodeIgniter.php(902): App\Controllers\Clientcontrol->test()
#7 E:\ProjetCodphp\AgenceLogement\system\CodeIgniter.php(457): CodeIgniter\CodeIgniter->runController(Object(App\Controllers\Clientcontrol))
#8 E:\ProjetCodphp\AgenceLogement\system\CodeIgniter.php(340): CodeIgniter\CodeIgniter->handleRequest(NULL, Object(Config\Cache), false)
#9 E:\ProjetCodphp\AgenceLogement\public\index.php(67): CodeIgniter\CodeIgniter->run()
#10 E:\ProjetCodphp\AgenceLogement\system\Commands\Server\rewrite.php(46): require_once('E:\\ProjetCodphp...')
#11 {main}
CRITICAL - 2023-03-01 02:37:20 --> Unable to connect to the database.
Main connection [MySQLi]: Aucune connexion n’a pu être établie car l’ordinateur cible l’a expressément refusée.

in SYSTEMPATH\Database\BaseConnection.php on line 418.
 1 SYSTEMPATH\Database\BaseConnection.php(588): CodeIgniter\Database\BaseConnection->initialize()
 2 SYSTEMPATH\Database\BaseBuilder.php(1585): CodeIgniter\Database\BaseConnection->query('SELECT *
FROM `client`', [], false)
 3 SYSTEMPATH\Model.php(223): CodeIgniter\Database\BaseBuilder->get()
 4 SYSTEMPATH\BaseModel.php(584): CodeIgniter\Model->doFindAll(0, 0)
 5 APPPATH\Controllers\Clientcontrol.php(17): CodeIgniter\BaseModel->findAll()
 6 SYSTEMPATH\CodeIgniter.php(902): App\Controllers\Clientcontrol->test()
 7 SYSTEMPATH\CodeIgniter.php(457): CodeIgniter\CodeIgniter->runController(Object(App\Controllers\Clientcontrol))
 8 SYSTEMPATH\CodeIgniter.php(340): CodeIgniter\CodeIgniter->handleRequest(null, Object(Config\Cache), false)
 9 FCPATH\index.php(67): CodeIgniter\CodeIgniter->run()
10 SYSTEMPATH\Commands\Server\rewrite.php(46): require_once('FCPATH\\index.php')
