CRITICAL - 2023-02-28 01:16:46 --> mysqli_query() expects parameter 1 to be mysqli, null given
in APPPATH\Views\clients.php on line 89.
 1 [internal function]: CodeIgniter\Debug\Exceptions->errorHandler(2, 'mysqli_query() expects parameter 1 to be mysqli, null given', 'APPPATH\\Views\\clients.php', 89, [...])
 2 APPPATH\Views\clients.php(89): mysqli_query(null, 'select * from client')
 3 SYSTEMPATH\View\View.php(213): include('APPPATH\\Views\\clients.php')
 4 SYSTEMPATH\View\View.php(216): CodeIgniter\View\View->CodeIgniter\View\{closure}()
 5 SYSTEMPATH\Common.php(1142): CodeIgniter\View\View->render('clients', [], true)
 6 APPPATH\Controllers\Clientcontrol.php(11): view('clients')
 7 SYSTEMPATH\CodeIgniter.php(902): App\Controllers\Clientcontrol->test()
 8 SYSTEMPATH\CodeIgniter.php(457): CodeIgniter\CodeIgniter->runController(Object(App\Controllers\Clientcontrol))
 9 SYSTEMPATH\CodeIgniter.php(340): CodeIgniter\CodeIgniter->handleRequest(null, Object(Config\Cache), false)
10 FCPATH\index.php(67): CodeIgniter\CodeIgniter->run()
11 SYSTEMPATH\Commands\Server\rewrite.php(46): require_once('FCPATH\\index.php')
CRITICAL - 2023-02-28 01:18:28 --> mysqli_query() expects parameter 1 to be mysqli, null given
in APPPATH\Views\clients.php on line 89.
 1 [internal function]: CodeIgniter\Debug\Exceptions->errorHandler(2, 'mysqli_query() expects parameter 1 to be mysqli, null given', 'APPPATH\\Views\\clients.php', 89, [...])
 2 APPPATH\Views\clients.php(89): mysqli_query(null, 'select * from client')
 3 SYSTEMPATH\View\View.php(213): include('APPPATH\\Views\\clients.php')
 4 SYSTEMPATH\View\View.php(216): CodeIgniter\View\View->CodeIgniter\View\{closure}()
 5 SYSTEMPATH\Common.php(1142): CodeIgniter\View\View->render('clients', [], true)
 6 APPPATH\Controllers\Clientcontrol.php(11): view('clients')
 7 SYSTEMPATH\CodeIgniter.php(902): App\Controllers\Clientcontrol->test()
 8 SYSTEMPATH\CodeIgniter.php(457): CodeIgniter\CodeIgniter->runController(Object(App\Controllers\Clientcontrol))
 9 SYSTEMPATH\CodeIgniter.php(340): CodeIgniter\CodeIgniter->handleRequest(null, Object(Config\Cache), false)
10 FCPATH\index.php(67): CodeIgniter\CodeIgniter->run()
11 SYSTEMPATH\Commands\Server\rewrite.php(46): require_once('FCPATH\\index.php')
CRITICAL - 2023-02-28 01:18:30 --> mysqli_query() expects parameter 1 to be mysqli, null given
in APPPATH\Views\clients.php on line 89.
 1 [internal function]: CodeIgniter\Debug\Exceptions->errorHandler(2, 'mysqli_query() expects parameter 1 to be mysqli, null given', 'APPPATH\\Views\\clients.php', 89, [...])
 2 APPPATH\Views\clients.php(89): mysqli_query(null, 'select * from client')
 3 SYSTEMPATH\View\View.php(213): include('APPPATH\\Views\\clients.php')
 4 SYSTEMPATH\View\View.php(216): CodeIgniter\View\View->CodeIgniter\View\{closure}()
 5 SYSTEMPATH\Common.php(1142): CodeIgniter\View\View->render('clients', [], true)
 6 APPPATH\Controllers\Clientcontrol.php(11): view('clients')
 7 SYSTEMPATH\CodeIgniter.php(902): App\Controllers\Clientcontrol->test()
 8 SYSTEMPATH\CodeIgniter.php(457): CodeIgniter\CodeIgniter->runController(Object(App\Controllers\Clientcontrol))
 9 SYSTEMPATH\CodeIgniter.php(340): CodeIgniter\CodeIgniter->handleRequest(null, Object(Config\Cache), false)
10 FCPATH\index.php(67): CodeIgniter\CodeIgniter->run()
11 SYSTEMPATH\Commands\Server\rewrite.php(46): require_once('FCPATH\\index.php')
CRITICAL - 2023-02-28 01:32:05 --> Class 'App\Controllers\ClientModel' not found
in APPPATH\Controllers\Clientcontrol.php on line 26.
 1 SYSTEMPATH\CodeIgniter.php(902): App\Controllers\Clientcontrol->save()
 2 SYSTEMPATH\CodeIgniter.php(457): CodeIgniter\CodeIgniter->runController(Object(App\Controllers\Clientcontrol))
 3 SYSTEMPATH\CodeIgniter.php(340): CodeIgniter\CodeIgniter->handleRequest(null, Object(Config\Cache), false)
 4 FCPATH\index.php(67): CodeIgniter\CodeIgniter->run()
 5 SYSTEMPATH\Commands\Server\rewrite.php(46): require_once('FCPATH\\index.php')
CRITICAL - 2023-02-28 01:33:54 --> Class 'App\Controllers\ClientModel' not found
in APPPATH\Controllers\Clientcontrol.php on line 26.
 1 SYSTEMPATH\CodeIgniter.php(902): App\Controllers\Clientcontrol->save()
 2 SYSTEMPATH\CodeIgniter.php(457): CodeIgniter\CodeIgniter->runController(Object(App\Controllers\Clientcontrol))
 3 SYSTEMPATH\CodeIgniter.php(340): CodeIgniter\CodeIgniter->handleRequest(null, Object(Config\Cache), false)
 4 FCPATH\index.php(67): CodeIgniter\CodeIgniter->run()
 5 SYSTEMPATH\Commands\Server\rewrite.php(46): require_once('FCPATH\\index.php')
CRITICAL - 2023-02-28 01:36:48 --> Class 'App\Controllers\ClientModel' not found
in APPPATH\Controllers\Clientcontrol.php on line 17.
 1 SYSTEMPATH\CodeIgniter.php(902): App\Controllers\Clientcontrol->save()
 2 SYSTEMPATH\CodeIgniter.php(457): CodeIgniter\CodeIgniter->runController(Object(App\Controllers\Clientcontrol))
 3 SYSTEMPATH\CodeIgniter.php(340): CodeIgniter\CodeIgniter->handleRequest(null, Object(Config\Cache), false)
 4 FCPATH\index.php(67): CodeIgniter\CodeIgniter->run()
 5 SYSTEMPATH\Commands\Server\rewrite.php(46): require_once('FCPATH\\index.php')
CRITICAL - 2023-02-28 01:50:05 --> Too few arguments to function CodeIgniter\HTTP\RedirectResponse::to(), 0 passed in E:\ProjetCodphp\AgenceLogement\app\Controllers\Clientcontrol.php on line 27 and at least 1 expected
in SYSTEMPATH\HTTP\RedirectResponse.php on line 32.
 1 APPPATH\Controllers\Clientcontrol.php(27): CodeIgniter\HTTP\RedirectResponse->to()
 2 SYSTEMPATH\CodeIgniter.php(902): App\Controllers\Clientcontrol->save()
 3 SYSTEMPATH\CodeIgniter.php(457): CodeIgniter\CodeIgniter->runController(Object(App\Controllers\Clientcontrol))
 4 SYSTEMPATH\CodeIgniter.php(340): CodeIgniter\CodeIgniter->handleRequest(null, Object(Config\Cache), false)
 5 FCPATH\index.php(67): CodeIgniter\CodeIgniter->run()
 6 SYSTEMPATH\Commands\Server\rewrite.php(46): require_once('FCPATH\\index.php')
CRITICAL - 2023-02-28 02:08:16 --> Call to undefined function App\Controllers\test()
in APPPATH\Controllers\Clientcontrol.php on line 27.
 1 SYSTEMPATH\CodeIgniter.php(902): App\Controllers\Clientcontrol->save()
 2 SYSTEMPATH\CodeIgniter.php(457): CodeIgniter\CodeIgniter->runController(Object(App\Controllers\Clientcontrol))
 3 SYSTEMPATH\CodeIgniter.php(340): CodeIgniter\CodeIgniter->handleRequest(null, Object(Config\Cache), false)
 4 FCPATH\index.php(67): CodeIgniter\CodeIgniter->run()
 5 SYSTEMPATH\Commands\Server\rewrite.php(46): require_once('FCPATH\\index.php')
CRITICAL - 2023-02-28 03:03:41 --> Call to undefined function App\Controllers\test()
in APPPATH\Controllers\Clientcontrol.php on line 27.
 1 SYSTEMPATH\CodeIgniter.php(902): App\Controllers\Clientcontrol->save()
 2 SYSTEMPATH\CodeIgniter.php(457): CodeIgniter\CodeIgniter->runController(Object(App\Controllers\Clientcontrol))
 3 SYSTEMPATH\CodeIgniter.php(340): CodeIgniter\CodeIgniter->handleRequest(null, Object(Config\Cache), false)
 4 FCPATH\index.php(67): CodeIgniter\CodeIgniter->run()
 5 SYSTEMPATH\Commands\Server\rewrite.php(46): require_once('FCPATH\\index.php')
CRITICAL - 2023-02-28 23:48:09 --> include(/interface.php): failed to open stream: No such file or directory
in APPPATH\Views\clients.php on line 28.
 1 APPPATH\Views\clients.php(28): CodeIgniter\Debug\Exceptions->errorHandler(2, 'include(/interface.php): failed to open stream: No such file or directory', 'APPPATH\\Views\\clients.php', 28, [...])
 2 APPPATH\Views\clients.php(28): include()
 3 SYSTEMPATH\View\View.php(213): include('APPPATH\\Views\\clients.php')
 4 SYSTEMPATH\View\View.php(216): CodeIgniter\View\View->CodeIgniter\View\{closure}()
 5 SYSTEMPATH\Common.php(1142): CodeIgniter\View\View->render('clients', [], true)
 6 APPPATH\Controllers\Clientcontrol.php(18): view('clients', [...])
 7 SYSTEMPATH\CodeIgniter.php(902): App\Controllers\Clientcontrol->test()
 8 SYSTEMPATH\CodeIgniter.php(457): CodeIgniter\CodeIgniter->runController(Object(App\Controllers\Clientcontrol))
 9 SYSTEMPATH\CodeIgniter.php(340): CodeIgniter\CodeIgniter->handleRequest(null, Object(Config\Cache), false)
10 FCPATH\index.php(67): CodeIgniter\CodeIgniter->run()
11 SYSTEMPATH\Commands\Server\rewrite.php(46): require_once('FCPATH\\index.php')
CRITICAL - 2023-02-28 23:52:40 --> Invalid file: /emit.php
in SYSTEMPATH\Exceptions\FrameworkException.php on line 33.
 1 SYSTEMPATH\View\View.php(201): CodeIgniter\Exceptions\FrameworkException::forInvalidFile('/emit.php')
 2 SYSTEMPATH\Common.php(1142): CodeIgniter\View\View->render('/emit', [], true)
 3 APPPATH\Views\interface.php(45): view('/emit')
 4 SYSTEMPATH\View\View.php(213): include('APPPATH\\Views\\interface.php')
 5 SYSTEMPATH\View\View.php(216): CodeIgniter\View\View->CodeIgniter\View\{closure}()
 6 SYSTEMPATH\Common.php(1142): CodeIgniter\View\View->render('/interface.php', [], true)
 7 APPPATH\Views\clients.php(28): view('/interface.php')
 8 SYSTEMPATH\View\View.php(213): include('APPPATH\\Views\\clients.php')
 9 SYSTEMPATH\View\View.php(216): CodeIgniter\View\View->CodeIgniter\View\{closure}()
10 SYSTEMPATH\Common.php(1142): CodeIgniter\View\View->render('clients', [], true)
11 APPPATH\Controllers\Clientcontrol.php(18): view('clients', [...])
12 SYSTEMPATH\CodeIgniter.php(902): App\Controllers\Clientcontrol->test()
13 SYSTEMPATH\CodeIgniter.php(457): CodeIgniter\CodeIgniter->runController(Object(App\Controllers\Clientcontrol))
14 SYSTEMPATH\CodeIgniter.php(340): CodeIgniter\CodeIgniter->handleRequest(null, Object(Config\Cache), false)
15 FCPATH\index.php(67): CodeIgniter\CodeIgniter->run()
16 SYSTEMPATH\Commands\Server\rewrite.php(46): require_once('FCPATH\\index.php')
