CRITICAL - 2023-02-26 13:08:17 --> Class 'App\Controllers\UsersModel' not found
in APPPATH\Controllers\Userscontrol.php on line 11.
 1 SYSTEMPATH\CodeIgniter.php(902): App\Controllers\Userscontrol->test()
 2 SYSTEMPATH\CodeIgniter.php(457): CodeIgniter\CodeIgniter->runController(Object(App\Controllers\Userscontrol))
 3 SYSTEMPATH\CodeIgniter.php(340): CodeIgniter\CodeIgniter->handleRequest(null, Object(Config\Cache), false)
 4 FCPATH\index.php(67): CodeIgniter\CodeIgniter->run()
 5 SYSTEMPATH\Commands\Server\rewrite.php(46): require_once('FCPATH\\index.php')
CRITICAL - 2023-02-26 13:08:22 --> Class 'App\Controllers\UsersModel' not found
in APPPATH\Controllers\Userscontrol.php on line 11.
 1 SYSTEMPATH\CodeIgniter.php(902): App\Controllers\Userscontrol->test()
 2 SYSTEMPATH\CodeIgniter.php(457): CodeIgniter\CodeIgniter->runController(Object(App\Controllers\Userscontrol))
 3 SYSTEMPATH\CodeIgniter.php(340): CodeIgniter\CodeIgniter->handleRequest(null, Object(Config\Cache), false)
 4 FCPATH\index.php(67): CodeIgniter\CodeIgniter->run()
 5 SYSTEMPATH\Commands\Server\rewrite.php(46): require_once('FCPATH\\index.php')
CRITICAL - 2023-02-26 13:08:54 --> Class 'App\Controllers\UsersModel' not found
in APPPATH\Controllers\Userscontrol.php on line 11.
 1 SYSTEMPATH\CodeIgniter.php(902): App\Controllers\Userscontrol->test()
 2 SYSTEMPATH\CodeIgniter.php(457): CodeIgniter\CodeIgniter->runController(Object(App\Controllers\Userscontrol))
 3 SYSTEMPATH\CodeIgniter.php(340): CodeIgniter\CodeIgniter->handleRequest(null, Object(Config\Cache), false)
 4 FCPATH\index.php(67): CodeIgniter\CodeIgniter->run()
 5 SYSTEMPATH\Commands\Server\rewrite.php(46): require_once('FCPATH\\index.php')
CRITICAL - 2023-02-26 13:09:32 --> Class 'App\Controllers\UsersModel' not found
in APPPATH\Controllers\Userscontrol.php on line 11.
 1 SYSTEMPATH\CodeIgniter.php(902): App\Controllers\Userscontrol->test()
 2 SYSTEMPATH\CodeIgniter.php(457): CodeIgniter\CodeIgniter->runController(Object(App\Controllers\Userscontrol))
 3 SYSTEMPATH\CodeIgniter.php(340): CodeIgniter\CodeIgniter->handleRequest(null, Object(Config\Cache), false)
 4 FCPATH\index.php(67): CodeIgniter\CodeIgniter->run()
CRITICAL - 2023-02-26 13:09:35 --> Class 'App\Controllers\UsersModel' not found
in APPPATH\Controllers\Userscontrol.php on line 11.
 1 SYSTEMPATH\CodeIgniter.php(902): App\Controllers\Userscontrol->test()
 2 SYSTEMPATH\CodeIgniter.php(457): CodeIgniter\CodeIgniter->runController(Object(App\Controllers\Userscontrol))
 3 SYSTEMPATH\CodeIgniter.php(340): CodeIgniter\CodeIgniter->handleRequest(null, Object(Config\Cache), false)
 4 FCPATH\index.php(67): CodeIgniter\CodeIgniter->run()
CRITICAL - 2023-02-26 13:09:45 --> Class 'App\Controllers\UsersModel' not found
in APPPATH\Controllers\Userscontrol.php on line 11.
 1 SYSTEMPATH\CodeIgniter.php(902): App\Controllers\Userscontrol->test()
 2 SYSTEMPATH\CodeIgniter.php(457): CodeIgniter\CodeIgniter->runController(Object(App\Controllers\Userscontrol))
 3 SYSTEMPATH\CodeIgniter.php(340): CodeIgniter\CodeIgniter->handleRequest(null, Object(Config\Cache), false)
 4 FCPATH\index.php(67): CodeIgniter\CodeIgniter->run()
 5 SYSTEMPATH\Commands\Server\rewrite.php(46): require_once('FCPATH\\index.php')
CRITICAL - 2023-02-26 13:14:23 --> Class 'App\Controllers\UsersModel' not found
in APPPATH\Controllers\Userscontrol.php on line 11.
 1 SYSTEMPATH\CodeIgniter.php(902): App\Controllers\Userscontrol->test()
 2 SYSTEMPATH\CodeIgniter.php(457): CodeIgniter\CodeIgniter->runController(Object(App\Controllers\Userscontrol))
 3 SYSTEMPATH\CodeIgniter.php(340): CodeIgniter\CodeIgniter->handleRequest(null, Object(Config\Cache), false)
 4 FCPATH\index.php(67): CodeIgniter\CodeIgniter->run()
 5 SYSTEMPATH\Commands\Server\rewrite.php(46): require_once('FCPATH\\index.php')
